ERROR - 2016-07-13 09:01:40 - exception 'ErrorException' with message 'Undefined variable: u' in /var/www/html/App/Models/SignUp/SignupModel.php:11
Stack trace:
#0 /var/www/html/App/Models/SignUp/SignupModel.php(11): Yee\Yee::handleErrors(8, 'Undefined varia...', '/var/www/html/A...', 11, Array)
#1 /var/www/html/App/Controllers/Signup/SignupController.php(45): App\Models\SignUp\SignupModel->__construct()
#2 [internal function]: SignupController->postFunction()
#3 /var/www/html/Yee/Managers/Controller/Controller.php(22): call_user_func_array(Array, Array)
#4 [internal function]: Yee\Managers\Controller\Controller::__callStatic('___postFunction', Array)
#5 [internal function]: SignupController::___postFunction()
#6 /var/www/html/Yee/Route.php(462): call_user_func_array('SignupControlle...', Array)
#7 /var/www/html/Yee/Yee.php(1333): Yee\Route->dispatch()
#8 /var/www/html/Yee/Middleware/Flash.php(85): Yee\Yee->call()
#9 /var/www/html/Yee/Middleware/MethodOverride.php(92): Yee\Middleware\Flash->call()
#10 /var/www/html/Yee/Middleware/PrettyExceptions.php(67): Yee\Middleware\MethodOverride->call()
#11 /var/www/html/Yee/Yee.php(1278): Yee\Middleware\PrettyExceptions->call()
#12 /var/www/html/index.php(48): Yee\Yee->execute()
#13 {main}
ERROR - 2016-07-13 09:01:52 - exception 'ErrorException' with message 'Undefined variable: u' in /var/www/html/App/Models/SignUp/SignupModel.php:11
Stack trace:
#0 /var/www/html/App/Models/SignUp/SignupModel.php(11): Yee\Yee::handleErrors(8, 'Undefined varia...', '/var/www/html/A...', 11, Array)
#1 /var/www/html/App/Controllers/Signup/SignupController.php(45): App\Models\SignUp\SignupModel->__construct()
#2 [internal function]: SignupController->postFunction()
#3 /var/www/html/Yee/Managers/Controller/Controller.php(22): call_user_func_array(Array, Array)
#4 [internal function]: Yee\Managers\Controller\Controller::__callStatic('___postFunction', Array)
#5 [internal function]: SignupController::___postFunction()
#6 /var/www/html/Yee/Route.php(462): call_user_func_array('SignupControlle...', Array)
#7 /var/www/html/Yee/Yee.php(1333): Yee\Route->dispatch()
#8 /var/www/html/Yee/Middleware/Flash.php(85): Yee\Yee->call()
#9 /var/www/html/Yee/Middleware/MethodOverride.php(92): Yee\Middleware\Flash->call()
#10 /var/www/html/Yee/Middleware/PrettyExceptions.php(67): Yee\Middleware\MethodOverride->call()
#11 /var/www/html/Yee/Yee.php(1278): Yee\Middleware\PrettyExceptions->call()
#12 /var/www/html/index.php(48): Yee\Yee->execute()
#13 {main}
ERROR - 2016-07-13 09:29:26 - exception 'ErrorException' with message 'Undefined variable: u' in /var/www/html/App/Models/SignUp/SignupModel.php:11
Stack trace:
#0 /var/www/html/App/Models/SignUp/SignupModel.php(11): Yee\Yee::handleErrors(8, 'Undefined varia...', '/var/www/html/A...', 11, Array)
#1 /var/www/html/App/Controllers/Signup/SignupController.php(45): App\Models\SignUp\SignupModel->__construct()
#2 [internal function]: SignupController->postFunction()
#3 /var/www/html/Yee/Managers/Controller/Controller.php(22): call_user_func_array(Array, Array)
#4 [internal function]: Yee\Managers\Controller\Controller::__callStatic('___postFunction', Array)
#5 [internal function]: SignupController::___postFunction()
#6 /var/www/html/Yee/Route.php(462): call_user_func_array('SignupControlle...', Array)
#7 /var/www/html/Yee/Yee.php(1333): Yee\Route->dispatch()
#8 /var/www/html/Yee/Middleware/Flash.php(85): Yee\Yee->call()
#9 /var/www/html/Yee/Middleware/MethodOverride.php(92): Yee\Middleware\Flash->call()
#10 /var/www/html/Yee/Middleware/PrettyExceptions.php(67): Yee\Middleware\MethodOverride->call()
#11 /var/www/html/Yee/Yee.php(1278): Yee\Middleware\PrettyExceptions->call()
#12 /var/www/html/index.php(48): Yee\Yee->execute()
#13 {main}
ERROR - 2016-07-13 09:30:40 - exception 'ErrorException' with message 'Undefined variable: email' in /var/www/html/App/Models/SignUp/SignupModel.php:11
Stack trace:
#0 /var/www/html/App/Models/SignUp/SignupModel.php(11): Yee\Yee::handleErrors(8, 'Undefined varia...', '/var/www/html/A...', 11, Array)
#1 /var/www/html/App/Controllers/Signup/SignupController.php(45): App\Models\SignUp\SignupModel->__construct()
#2 [internal function]: SignupController->postFunction()
#3 /var/www/html/Yee/Managers/Controller/Controller.php(22): call_user_func_array(Array, Array)
#4 [internal function]: Yee\Managers\Controller\Controller::__callStatic('___postFunction', Array)
#5 [internal function]: SignupController::___postFunction()
#6 /var/www/html/Yee/Route.php(462): call_user_func_array('SignupControlle...', Array)
#7 /var/www/html/Yee/Yee.php(1333): Yee\Route->dispatch()
#8 /var/www/html/Yee/Middleware/Flash.php(85): Yee\Yee->call()
#9 /var/www/html/Yee/Middleware/MethodOverride.php(92): Yee\Middleware\Flash->call()
#10 /var/www/html/Yee/Middleware/PrettyExceptions.php(67): Yee\Middleware\MethodOverride->call()
#11 /var/www/html/Yee/Yee.php(1278): Yee\Middleware\PrettyExceptions->call()
#12 /var/www/html/index.php(48): Yee\Yee->execute()
#13 {main}
ERROR - 2016-07-13 09:30:54 - exception 'ErrorException' with message 'Undefined variable: email' in /var/www/html/App/Models/SignUp/SignupModel.php:11
Stack trace:
#0 /var/www/html/App/Models/SignUp/SignupModel.php(11): Yee\Yee::handleErrors(8, 'Undefined varia...', '/var/www/html/A...', 11, Array)
#1 /var/www/html/App/Controllers/Signup/SignupController.php(45): App\Models\SignUp\SignupModel->__construct()
#2 [internal function]: SignupController->postFunction()
#3 /var/www/html/Yee/Managers/Controller/Controller.php(22): call_user_func_array(Array, Array)
#4 [internal function]: Yee\Managers\Controller\Controller::__callStatic('___postFunction', Array)
#5 [internal function]: SignupController::___postFunction()
#6 /var/www/html/Yee/Route.php(462): call_user_func_array('SignupControlle...', Array)
#7 /var/www/html/Yee/Yee.php(1333): Yee\Route->dispatch()
#8 /var/www/html/Yee/Middleware/Flash.php(85): Yee\Yee->call()
#9 /var/www/html/Yee/Middleware/MethodOverride.php(92): Yee\Middleware\Flash->call()
#10 /var/www/html/Yee/Middleware/PrettyExceptions.php(67): Yee\Middleware\MethodOverride->call()
#11 /var/www/html/Yee/Yee.php(1278): Yee\Middleware\PrettyExceptions->call()
#12 /var/www/html/index.php(48): Yee\Yee->execute()
#13 {main}
ERROR - 2016-07-13 09:31:39 - exception 'ErrorException' with message 'Undefined variable: email' in /var/www/html/App/Models/SignUp/SignupModel.php:11
Stack trace:
#0 /var/www/html/App/Models/SignUp/SignupModel.php(11): Yee\Yee::handleErrors(8, 'Undefined varia...', '/var/www/html/A...', 11, Array)
#1 /var/www/html/App/Controllers/Signup/SignupController.php(45): App\Models\SignUp\SignupModel->__construct()
#2 [internal function]: SignupController->postFunction()
#3 /var/www/html/Yee/Managers/Controller/Controller.php(22): call_user_func_array(Array, Array)
#4 [internal function]: Yee\Managers\Controller\Controller::__callStatic('___postFunction', Array)
#5 [internal function]: SignupController::___postFunction()
#6 /var/www/html/Yee/Route.php(462): call_user_func_array('SignupControlle...', Array)
#7 /var/www/html/Yee/Yee.php(1333): Yee\Route->dispatch()
#8 /var/www/html/Yee/Middleware/Flash.php(85): Yee\Yee->call()
#9 /var/www/html/Yee/Middleware/MethodOverride.php(92): Yee\Middleware\Flash->call()
#10 /var/www/html/Yee/Middleware/PrettyExceptions.php(67): Yee\Middleware\MethodOverride->call()
#11 /var/www/html/Yee/Yee.php(1278): Yee\Middleware\PrettyExceptions->call()
#12 /var/www/html/index.php(48): Yee\Yee->execute()
#13 {main}
ERROR - 2016-07-13 09:32:24 - exception 'ErrorException' with message 'Undefined variable: username' in /var/www/html/App/Models/SignUp/SignupModel.php:11
Stack trace:
#0 /var/www/html/App/Models/SignUp/SignupModel.php(11): Yee\Yee::handleErrors(8, 'Undefined varia...', '/var/www/html/A...', 11, Array)
#1 /var/www/html/App/Controllers/Signup/SignupController.php(45): App\Models\SignUp\SignupModel->__construct()
#2 [internal function]: SignupController->postFunction()
#3 /var/www/html/Yee/Managers/Controller/Controller.php(22): call_user_func_array(Array, Array)
#4 [internal function]: Yee\Managers\Controller\Controller::__callStatic('___postFunction', Array)
#5 [internal function]: SignupController::___postFunction()
#6 /var/www/html/Yee/Route.php(462): call_user_func_array('SignupControlle...', Array)
#7 /var/www/html/Yee/Yee.php(1333): Yee\Route->dispatch()
#8 /var/www/html/Yee/Middleware/Flash.php(85): Yee\Yee->call()
#9 /var/www/html/Yee/Middleware/MethodOverride.php(92): Yee\Middleware\Flash->call()
#10 /var/www/html/Yee/Middleware/PrettyExceptions.php(67): Yee\Middleware\MethodOverride->call()
#11 /var/www/html/Yee/Yee.php(1278): Yee\Middleware\PrettyExceptions->call()
#12 /var/www/html/index.php(48): Yee\Yee->execute()
#13 {main}
ERROR - 2016-07-13 09:32:27 - exception 'ErrorException' with message 'Undefined variable: username' in /var/www/html/App/Models/SignUp/SignupModel.php:11
Stack trace:
#0 /var/www/html/App/Models/SignUp/SignupModel.php(11): Yee\Yee::handleErrors(8, 'Undefined varia...', '/var/www/html/A...', 11, Array)
#1 /var/www/html/App/Controllers/Signup/SignupController.php(45): App\Models\SignUp\SignupModel->__construct()
#2 [internal function]: SignupController->postFunction()
#3 /var/www/html/Yee/Managers/Controller/Controller.php(22): call_user_func_array(Array, Array)
#4 [internal function]: Yee\Managers\Controller\Controller::__callStatic('___postFunction', Array)
#5 [internal function]: SignupController::___postFunction()
#6 /var/www/html/Yee/Route.php(462): call_user_func_array('SignupControlle...', Array)
#7 /var/www/html/Yee/Yee.php(1333): Yee\Route->dispatch()
#8 /var/www/html/Yee/Middleware/Flash.php(85): Yee\Yee->call()
#9 /var/www/html/Yee/Middleware/MethodOverride.php(92): Yee\Middleware\Flash->call()
#10 /var/www/html/Yee/Middleware/PrettyExceptions.php(67): Yee\Middleware\MethodOverride->call()
#11 /var/www/html/Yee/Yee.php(1278): Yee\Middleware\PrettyExceptions->call()
#12 /var/www/html/index.php(48): Yee\Yee->execute()
#13 {main}
ERROR - 2016-07-13 09:34:31 - exception 'ErrorException' with message 'Undefined variable: username' in /var/www/html/App/Models/SignUp/SignupModel.php:11
Stack trace:
#0 /var/www/html/App/Models/SignUp/SignupModel.php(11): Yee\Yee::handleErrors(8, 'Undefined varia...', '/var/www/html/A...', 11, Array)
#1 /var/www/html/App/Controllers/Signup/SignupController.php(45): App\Models\SignUp\SignupModel->__construct()
#2 [internal function]: SignupController->postFunction()
#3 /var/www/html/Yee/Managers/Controller/Controller.php(22): call_user_func_array(Array, Array)
#4 [internal function]: Yee\Managers\Controller\Controller::__callStatic('___postFunction', Array)
#5 [internal function]: SignupController::___postFunction()
#6 /var/www/html/Yee/Route.php(462): call_user_func_array('SignupControlle...', Array)
#7 /var/www/html/Yee/Yee.php(1333): Yee\Route->dispatch()
#8 /var/www/html/Yee/Middleware/Flash.php(85): Yee\Yee->call()
#9 /var/www/html/Yee/Middleware/MethodOverride.php(92): Yee\Middleware\Flash->call()
#10 /var/www/html/Yee/Middleware/PrettyExceptions.php(67): Yee\Middleware\MethodOverride->call()
#11 /var/www/html/Yee/Yee.php(1278): Yee\Middleware\PrettyExceptions->call()
#12 /var/www/html/index.php(48): Yee\Yee->execute()
#13 {main}
ERROR - 2016-07-13 09:38:20 - exception 'ErrorException' with message 'Undefined variable: username' in /var/www/html/App/Models/SignUp/SignupModel.php:11
Stack trace:
#0 /var/www/html/App/Models/SignUp/SignupModel.php(11): Yee\Yee::handleErrors(8, 'Undefined varia...', '/var/www/html/A...', 11, Array)
#1 /var/www/html/App/Controllers/Signup/SignupController.php(45): App\Models\SignUp\SignupModel->__construct()
#2 [internal function]: SignupController->postFunction()
#3 /var/www/html/Yee/Managers/Controller/Controller.php(22): call_user_func_array(Array, Array)
#4 [internal function]: Yee\Managers\Controller\Controller::__callStatic('___postFunction', Array)
#5 [internal function]: SignupController::___postFunction()
#6 /var/www/html/Yee/Route.php(462): call_user_func_array('SignupControlle...', Array)
#7 /var/www/html/Yee/Yee.php(1333): Yee\Route->dispatch()
#8 /var/www/html/Yee/Middleware/Flash.php(85): Yee\Yee->call()
#9 /var/www/html/Yee/Middleware/MethodOverride.php(92): Yee\Middleware\Flash->call()
#10 /var/www/html/Yee/Middleware/PrettyExceptions.php(67): Yee\Middleware\MethodOverride->call()
#11 /var/www/html/Yee/Yee.php(1278): Yee\Middleware\PrettyExceptions->call()
#12 /var/www/html/index.php(48): Yee\Yee->execute()
#13 {main}
ERROR - 2016-07-13 09:41:21 - exception 'ErrorException' with message 'Undefined variable: username' in /var/www/html/App/Models/SignUp/SignupModel.php:11
Stack trace:
#0 /var/www/html/App/Models/SignUp/SignupModel.php(11): Yee\Yee::handleErrors(8, 'Undefined varia...', '/var/www/html/A...', 11, Array)
#1 /var/www/html/App/Controllers/Signup/SignupController.php(45): App\Models\SignUp\SignupModel->__construct()
#2 [internal function]: SignupController->postFunction()
#3 /var/www/html/Yee/Managers/Controller/Controller.php(22): call_user_func_array(Array, Array)
#4 [internal function]: Yee\Managers\Controller\Controller::__callStatic('___postFunction', Array)
#5 [internal function]: SignupController::___postFunction()
#6 /var/www/html/Yee/Route.php(462): call_user_func_array('SignupControlle...', Array)
#7 /var/www/html/Yee/Yee.php(1333): Yee\Route->dispatch()
#8 /var/www/html/Yee/Middleware/Flash.php(85): Yee\Yee->call()
#9 /var/www/html/Yee/Middleware/MethodOverride.php(92): Yee\Middleware\Flash->call()
#10 /var/www/html/Yee/Middleware/PrettyExceptions.php(67): Yee\Middleware\MethodOverride->call()
#11 /var/www/html/Yee/Yee.php(1278): Yee\Middleware\PrettyExceptions->call()
#12 /var/www/html/index.php(48): Yee\Yee->execute()
#13 {main}
ERROR - 2016-07-13 09:47:02 - exception 'ErrorException' with message 'Undefined variable: pwv' in /var/www/html/App/Models/SignUp/SignupModel.php:11
Stack trace:
#0 /var/www/html/App/Models/SignUp/SignupModel.php(11): Yee\Yee::handleErrors(8, 'Undefined varia...', '/var/www/html/A...', 11, Array)
#1 /var/www/html/App/Controllers/Signup/SignupController.php(45): App\Models\SignUp\SignupModel->__construct()
#2 [internal function]: SignupController->postFunction()
#3 /var/www/html/Yee/Managers/Controller/Controller.php(22): call_user_func_array(Array, Array)
#4 [internal function]: Yee\Managers\Controller\Controller::__callStatic('___postFunction', Array)
#5 [internal function]: SignupController::___postFunction()
#6 /var/www/html/Yee/Route.php(462): call_user_func_array('SignupControlle...', Array)
#7 /var/www/html/Yee/Yee.php(1333): Yee\Route->dispatch()
#8 /var/www/html/Yee/Middleware/Flash.php(85): Yee\Yee->call()
#9 /var/www/html/Yee/Middleware/MethodOverride.php(92): Yee\Middleware\Flash->call()
#10 /var/www/html/Yee/Middleware/PrettyExceptions.php(67): Yee\Middleware\MethodOverride->call()
#11 /var/www/html/Yee/Yee.php(1278): Yee\Middleware\PrettyExceptions->call()
#12 /var/www/html/index.php(48): Yee\Yee->execute()
#13 {main}
ERROR - 2016-07-13 09:54:44 - exception 'ErrorException' with message 'Missing argument 1 for App\Models\SignUp\SignupModel::__construct(), called in /var/www/html/App/Controllers/Signup/SignupController.php on line 45 and defined' in /var/www/html/App/Models/SignUp/SignupModel.php:10
Stack trace:
#0 /var/www/html/App/Models/SignUp/SignupModel.php(10): Yee\Yee::handleErrors(2, 'Missing argumen...', '/var/www/html/A...', 10, Array)
#1 /var/www/html/App/Controllers/Signup/SignupController.php(45): App\Models\SignUp\SignupModel->__construct()
#2 [internal function]: SignupController->postFunction()
#3 /var/www/html/Yee/Managers/Controller/Controller.php(22): call_user_func_array(Array, Array)
#4 [internal function]: Yee\Managers\Controller\Controller::__callStatic('___postFunction', Array)
#5 [internal function]: SignupController::___postFunction()
#6 /var/www/html/Yee/Route.php(462): call_user_func_array('SignupControlle...', Array)
#7 /var/www/html/Yee/Yee.php(1333): Yee\Route->dispatch()
#8 /var/www/html/Yee/Middleware/Flash.php(85): Yee\Yee->call()
#9 /var/www/html/Yee/Middleware/MethodOverride.php(92): Yee\Middleware\Flash->call()
#10 /var/www/html/Yee/Middleware/PrettyExceptions.php(67): Yee\Middleware\MethodOverride->call()
#11 /var/www/html/Yee/Yee.php(1278): Yee\Middleware\PrettyExceptions->call()
#12 /var/www/html/index.php(48): Yee\Yee->execute()
#13 {main}
ERROR - 2016-07-13 09:55:17 - exception 'ErrorException' with message 'Missing argument 1 for App\Models\SignUp\SignupModel::__construct(), called in /var/www/html/App/Controllers/Signup/SignupController.php on line 45 and defined' in /var/www/html/App/Models/SignUp/SignupModel.php:10
Stack trace:
#0 /var/www/html/App/Models/SignUp/SignupModel.php(10): Yee\Yee::handleErrors(2, 'Missing argumen...', '/var/www/html/A...', 10, Array)
#1 /var/www/html/App/Controllers/Signup/SignupController.php(45): App\Models\SignUp\SignupModel->__construct()
#2 [internal function]: SignupController->postFunction()
#3 /var/www/html/Yee/Managers/Controller/Controller.php(22): call_user_func_array(Array, Array)
#4 [internal function]: Yee\Managers\Controller\Controller::__callStatic('___postFunction', Array)
#5 [internal function]: SignupController::___postFunction()
#6 /var/www/html/Yee/Route.php(462): call_user_func_array('SignupControlle...', Array)
#7 /var/www/html/Yee/Yee.php(1333): Yee\Route->dispatch()
#8 /var/www/html/Yee/Middleware/Flash.php(85): Yee\Yee->call()
#9 /var/www/html/Yee/Middleware/MethodOverride.php(92): Yee\Middleware\Flash->call()
#10 /var/www/html/Yee/Middleware/PrettyExceptions.php(67): Yee\Middleware\MethodOverride->call()
#11 /var/www/html/Yee/Yee.php(1278): Yee\Middleware\PrettyExceptions->call()
#12 /var/www/html/index.php(48): Yee\Yee->execute()
#13 {main}
ERROR - 2016-07-13 09:55:41 - exception 'ErrorException' with message 'Missing argument 1 for App\Models\SignUp\SignupModel::__construct(), called in /var/www/html/App/Controllers/Signup/SignupController.php on line 45 and defined' in /var/www/html/App/Models/SignUp/SignupModel.php:11
Stack trace:
#0 /var/www/html/App/Models/SignUp/SignupModel.php(11): Yee\Yee::handleErrors(2, 'Missing argumen...', '/var/www/html/A...', 11, Array)
#1 /var/www/html/App/Controllers/Signup/SignupController.php(45): App\Models\SignUp\SignupModel->__construct()
#2 [internal function]: SignupController->postFunction()
#3 /var/www/html/Yee/Managers/Controller/Controller.php(22): call_user_func_array(Array, Array)
#4 [internal function]: Yee\Managers\Controller\Controller::__callStatic('___postFunction', Array)
#5 [internal function]: SignupController::___postFunction()
#6 /var/www/html/Yee/Route.php(462): call_user_func_array('SignupControlle...', Array)
#7 /var/www/html/Yee/Yee.php(1333): Yee\Route->dispatch()
#8 /var/www/html/Yee/Middleware/Flash.php(85): Yee\Yee->call()
#9 /var/www/html/Yee/Middleware/MethodOverride.php(92): Yee\Middleware\Flash->call()
#10 /var/www/html/Yee/Middleware/PrettyExceptions.php(67): Yee\Middleware\MethodOverride->call()
#11 /var/www/html/Yee/Yee.php(1278): Yee\Middleware\PrettyExceptions->call()
#12 /var/www/html/index.php(48): Yee\Yee->execute()
#13 {main}
ERROR - 2016-07-13 09:55:44 - exception 'ErrorException' with message 'Missing argument 1 for App\Models\SignUp\SignupModel::__construct(), called in /var/www/html/App/Controllers/Signup/SignupController.php on line 45 and defined' in /var/www/html/App/Models/SignUp/SignupModel.php:11
Stack trace:
#0 /var/www/html/App/Models/SignUp/SignupModel.php(11): Yee\Yee::handleErrors(2, 'Missing argumen...', '/var/www/html/A...', 11, Array)
#1 /var/www/html/App/Controllers/Signup/SignupController.php(45): App\Models\SignUp\SignupModel->__construct()
#2 [internal function]: SignupController->postFunction()
#3 /var/www/html/Yee/Managers/Controller/Controller.php(22): call_user_func_array(Array, Array)
#4 [internal function]: Yee\Managers\Controller\Controller::__callStatic('___postFunction', Array)
#5 [internal function]: SignupController::___postFunction()
#6 /var/www/html/Yee/Route.php(462): call_user_func_array('SignupControlle...', Array)
#7 /var/www/html/Yee/Yee.php(1333): Yee\Route->dispatch()
#8 /var/www/html/Yee/Middleware/Flash.php(85): Yee\Yee->call()
#9 /var/www/html/Yee/Middleware/MethodOverride.php(92): Yee\Middleware\Flash->call()
#10 /var/www/html/Yee/Middleware/PrettyExceptions.php(67): Yee\Middleware\MethodOverride->call()
#11 /var/www/html/Yee/Yee.php(1278): Yee\Middleware\PrettyExceptions->call()
#12 /var/www/html/index.php(48): Yee\Yee->execute()
#13 {main}
ERROR - 2016-07-13 09:57:43 - exception 'ErrorException' with message 'Missing argument 1 for App\Models\SignUp\SignupModel::__construct(), called in /var/www/html/App/Controllers/Signup/SignupController.php on line 45 and defined' in /var/www/html/App/Models/SignUp/SignupModel.php:11
Stack trace:
#0 /var/www/html/App/Models/SignUp/SignupModel.php(11): Yee\Yee::handleErrors(2, 'Missing argumen...', '/var/www/html/A...', 11, Array)
#1 /var/www/html/App/Controllers/Signup/SignupController.php(45): App\Models\SignUp\SignupModel->__construct()
#2 [internal function]: SignupController->postFunction()
#3 /var/www/html/Yee/Managers/Controller/Controller.php(22): call_user_func_array(Array, Array)
#4 [internal function]: Yee\Managers\Controller\Controller::__callStatic('___postFunction', Array)
#5 [internal function]: SignupController::___postFunction()
#6 /var/www/html/Yee/Route.php(462): call_user_func_array('SignupControlle...', Array)
#7 /var/www/html/Yee/Yee.php(1333): Yee\Route->dispatch()
#8 /var/www/html/Yee/Middleware/Flash.php(85): Yee\Yee->call()
#9 /var/www/html/Yee/Middleware/MethodOverride.php(92): Yee\Middleware\Flash->call()
#10 /var/www/html/Yee/Middleware/PrettyExceptions.php(67): Yee\Middleware\MethodOverride->call()
#11 /var/www/html/Yee/Yee.php(1278): Yee\Middleware\PrettyExceptions->call()
#12 /var/www/html/index.php(48): Yee\Yee->execute()
#13 {main}
ERROR - 2016-07-13 11:14:58 - exception 'ErrorException' with message 'Missing argument 1 for App\Models\SignUp\SignupModel::__construct(), called in /var/www/html/App/Controllers/Signup/SignupController.php on line 45 and defined' in /var/www/html/App/Models/SignUp/SignupModel.php:9
Stack trace:
#0 /var/www/html/App/Models/SignUp/SignupModel.php(9): Yee\Yee::handleErrors(2, 'Missing argumen...', '/var/www/html/A...', 9, Array)
#1 /var/www/html/App/Controllers/Signup/SignupController.php(45): App\Models\SignUp\SignupModel->__construct()
#2 [internal function]: SignupController->postFunction()
#3 /var/www/html/Yee/Managers/Controller/Controller.php(22): call_user_func_array(Array, Array)
#4 [internal function]: Yee\Managers\Controller\Controller::__callStatic('___postFunction', Array)
#5 [internal function]: SignupController::___postFunction()
#6 /var/www/html/Yee/Route.php(462): call_user_func_array('SignupControlle...', Array)
#7 /var/www/html/Yee/Yee.php(1333): Yee\Route->dispatch()
#8 /var/www/html/Yee/Middleware/Flash.php(85): Yee\Yee->call()
#9 /var/www/html/Yee/Middleware/MethodOverride.php(92): Yee\Middleware\Flash->call()
#10 /var/www/html/Yee/Middleware/PrettyExceptions.php(67): Yee\Middleware\MethodOverride->call()
#11 /var/www/html/Yee/Yee.php(1278): Yee\Middleware\PrettyExceptions->call()
#12 /var/www/html/index.php(48): Yee\Yee->execute()
#13 {main}
ERROR - 2016-07-13 11:15:24 - exception 'ErrorException' with message 'Missing argument 1 for App\Models\SignUp\SignupModel::__construct(), called in /var/www/html/App/Controllers/Signup/SignupController.php on line 45 and defined' in /var/www/html/App/Models/SignUp/SignupModel.php:9
Stack trace:
#0 /var/www/html/App/Models/SignUp/SignupModel.php(9): Yee\Yee::handleErrors(2, 'Missing argumen...', '/var/www/html/A...', 9, Array)
#1 /var/www/html/App/Controllers/Signup/SignupController.php(45): App\Models\SignUp\SignupModel->__construct()
#2 [internal function]: SignupController->postFunction()
#3 /var/www/html/Yee/Managers/Controller/Controller.php(22): call_user_func_array(Array, Array)
#4 [internal function]: Yee\Managers\Controller\Controller::__callStatic('___postFunction', Array)
#5 [internal function]: SignupController::___postFunction()
#6 /var/www/html/Yee/Route.php(462): call_user_func_array('SignupControlle...', Array)
#7 /var/www/html/Yee/Yee.php(1333): Yee\Route->dispatch()
#8 /var/www/html/Yee/Middleware/Flash.php(85): Yee\Yee->call()
#9 /var/www/html/Yee/Middleware/MethodOverride.php(92): Yee\Middleware\Flash->call()
#10 /var/www/html/Yee/Middleware/PrettyExceptions.php(67): Yee\Middleware\MethodOverride->call()
#11 /var/www/html/Yee/Yee.php(1278): Yee\Middleware\PrettyExceptions->call()
#12 /var/www/html/index.php(48): Yee\Yee->execute()
#13 {main}
ERROR - 2016-07-13 11:15:37 - exception 'ErrorException' with message 'Missing argument 1 for App\Models\SignUp\SignupModel::__construct(), called in /var/www/html/App/Controllers/Signup/SignupController.php on line 45 and defined' in /var/www/html/App/Models/SignUp/SignupModel.php:9
Stack trace:
#0 /var/www/html/App/Models/SignUp/SignupModel.php(9): Yee\Yee::handleErrors(2, 'Missing argumen...', '/var/www/html/A...', 9, Array)
#1 /var/www/html/App/Controllers/Signup/SignupController.php(45): App\Models\SignUp\SignupModel->__construct()
#2 [internal function]: SignupController->postFunction()
#3 /var/www/html/Yee/Managers/Controller/Controller.php(22): call_user_func_array(Array, Array)
#4 [internal function]: Yee\Managers\Controller\Controller::__callStatic('___postFunction', Array)
#5 [internal function]: SignupController::___postFunction()
#6 /var/www/html/Yee/Route.php(462): call_user_func_array('SignupControlle...', Array)
#7 /var/www/html/Yee/Yee.php(1333): Yee\Route->dispatch()
#8 /var/www/html/Yee/Middleware/Flash.php(85): Yee\Yee->call()
#9 /var/www/html/Yee/Middleware/MethodOverride.php(92): Yee\Middleware\Flash->call()
#10 /var/www/html/Yee/Middleware/PrettyExceptions.php(67): Yee\Middleware\MethodOverride->call()
#11 /var/www/html/Yee/Yee.php(1278): Yee\Middleware\PrettyExceptions->call()
#12 /var/www/html/index.php(48): Yee\Yee->execute()
#13 {main}
ERROR - 2016-07-13 11:18:42 - exception 'ErrorException' with message 'Missing argument 1 for App\Models\SignUp\SignupModel::__construct(), called in /var/www/html/App/Controllers/Signup/SignupController.php on line 45 and defined' in /var/www/html/App/Models/SignUp/SignupModel.php:11
Stack trace:
#0 /var/www/html/App/Models/SignUp/SignupModel.php(11): Yee\Yee::handleErrors(2, 'Missing argumen...', '/var/www/html/A...', 11, Array)
#1 /var/www/html/App/Controllers/Signup/SignupController.php(45): App\Models\SignUp\SignupModel->__construct()
#2 [internal function]: SignupController->postFunction()
#3 /var/www/html/Yee/Managers/Controller/Controller.php(22): call_user_func_array(Array, Array)
#4 [internal function]: Yee\Managers\Controller\Controller::__callStatic('___postFunction', Array)
#5 [internal function]: SignupController::___postFunction()
#6 /var/www/html/Yee/Route.php(462): call_user_func_array('SignupControlle...', Array)
#7 /var/www/html/Yee/Yee.php(1333): Yee\Route->dispatch()
#8 /var/www/html/Yee/Middleware/Flash.php(85): Yee\Yee->call()
#9 /var/www/html/Yee/Middleware/MethodOverride.php(92): Yee\Middleware\Flash->call()
#10 /var/www/html/Yee/Middleware/PrettyExceptions.php(67): Yee\Middleware\MethodOverride->call()
#11 /var/www/html/Yee/Yee.php(1278): Yee\Middleware\PrettyExceptions->call()
#12 /var/www/html/index.php(48): Yee\Yee->execute()
#13 {main}
ERROR - 2016-07-13 11:20:52 - exception 'ErrorException' with message 'Missing argument 1 for App\Models\SignUp\SignupModel::__construct(), called in /var/www/html/App/Controllers/Signup/SignupController.php on line 45 and defined' in /var/www/html/App/Models/SignUp/SignupModel.php:11
Stack trace:
#0 /var/www/html/App/Models/SignUp/SignupModel.php(11): Yee\Yee::handleErrors(2, 'Missing argumen...', '/var/www/html/A...', 11, Array)
#1 /var/www/html/App/Controllers/Signup/SignupController.php(45): App\Models\SignUp\SignupModel->__construct()
#2 [internal function]: SignupController->postFunction()
#3 /var/www/html/Yee/Managers/Controller/Controller.php(22): call_user_func_array(Array, Array)
#4 [internal function]: Yee\Managers\Controller\Controller::__callStatic('___postFunction', Array)
#5 [internal function]: SignupController::___postFunction()
#6 /var/www/html/Yee/Route.php(462): call_user_func_array('SignupControlle...', Array)
#7 /var/www/html/Yee/Yee.php(1333): Yee\Route->dispatch()
#8 /var/www/html/Yee/Middleware/Flash.php(85): Yee\Yee->call()
#9 /var/www/html/Yee/Middleware/MethodOverride.php(92): Yee\Middleware\Flash->call()
#10 /var/www/html/Yee/Middleware/PrettyExceptions.php(67): Yee\Middleware\MethodOverride->call()
#11 /var/www/html/Yee/Yee.php(1278): Yee\Middleware\PrettyExceptions->call()
#12 /var/www/html/index.php(48): Yee\Yee->execute()
#13 {main}
ERROR - 2016-07-13 11:23:50 - exception 'ErrorException' with message 'Missing argument 1 for App\Models\SignUp\SignupModel::__construct(), called in /var/www/html/App/Controllers/Signup/SignupController.php on line 45 and defined' in /var/www/html/App/Models/SignUp/SignupModel.php:11
Stack trace:
#0 /var/www/html/App/Models/SignUp/SignupModel.php(11): Yee\Yee::handleErrors(2, 'Missing argumen...', '/var/www/html/A...', 11, Array)
#1 /var/www/html/App/Controllers/Signup/SignupController.php(45): App\Models\SignUp\SignupModel->__construct()
#2 [internal function]: SignupController->postFunction()
#3 /var/www/html/Yee/Managers/Controller/Controller.php(22): call_user_func_array(Array, Array)
#4 [internal function]: Yee\Managers\Controller\Controller::__callStatic('___postFunction', Array)
#5 [internal function]: SignupController::___postFunction()
#6 /var/www/html/Yee/Route.php(462): call_user_func_array('SignupControlle...', Array)
#7 /var/www/html/Yee/Yee.php(1333): Yee\Route->dispatch()
#8 /var/www/html/Yee/Middleware/Flash.php(85): Yee\Yee->call()
#9 /var/www/html/Yee/Middleware/MethodOverride.php(92): Yee\Middleware\Flash->call()
#10 /var/www/html/Yee/Middleware/PrettyExceptions.php(67): Yee\Middleware\MethodOverride->call()
#11 /var/www/html/Yee/Yee.php(1278): Yee\Middleware\PrettyExceptions->call()
#12 /var/www/html/index.php(48): Yee\Yee->execute()
#13 {main}
ERROR - 2016-07-13 11:25:36 - exception 'ErrorException' with message 'Missing argument 1 for App\Models\SignUp\SignupModel::__construct(), called in /var/www/html/App/Controllers/Signup/SignupController.php on line 45 and defined' in /var/www/html/App/Models/SignUp/SignupModel.php:11
Stack trace:
#0 /var/www/html/App/Models/SignUp/SignupModel.php(11): Yee\Yee::handleErrors(2, 'Missing argumen...', '/var/www/html/A...', 11, Array)
#1 /var/www/html/App/Controllers/Signup/SignupController.php(45): App\Models\SignUp\SignupModel->__construct()
#2 [internal function]: SignupController->postFunction()
#3 /var/www/html/Yee/Managers/Controller/Controller.php(22): call_user_func_array(Array, Array)
#4 [internal function]: Yee\Managers\Controller\Controller::__callStatic('___postFunction', Array)
#5 [internal function]: SignupController::___postFunction()
#6 /var/www/html/Yee/Route.php(462): call_user_func_array('SignupControlle...', Array)
#7 /var/www/html/Yee/Yee.php(1333): Yee\Route->dispatch()
#8 /var/www/html/Yee/Middleware/Flash.php(85): Yee\Yee->call()
#9 /var/www/html/Yee/Middleware/MethodOverride.php(92): Yee\Middleware\Flash->call()
#10 /var/www/html/Yee/Middleware/PrettyExceptions.php(67): Yee\Middleware\MethodOverride->call()
#11 /var/www/html/Yee/Yee.php(1278): Yee\Middleware\PrettyExceptions->call()
#12 /var/www/html/index.php(48): Yee\Yee->execute()
#13 {main}
ERROR - 2016-07-13 11:26:57 - exception 'ErrorException' with message 'Missing argument 1 for App\Models\SignUp\SignupModel::__construct(), called in /var/www/html/App/Controllers/Signup/SignupController.php on line 45 and defined' in /var/www/html/App/Models/SignUp/SignupModel.php:12
Stack trace:
#0 /var/www/html/App/Models/SignUp/SignupModel.php(12): Yee\Yee::handleErrors(2, 'Missing argumen...', '/var/www/html/A...', 12, Array)
#1 /var/www/html/App/Controllers/Signup/SignupController.php(45): App\Models\SignUp\SignupModel->__construct()
#2 [internal function]: SignupController->postFunction()
#3 /var/www/html/Yee/Managers/Controller/Controller.php(22): call_user_func_array(Array, Array)
#4 [internal function]: Yee\Managers\Controller\Controller::__callStatic('___postFunction', Array)
#5 [internal function]: SignupController::___postFunction()
#6 /var/www/html/Yee/Route.php(462): call_user_func_array('SignupControlle...', Array)
#7 /var/www/html/Yee/Yee.php(1333): Yee\Route->dispatch()
#8 /var/www/html/Yee/Middleware/Flash.php(85): Yee\Yee->call()
#9 /var/www/html/Yee/Middleware/MethodOverride.php(92): Yee\Middleware\Flash->call()
#10 /var/www/html/Yee/Middleware/PrettyExceptions.php(67): Yee\Middleware\MethodOverride->call()
#11 /var/www/html/Yee/Yee.php(1278): Yee\Middleware\PrettyExceptions->call()
#12 /var/www/html/index.php(48): Yee\Yee->execute()
#13 {main}
ERROR - 2016-07-13 11:27:16 - exception 'ErrorException' with message 'Missing argument 1 for App\Models\SignUp\SignupModel::__construct(), called in /var/www/html/App/Controllers/Signup/SignupController.php on line 45 and defined' in /var/www/html/App/Models/SignUp/SignupModel.php:12
Stack trace:
#0 /var/www/html/App/Models/SignUp/SignupModel.php(12): Yee\Yee::handleErrors(2, 'Missing argumen...', '/var/www/html/A...', 12, Array)
#1 /var/www/html/App/Controllers/Signup/SignupController.php(45): App\Models\SignUp\SignupModel->__construct()
#2 [internal function]: SignupController->postFunction()
#3 /var/www/html/Yee/Managers/Controller/Controller.php(22): call_user_func_array(Array, Array)
#4 [internal function]: Yee\Managers\Controller\Controller::__callStatic('___postFunction', Array)
#5 [internal function]: SignupController::___postFunction()
#6 /var/www/html/Yee/Route.php(462): call_user_func_array('SignupControlle...', Array)
#7 /var/www/html/Yee/Yee.php(1333): Yee\Route->dispatch()
#8 /var/www/html/Yee/Middleware/Flash.php(85): Yee\Yee->call()
#9 /var/www/html/Yee/Middleware/MethodOverride.php(92): Yee\Middleware\Flash->call()
#10 /var/www/html/Yee/Middleware/PrettyExceptions.php(67): Yee\Middleware\MethodOverride->call()
#11 /var/www/html/Yee/Yee.php(1278): Yee\Middleware\PrettyExceptions->call()
#12 /var/www/html/index.php(48): Yee\Yee->execute()
#13 {main}
ERROR - 2016-07-13 11:27:18 - exception 'ErrorException' with message 'Missing argument 1 for App\Models\SignUp\SignupModel::__construct(), called in /var/www/html/App/Controllers/Signup/SignupController.php on line 45 and defined' in /var/www/html/App/Models/SignUp/SignupModel.php:12
Stack trace:
#0 /var/www/html/App/Models/SignUp/SignupModel.php(12): Yee\Yee::handleErrors(2, 'Missing argumen...', '/var/www/html/A...', 12, Array)
#1 /var/www/html/App/Controllers/Signup/SignupController.php(45): App\Models\SignUp\SignupModel->__construct()
#2 [internal function]: SignupController->postFunction()
#3 /var/www/html/Yee/Managers/Controller/Controller.php(22): call_user_func_array(Array, Array)
#4 [internal function]: Yee\Managers\Controller\Controller::__callStatic('___postFunction', Array)
#5 [internal function]: SignupController::___postFunction()
#6 /var/www/html/Yee/Route.php(462): call_user_func_array('SignupControlle...', Array)
#7 /var/www/html/Yee/Yee.php(1333): Yee\Route->dispatch()
#8 /var/www/html/Yee/Middleware/Flash.php(85): Yee\Yee->call()
#9 /var/www/html/Yee/Middleware/MethodOverride.php(92): Yee\Middleware\Flash->call()
#10 /var/www/html/Yee/Middleware/PrettyExceptions.php(67): Yee\Middleware\MethodOverride->call()
#11 /var/www/html/Yee/Yee.php(1278): Yee\Middleware\PrettyExceptions->call()
#12 /var/www/html/index.php(48): Yee\Yee->execute()
#13 {main}
ERROR - 2016-07-13 11:31:18 - exception 'ErrorException' with message 'Missing argument 1 for App\Models\SignUp\SignupModel::__construct(), called in /var/www/html/App/Controllers/Signup/SignupController.php on line 45 and defined' in /var/www/html/App/Models/SignUp/SignupModel.php:11
Stack trace:
#0 /var/www/html/App/Models/SignUp/SignupModel.php(11): Yee\Yee::handleErrors(2, 'Missing argumen...', '/var/www/html/A...', 11, Array)
#1 /var/www/html/App/Controllers/Signup/SignupController.php(45): App\Models\SignUp\SignupModel->__construct()
#2 [internal function]: SignupController->postFunction()
#3 /var/www/html/Yee/Managers/Controller/Controller.php(22): call_user_func_array(Array, Array)
#4 [internal function]: Yee\Managers\Controller\Controller::__callStatic('___postFunction', Array)
#5 [internal function]: SignupController::___postFunction()
#6 /var/www/html/Yee/Route.php(462): call_user_func_array('SignupControlle...', Array)
#7 /var/www/html/Yee/Yee.php(1333): Yee\Route->dispatch()
#8 /var/www/html/Yee/Middleware/Flash.php(85): Yee\Yee->call()
#9 /var/www/html/Yee/Middleware/MethodOverride.php(92): Yee\Middleware\Flash->call()
#10 /var/www/html/Yee/Middleware/PrettyExceptions.php(67): Yee\Middleware\MethodOverride->call()
#11 /var/www/html/Yee/Yee.php(1278): Yee\Middleware\PrettyExceptions->call()
#12 /var/www/html/index.php(48): Yee\Yee->execute()
#13 {main}
ERROR - 2016-07-13 11:32:40 - exception 'ErrorException' with message 'Missing argument 1 for App\Models\SignUp\SignupModel::__construct(), called in /var/www/html/App/Controllers/Signup/SignupController.php on line 45 and defined' in /var/www/html/App/Models/SignUp/SignupModel.php:11
Stack trace:
#0 /var/www/html/App/Models/SignUp/SignupModel.php(11): Yee\Yee::handleErrors(2, 'Missing argumen...', '/var/www/html/A...', 11, Array)
#1 /var/www/html/App/Controllers/Signup/SignupController.php(45): App\Models\SignUp\SignupModel->__construct()
#2 [internal function]: SignupController->postFunction()
#3 /var/www/html/Yee/Managers/Controller/Controller.php(22): call_user_func_array(Array, Array)
#4 [internal function]: Yee\Managers\Controller\Controller::__callStatic('___postFunction', Array)
#5 [internal function]: SignupController::___postFunction()
#6 /var/www/html/Yee/Route.php(462): call_user_func_array('SignupControlle...', Array)
#7 /var/www/html/Yee/Yee.php(1333): Yee\Route->dispatch()
#8 /var/www/html/Yee/Middleware/Flash.php(85): Yee\Yee->call()
#9 /var/www/html/Yee/Middleware/MethodOverride.php(92): Yee\Middleware\Flash->call()
#10 /var/www/html/Yee/Middleware/PrettyExceptions.php(67): Yee\Middleware\MethodOverride->call()
#11 /var/www/html/Yee/Yee.php(1278): Yee\Middleware\PrettyExceptions->call()
#12 /var/www/html/index.php(48): Yee\Yee->execute()
#13 {main}
ERROR - 2016-07-13 11:36:34 - exception 'ErrorException' with message 'Missing argument 1 for App\Models\SignUp\SignupModel::__construct(), called in /var/www/html/App/Controllers/Signup/SignupController.php on line 45 and defined' in /var/www/html/App/Models/SignUp/SignupModel.php:11
Stack trace:
#0 /var/www/html/App/Models/SignUp/SignupModel.php(11): Yee\Yee::handleErrors(2, 'Missing argumen...', '/var/www/html/A...', 11, Array)
#1 /var/www/html/App/Controllers/Signup/SignupController.php(45): App\Models\SignUp\SignupModel->__construct()
#2 [internal function]: SignupController->postFunction()
#3 /var/www/html/Yee/Managers/Controller/Controller.php(22): call_user_func_array(Array, Array)
#4 [internal function]: Yee\Managers\Controller\Controller::__callStatic('___postFunction', Array)
#5 [internal function]: SignupController::___postFunction()
#6 /var/www/html/Yee/Route.php(462): call_user_func_array('SignupControlle...', Array)
#7 /var/www/html/Yee/Yee.php(1333): Yee\Route->dispatch()
#8 /var/www/html/Yee/Middleware/Flash.php(85): Yee\Yee->call()
#9 /var/www/html/Yee/Middleware/MethodOverride.php(92): Yee\Middleware\Flash->call()
#10 /var/www/html/Yee/Middleware/PrettyExceptions.php(67): Yee\Middleware\MethodOverride->call()
#11 /var/www/html/Yee/Yee.php(1278): Yee\Middleware\PrettyExceptions->call()
#12 /var/www/html/index.php(48): Yee\Yee->execute()
#13 {main}
ERROR - 2016-07-13 11:36:43 - exception 'ErrorException' with message 'Missing argument 1 for App\Models\SignUp\SignupModel::__construct(), called in /var/www/html/App/Controllers/Signup/SignupController.php on line 45 and defined' in /var/www/html/App/Models/SignUp/SignupModel.php:11
Stack trace:
#0 /var/www/html/App/Models/SignUp/SignupModel.php(11): Yee\Yee::handleErrors(2, 'Missing argumen...', '/var/www/html/A...', 11, Array)
#1 /var/www/html/App/Controllers/Signup/SignupController.php(45): App\Models\SignUp\SignupModel->__construct()
#2 [internal function]: SignupController->postFunction()
#3 /var/www/html/Yee/Managers/Controller/Controller.php(22): call_user_func_array(Array, Array)
#4 [internal function]: Yee\Managers\Controller\Controller::__callStatic('___postFunction', Array)
#5 [internal function]: SignupController::___postFunction()
#6 /var/www/html/Yee/Route.php(462): call_user_func_array('SignupControlle...', Array)
#7 /var/www/html/Yee/Yee.php(1333): Yee\Route->dispatch()
#8 /var/www/html/Yee/Middleware/Flash.php(85): Yee\Yee->call()
#9 /var/www/html/Yee/Middleware/MethodOverride.php(92): Yee\Middleware\Flash->call()
#10 /var/www/html/Yee/Middleware/PrettyExceptions.php(67): Yee\Middleware\MethodOverride->call()
#11 /var/www/html/Yee/Yee.php(1278): Yee\Middleware\PrettyExceptions->call()
#12 /var/www/html/index.php(48): Yee\Yee->execute()
#13 {main}
ERROR - 2016-07-13 11:38:09 - exception 'ErrorException' with message 'Missing argument 1 for App\Models\SignUp\SignupModel::__construct(), called in /var/www/html/App/Controllers/Signup/SignupController.php on line 45 and defined' in /var/www/html/App/Models/SignUp/SignupModel.php:11
Stack trace:
#0 /var/www/html/App/Models/SignUp/SignupModel.php(11): Yee\Yee::handleErrors(2, 'Missing argumen...', '/var/www/html/A...', 11, Array)
#1 /var/www/html/App/Controllers/Signup/SignupController.php(45): App\Models\SignUp\SignupModel->__construct()
#2 [internal function]: SignupController->postFunction()
#3 /var/www/html/Yee/Managers/Controller/Controller.php(22): call_user_func_array(Array, Array)
#4 [internal function]: Yee\Managers\Controller\Controller::__callStatic('___postFunction', Array)
#5 [internal function]: SignupController::___postFunction()
#6 /var/www/html/Yee/Route.php(462): call_user_func_array('SignupControlle...', Array)
#7 /var/www/html/Yee/Yee.php(1333): Yee\Route->dispatch()
#8 /var/www/html/Yee/Middleware/Flash.php(85): Yee\Yee->call()
#9 /var/www/html/Yee/Middleware/MethodOverride.php(92): Yee\Middleware\Flash->call()
#10 /var/www/html/Yee/Middleware/PrettyExceptions.php(67): Yee\Middleware\MethodOverride->call()
#11 /var/www/html/Yee/Yee.php(1278): Yee\Middleware\PrettyExceptions->call()
#12 /var/www/html/index.php(48): Yee\Yee->execute()
#13 {main}
ERROR - 2016-07-13 11:40:13 - exception 'ErrorException' with message 'Missing argument 1 for App\Models\SignUp\SignupModel::__construct(), called in /var/www/html/App/Controllers/Signup/SignupController.php on line 45 and defined' in /var/www/html/App/Models/SignUp/SignupModel.php:11
Stack trace:
#0 /var/www/html/App/Models/SignUp/SignupModel.php(11): Yee\Yee::handleErrors(2, 'Missing argumen...', '/var/www/html/A...', 11, Array)
#1 /var/www/html/App/Controllers/Signup/SignupController.php(45): App\Models\SignUp\SignupModel->__construct()
#2 [internal function]: SignupController->postFunction()
#3 /var/www/html/Yee/Managers/Controller/Controller.php(22): call_user_func_array(Array, Array)
#4 [internal function]: Yee\Managers\Controller\Controller::__callStatic('___postFunction', Array)
#5 [internal function]: SignupController::___postFunction()
#6 /var/www/html/Yee/Route.php(462): call_user_func_array('SignupControlle...', Array)
#7 /var/www/html/Yee/Yee.php(1333): Yee\Route->dispatch()
#8 /var/www/html/Yee/Middleware/Flash.php(85): Yee\Yee->call()
#9 /var/www/html/Yee/Middleware/MethodOverride.php(92): Yee\Middleware\Flash->call()
#10 /var/www/html/Yee/Middleware/PrettyExceptions.php(67): Yee\Middleware\MethodOverride->call()
#11 /var/www/html/Yee/Yee.php(1278): Yee\Middleware\PrettyExceptions->call()
#12 /var/www/html/index.php(48): Yee\Yee->execute()
#13 {main}
ERROR - 2016-07-13 11:52:09 - exception 'ErrorException' with message 'Missing argument 1 for App\Models\SignUp\SignupModel::__construct(), called in /var/www/html/App/Controllers/Signup/SignupController.php on line 45 and defined' in /var/www/html/App/Models/SignUp/SignupModel.php:10
Stack trace:
#0 /var/www/html/App/Models/SignUp/SignupModel.php(10): Yee\Yee::handleErrors(2, 'Missing argumen...', '/var/www/html/A...', 10, Array)
#1 /var/www/html/App/Controllers/Signup/SignupController.php(45): App\Models\SignUp\SignupModel->__construct()
#2 [internal function]: SignupController->postFunction()
#3 /var/www/html/Yee/Managers/Controller/Controller.php(22): call_user_func_array(Array, Array)
#4 [internal function]: Yee\Managers\Controller\Controller::__callStatic('___postFunction', Array)
#5 [internal function]: SignupController::___postFunction()
#6 /var/www/html/Yee/Route.php(462): call_user_func_array('SignupControlle...', Array)
#7 /var/www/html/Yee/Yee.php(1333): Yee\Route->dispatch()
#8 /var/www/html/Yee/Middleware/Flash.php(85): Yee\Yee->call()
#9 /var/www/html/Yee/Middleware/MethodOverride.php(92): Yee\Middleware\Flash->call()
#10 /var/www/html/Yee/Middleware/PrettyExceptions.php(67): Yee\Middleware\MethodOverride->call()
#11 /var/www/html/Yee/Yee.php(1278): Yee\Middleware\PrettyExceptions->call()
#12 /var/www/html/index.php(48): Yee\Yee->execute()
#13 {main}
ERROR - 2016-07-13 12:01:07 - exception 'ErrorException' with message 'Missing argument 1 for App\Models\SignUp\SignupModel::__construct(), called in /var/www/html/App/Controllers/Signup/SignupController.php on line 44 and defined' in /var/www/html/App/Models/SignUp/SignupModel.php:10
Stack trace:
#0 /var/www/html/App/Models/SignUp/SignupModel.php(10): Yee\Yee::handleErrors(2, 'Missing argumen...', '/var/www/html/A...', 10, Array)
#1 /var/www/html/App/Controllers/Signup/SignupController.php(44): App\Models\SignUp\SignupModel->__construct()
#2 [internal function]: SignupController->postFunction()
#3 /var/www/html/Yee/Managers/Controller/Controller.php(22): call_user_func_array(Array, Array)
#4 [internal function]: Yee\Managers\Controller\Controller::__callStatic('___postFunction', Array)
#5 [internal function]: SignupController::___postFunction()
#6 /var/www/html/Yee/Route.php(462): call_user_func_array('SignupControlle...', Array)
#7 /var/www/html/Yee/Yee.php(1333): Yee\Route->dispatch()
#8 /var/www/html/Yee/Middleware/Flash.php(85): Yee\Yee->call()
#9 /var/www/html/Yee/Middleware/MethodOverride.php(92): Yee\Middleware\Flash->call()
#10 /var/www/html/Yee/Middleware/PrettyExceptions.php(67): Yee\Middleware\MethodOverride->call()
#11 /var/www/html/Yee/Yee.php(1278): Yee\Middleware\PrettyExceptions->call()
#12 /var/www/html/index.php(48): Yee\Yee->execute()
#13 {main}
ERROR - 2016-07-13 12:05:27 - exception 'ErrorException' with message 'Missing argument 1 for App\Models\SignUp\SignupModel::__construct(), called in /var/www/html/App/Controllers/Signup/SignupController.php on line 45 and defined' in /var/www/html/App/Models/SignUp/SignupModel.php:10
Stack trace:
#0 /var/www/html/App/Models/SignUp/SignupModel.php(10): Yee\Yee::handleErrors(2, 'Missing argumen...', '/var/www/html/A...', 10, Array)
#1 /var/www/html/App/Controllers/Signup/SignupController.php(45): App\Models\SignUp\SignupModel->__construct()
#2 [internal function]: SignupController->postFunction()
#3 /var/www/html/Yee/Managers/Controller/Controller.php(22): call_user_func_array(Array, Array)
#4 [internal function]: Yee\Managers\Controller\Controller::__callStatic('___postFunction', Array)
#5 [internal function]: SignupController::___postFunction()
#6 /var/www/html/Yee/Route.php(462): call_user_func_array('SignupControlle...', Array)
#7 /var/www/html/Yee/Yee.php(1333): Yee\Route->dispatch()
#8 /var/www/html/Yee/Middleware/Flash.php(85): Yee\Yee->call()
#9 /var/www/html/Yee/Middleware/MethodOverride.php(92): Yee\Middleware\Flash->call()
#10 /var/www/html/Yee/Middleware/PrettyExceptions.php(67): Yee\Middleware\MethodOverride->call()
#11 /var/www/html/Yee/Yee.php(1278): Yee\Middleware\PrettyExceptions->call()
#12 /var/www/html/index.php(48): Yee\Yee->execute()
#13 {main}
ERROR - 2016-07-13 12:06:16 - exception 'ErrorException' with message 'Missing argument 1 for App\Models\SignUp\SignupModel::__construct(), called in /var/www/html/App/Controllers/Signup/SignupController.php on line 45 and defined' in /var/www/html/App/Models/SignUp/SignupModel.php:10
Stack trace:
#0 /var/www/html/App/Models/SignUp/SignupModel.php(10): Yee\Yee::handleErrors(2, 'Missing argumen...', '/var/www/html/A...', 10, Array)
#1 /var/www/html/App/Controllers/Signup/SignupController.php(45): App\Models\SignUp\SignupModel->__construct()
#2 [internal function]: SignupController->postFunction()
#3 /var/www/html/Yee/Managers/Controller/Controller.php(22): call_user_func_array(Array, Array)
#4 [internal function]: Yee\Managers\Controller\Controller::__callStatic('___postFunction', Array)
#5 [internal function]: SignupController::___postFunction()
#6 /var/www/html/Yee/Route.php(462): call_user_func_array('SignupControlle...', Array)
#7 /var/www/html/Yee/Yee.php(1333): Yee\Route->dispatch()
#8 /var/www/html/Yee/Middleware/Flash.php(85): Yee\Yee->call()
#9 /var/www/html/Yee/Middleware/MethodOverride.php(92): Yee\Middleware\Flash->call()
#10 /var/www/html/Yee/Middleware/PrettyExceptions.php(67): Yee\Middleware\MethodOverride->call()
#11 /var/www/html/Yee/Yee.php(1278): Yee\Middleware\PrettyExceptions->call()
#12 /var/www/html/index.php(48): Yee\Yee->execute()
#13 {main}
ERROR - 2016-07-13 12:07:31 - exception 'ErrorException' with message 'Missing argument 1 for App\Models\SignUp\SignupModel::__construct(), called in /var/www/html/App/Controllers/Signup/SignupController.php on line 45 and defined' in /var/www/html/App/Models/SignUp/SignupModel.php:10
Stack trace:
#0 /var/www/html/App/Models/SignUp/SignupModel.php(10): Yee\Yee::handleErrors(2, 'Missing argumen...', '/var/www/html/A...', 10, Array)
#1 /var/www/html/App/Controllers/Signup/SignupController.php(45): App\Models\SignUp\SignupModel->__construct()
#2 [internal function]: SignupController->postFunction()
#3 /var/www/html/Yee/Managers/Controller/Controller.php(22): call_user_func_array(Array, Array)
#4 [internal function]: Yee\Managers\Controller\Controller::__callStatic('___postFunction', Array)
#5 [internal function]: SignupController::___postFunction()
#6 /var/www/html/Yee/Route.php(462): call_user_func_array('SignupControlle...', Array)
#7 /var/www/html/Yee/Yee.php(1333): Yee\Route->dispatch()
#8 /var/www/html/Yee/Middleware/Flash.php(85): Yee\Yee->call()
#9 /var/www/html/Yee/Middleware/MethodOverride.php(92): Yee\Middleware\Flash->call()
#10 /var/www/html/Yee/Middleware/PrettyExceptions.php(67): Yee\Middleware\MethodOverride->call()
#11 /var/www/html/Yee/Yee.php(1278): Yee\Middleware\PrettyExceptions->call()
#12 /var/www/html/index.php(48): Yee\Yee->execute()
#13 {main}
ERROR - 2016-07-13 12:07:34 - exception 'ErrorException' with message 'Missing argument 1 for App\Models\SignUp\SignupModel::__construct(), called in /var/www/html/App/Controllers/Signup/SignupController.php on line 45 and defined' in /var/www/html/App/Models/SignUp/SignupModel.php:10
Stack trace:
#0 /var/www/html/App/Models/SignUp/SignupModel.php(10): Yee\Yee::handleErrors(2, 'Missing argumen...', '/var/www/html/A...', 10, Array)
#1 /var/www/html/App/Controllers/Signup/SignupController.php(45): App\Models\SignUp\SignupModel->__construct()
#2 [internal function]: SignupController->postFunction()
#3 /var/www/html/Yee/Managers/Controller/Controller.php(22): call_user_func_array(Array, Array)
#4 [internal function]: Yee\Managers\Controller\Controller::__callStatic('___postFunction', Array)
#5 [internal function]: SignupController::___postFunction()
#6 /var/www/html/Yee/Route.php(462): call_user_func_array('SignupControlle...', Array)
#7 /var/www/html/Yee/Yee.php(1333): Yee\Route->dispatch()
#8 /var/www/html/Yee/Middleware/Flash.php(85): Yee\Yee->call()
#9 /var/www/html/Yee/Middleware/MethodOverride.php(92): Yee\Middleware\Flash->call()
#10 /var/www/html/Yee/Middleware/PrettyExceptions.php(67): Yee\Middleware\MethodOverride->call()
#11 /var/www/html/Yee/Yee.php(1278): Yee\Middleware\PrettyExceptions->call()
#12 /var/www/html/index.php(48): Yee\Yee->execute()
#13 {main}
ERROR - 2016-07-13 12:07:45 - exception 'ErrorException' with message 'Missing argument 1 for App\Models\SignUp\SignupModel::__construct(), called in /var/www/html/App/Controllers/Signup/SignupController.php on line 45 and defined' in /var/www/html/App/Models/SignUp/SignupModel.php:10
Stack trace:
#0 /var/www/html/App/Models/SignUp/SignupModel.php(10): Yee\Yee::handleErrors(2, 'Missing argumen...', '/var/www/html/A...', 10, Array)
#1 /var/www/html/App/Controllers/Signup/SignupController.php(45): App\Models\SignUp\SignupModel->__construct()
#2 [internal function]: SignupController->postFunction()
#3 /var/www/html/Yee/Managers/Controller/Controller.php(22): call_user_func_array(Array, Array)
#4 [internal function]: Yee\Managers\Controller\Controller::__callStatic('___postFunction', Array)
#5 [internal function]: SignupController::___postFunction()
#6 /var/www/html/Yee/Route.php(462): call_user_func_array('SignupControlle...', Array)
#7 /var/www/html/Yee/Yee.php(1333): Yee\Route->dispatch()
#8 /var/www/html/Yee/Middleware/Flash.php(85): Yee\Yee->call()
#9 /var/www/html/Yee/Middleware/MethodOverride.php(92): Yee\Middleware\Flash->call()
#10 /var/www/html/Yee/Middleware/PrettyExceptions.php(67): Yee\Middleware\MethodOverride->call()
#11 /var/www/html/Yee/Yee.php(1278): Yee\Middleware\PrettyExceptions->call()
#12 /var/www/html/index.php(48): Yee\Yee->execute()
#13 {main}
ERROR - 2016-07-13 12:09:15 - exception 'ErrorException' with message 'Missing argument 1 for App\Models\SignUp\SignupModel::__construct(), called in /var/www/html/App/Controllers/Signup/SignupController.php on line 45 and defined' in /var/www/html/App/Models/SignUp/SignupModel.php:10
Stack trace:
#0 /var/www/html/App/Models/SignUp/SignupModel.php(10): Yee\Yee::handleErrors(2, 'Missing argumen...', '/var/www/html/A...', 10, Array)
#1 /var/www/html/App/Controllers/Signup/SignupController.php(45): App\Models\SignUp\SignupModel->__construct()
#2 [internal function]: SignupController->postFunction()
#3 /var/www/html/Yee/Managers/Controller/Controller.php(22): call_user_func_array(Array, Array)
#4 [internal function]: Yee\Managers\Controller\Controller::__callStatic('___postFunction', Array)
#5 [internal function]: SignupController::___postFunction()
#6 /var/www/html/Yee/Route.php(462): call_user_func_array('SignupControlle...', Array)
#7 /var/www/html/Yee/Yee.php(1333): Yee\Route->dispatch()
#8 /var/www/html/Yee/Middleware/Flash.php(85): Yee\Yee->call()
#9 /var/www/html/Yee/Middleware/MethodOverride.php(92): Yee\Middleware\Flash->call()
#10 /var/www/html/Yee/Middleware/PrettyExceptions.php(67): Yee\Middleware\MethodOverride->call()
#11 /var/www/html/Yee/Yee.php(1278): Yee\Middleware\PrettyExceptions->call()
#12 /var/www/html/index.php(48): Yee\Yee->execute()
#13 {main}
ERROR - 2016-07-13 12:13:38 - exception 'ErrorException' with message 'Missing argument 1 for App\Models\SignUp\SignupModel::__construct(), called in /var/www/html/App/Controllers/Signup/SignupController.php on line 46 and defined' in /var/www/html/App/Models/SignUp/SignupModel.php:10
Stack trace:
#0 /var/www/html/App/Models/SignUp/SignupModel.php(10): Yee\Yee::handleErrors(2, 'Missing argumen...', '/var/www/html/A...', 10, Array)
#1 /var/www/html/App/Controllers/Signup/SignupController.php(46): App\Models\SignUp\SignupModel->__construct()
#2 [internal function]: SignupController->postFunction()
#3 /var/www/html/Yee/Managers/Controller/Controller.php(22): call_user_func_array(Array, Array)
#4 [internal function]: Yee\Managers\Controller\Controller::__callStatic('___postFunction', Array)
#5 [internal function]: SignupController::___postFunction()
#6 /var/www/html/Yee/Route.php(462): call_user_func_array('SignupControlle...', Array)
#7 /var/www/html/Yee/Yee.php(1333): Yee\Route->dispatch()
#8 /var/www/html/Yee/Middleware/Flash.php(85): Yee\Yee->call()
#9 /var/www/html/Yee/Middleware/MethodOverride.php(92): Yee\Middleware\Flash->call()
#10 /var/www/html/Yee/Middleware/PrettyExceptions.php(67): Yee\Middleware\MethodOverride->call()
#11 /var/www/html/Yee/Yee.php(1278): Yee\Middleware\PrettyExceptions->call()
#12 /var/www/html/index.php(48): Yee\Yee->execute()
#13 {main}
ERROR - 2016-07-13 12:14:50 - exception 'ErrorException' with message 'Missing argument 1 for App\Models\SignUp\SignupModel::__construct(), called in /var/www/html/App/Controllers/Signup/SignupController.php on line 46 and defined' in /var/www/html/App/Models/SignUp/SignupModel.php:10
Stack trace:
#0 /var/www/html/App/Models/SignUp/SignupModel.php(10): Yee\Yee::handleErrors(2, 'Missing argumen...', '/var/www/html/A...', 10, Array)
#1 /var/www/html/App/Controllers/Signup/SignupController.php(46): App\Models\SignUp\SignupModel->__construct()
#2 [internal function]: SignupController->postFunction()
#3 /var/www/html/Yee/Managers/Controller/Controller.php(22): call_user_func_array(Array, Array)
#4 [internal function]: Yee\Managers\Controller\Controller::__callStatic('___postFunction', Array)
#5 [internal function]: SignupController::___postFunction()
#6 /var/www/html/Yee/Route.php(462): call_user_func_array('SignupControlle...', Array)
#7 /var/www/html/Yee/Yee.php(1333): Yee\Route->dispatch()
#8 /var/www/html/Yee/Middleware/Flash.php(85): Yee\Yee->call()
#9 /var/www/html/Yee/Middleware/MethodOverride.php(92): Yee\Middleware\Flash->call()
#10 /var/www/html/Yee/Middleware/PrettyExceptions.php(67): Yee\Middleware\MethodOverride->call()
#11 /var/www/html/Yee/Yee.php(1278): Yee\Middleware\PrettyExceptions->call()
#12 /var/www/html/index.php(48): Yee\Yee->execute()
#13 {main}
ERROR - 2016-07-13 12:17:10 - exception 'ErrorException' with message 'Missing argument 1 for App\Models\SignUp\SignupModel::__construct(), called in /var/www/html/App/Controllers/Signup/SignupController.php on line 46 and defined' in /var/www/html/App/Models/SignUp/SignupModel.php:10
Stack trace:
#0 /var/www/html/App/Models/SignUp/SignupModel.php(10): Yee\Yee::handleErrors(2, 'Missing argumen...', '/var/www/html/A...', 10, Array)
#1 /var/www/html/App/Controllers/Signup/SignupController.php(46): App\Models\SignUp\SignupModel->__construct()
#2 [internal function]: SignupController->postFunction()
#3 /var/www/html/Yee/Managers/Controller/Controller.php(22): call_user_func_array(Array, Array)
#4 [internal function]: Yee\Managers\Controller\Controller::__callStatic('___postFunction', Array)
#5 [internal function]: SignupController::___postFunction()
#6 /var/www/html/Yee/Route.php(462): call_user_func_array('SignupControlle...', Array)
#7 /var/www/html/Yee/Yee.php(1333): Yee\Route->dispatch()
#8 /var/www/html/Yee/Middleware/Flash.php(85): Yee\Yee->call()
#9 /var/www/html/Yee/Middleware/MethodOverride.php(92): Yee\Middleware\Flash->call()
#10 /var/www/html/Yee/Middleware/PrettyExceptions.php(67): Yee\Middleware\MethodOverride->call()
#11 /var/www/html/Yee/Yee.php(1278): Yee\Middleware\PrettyExceptions->call()
#12 /var/www/html/index.php(48): Yee\Yee->execute()
#13 {main}
ERROR - 2016-07-13 12:19:53 - exception 'ErrorException' with message 'Missing argument 1 for App\Models\SignUp\SignupModel::__construct(), called in /var/www/html/App/Controllers/Signup/SignupController.php on line 46 and defined' in /var/www/html/App/Models/SignUp/SignupModel.php:10
Stack trace:
#0 /var/www/html/App/Models/SignUp/SignupModel.php(10): Yee\Yee::handleErrors(2, 'Missing argumen...', '/var/www/html/A...', 10, Array)
#1 /var/www/html/App/Controllers/Signup/SignupController.php(46): App\Models\SignUp\SignupModel->__construct()
#2 [internal function]: SignupController->postFunction()
#3 /var/www/html/Yee/Managers/Controller/Controller.php(22): call_user_func_array(Array, Array)
#4 [internal function]: Yee\Managers\Controller\Controller::__callStatic('___postFunction', Array)
#5 [internal function]: SignupController::___postFunction()
#6 /var/www/html/Yee/Route.php(462): call_user_func_array('SignupControlle...', Array)
#7 /var/www/html/Yee/Yee.php(1333): Yee\Route->dispatch()
#8 /var/www/html/Yee/Middleware/Flash.php(85): Yee\Yee->call()
#9 /var/www/html/Yee/Middleware/MethodOverride.php(92): Yee\Middleware\Flash->call()
#10 /var/www/html/Yee/Middleware/PrettyExceptions.php(67): Yee\Middleware\MethodOverride->call()
#11 /var/www/html/Yee/Yee.php(1278): Yee\Middleware\PrettyExceptions->call()
#12 /var/www/html/index.php(48): Yee\Yee->execute()
#13 {main}
ERROR - 2016-07-13 12:30:39 - exception 'ErrorException' with message 'Missing argument 1 for App\Models\SignUp\SignupModel::__construct(), called in /var/www/html/App/Controllers/Signup/SignupController.php on line 46 and defined' in /var/www/html/App/Models/SignUp/SignupModel.php:10
Stack trace:
#0 /var/www/html/App/Models/SignUp/SignupModel.php(10): Yee\Yee::handleErrors(2, 'Missing argumen...', '/var/www/html/A...', 10, Array)
#1 /var/www/html/App/Controllers/Signup/SignupController.php(46): App\Models\SignUp\SignupModel->__construct()
#2 [internal function]: SignupController->postFunction()
#3 /var/www/html/Yee/Managers/Controller/Controller.php(22): call_user_func_array(Array, Array)
#4 [internal function]: Yee\Managers\Controller\Controller::__callStatic('___postFunction', Array)
#5 [internal function]: SignupController::___postFunction()
#6 /var/www/html/Yee/Route.php(462): call_user_func_array('SignupControlle...', Array)
#7 /var/www/html/Yee/Yee.php(1333): Yee\Route->dispatch()
#8 /var/www/html/Yee/Middleware/Flash.php(85): Yee\Yee->call()
#9 /var/www/html/Yee/Middleware/MethodOverride.php(92): Yee\Middleware\Flash->call()
#10 /var/www/html/Yee/Middleware/PrettyExceptions.php(67): Yee\Middleware\MethodOverride->call()
#11 /var/www/html/Yee/Yee.php(1278): Yee\Middleware\PrettyExceptions->call()
#12 /var/www/html/index.php(48): Yee\Yee->execute()
#13 {main}
ERROR - 2016-07-13 12:40:10 - exception 'ErrorException' with message 'Missing argument 1 for App\Models\SignUp\SignupModel::__construct(), called in /var/www/html/App/Controllers/Signup/SignupController.php on line 46 and defined' in /var/www/html/App/Models/SignUp/SignupModel.php:10
Stack trace:
#0 /var/www/html/App/Models/SignUp/SignupModel.php(10): Yee\Yee::handleErrors(2, 'Missing argumen...', '/var/www/html/A...', 10, Array)
#1 /var/www/html/App/Controllers/Signup/SignupController.php(46): App\Models\SignUp\SignupModel->__construct()
#2 [internal function]: SignupController->postFunction()
#3 /var/www/html/Yee/Managers/Controller/Controller.php(22): call_user_func_array(Array, Array)
#4 [internal function]: Yee\Managers\Controller\Controller::__callStatic('___postFunction', Array)
#5 [internal function]: SignupController::___postFunction()
#6 /var/www/html/Yee/Route.php(462): call_user_func_array('SignupControlle...', Array)
#7 /var/www/html/Yee/Yee.php(1333): Yee\Route->dispatch()
#8 /var/www/html/Yee/Middleware/Flash.php(85): Yee\Yee->call()
#9 /var/www/html/Yee/Middleware/MethodOverride.php(92): Yee\Middleware\Flash->call()
#10 /var/www/html/Yee/Middleware/PrettyExceptions.php(67): Yee\Middleware\MethodOverride->call()
#11 /var/www/html/Yee/Yee.php(1278): Yee\Middleware\PrettyExceptions->call()
#12 /var/www/html/index.php(48): Yee\Yee->execute()
#13 {main}
ERROR - 2016-07-13 12:43:15 - exception 'ErrorException' with message 'Undefined property: Yee\Libraries\Database\MysqliDB::$getOne' in /var/www/html/App/Models/SignUp/SignupModel.php:56
Stack trace:
#0 /var/www/html/App/Models/SignUp/SignupModel.php(56): Yee\Yee::handleErrors(8, 'Undefined prope...', '/var/www/html/A...', 56, Array)
#1 /var/www/html/App/Controllers/Signup/SignupController.php(53): App\Models\SignUp\SignupModel->checkDB()
#2 [internal function]: SignupController->postFunction()
#3 /var/www/html/Yee/Managers/Controller/Controller.php(22): call_user_func_array(Array, Array)
#4 [internal function]: Yee\Managers\Controller\Controller::__callStatic('___postFunction', Array)
#5 [internal function]: SignupController::___postFunction()
#6 /var/www/html/Yee/Route.php(462): call_user_func_array('SignupControlle...', Array)
#7 /var/www/html/Yee/Yee.php(1333): Yee\Route->dispatch()
#8 /var/www/html/Yee/Middleware/Flash.php(85): Yee\Yee->call()
#9 /var/www/html/Yee/Middleware/MethodOverride.php(92): Yee\Middleware\Flash->call()
#10 /var/www/html/Yee/Middleware/PrettyExceptions.php(67): Yee\Middleware\MethodOverride->call()
#11 /var/www/html/Yee/Yee.php(1278): Yee\Middleware\PrettyExceptions->call()
#12 /var/www/html/index.php(48): Yee\Yee->execute()
#13 {main}
ERROR - 2016-07-13 12:44:25 - exception 'ErrorException' with message 'Problem preparing query (SELECT * FROM users WHERE   emailform = ?  AND emailform = ?  LIMIT 1) Unknown column 'emailform' in 'where clause'' in /var/www/html/Yee/Libraries/Database/MysqliDB.php:909
Stack trace:
#0 [internal function]: Yee\Yee::handleErrors(256, 'Problem prepari...', '/var/www/html/Y...', 909, Array)
#1 /var/www/html/Yee/Libraries/Database/MysqliDB.php(909): trigger_error('Problem prepari...', 256)
#2 /var/www/html/Yee/Libraries/Database/MysqliDB.php(648): Yee\Libraries\Database\MysqliDB->_prepareQuery()
#3 /var/www/html/Yee/Libraries/Database/MysqliDB.php(273): Yee\Libraries\Database\MysqliDB->_buildQuery(1)
#4 /var/www/html/Yee/Libraries/Database/MysqliDB.php(297): Yee\Libraries\Database\MysqliDB->get('users', 1, '*')
#5 /var/www/html/App/Models/SignUp/SignupModel.php(56): Yee\Libraries\Database\MysqliDB->getOne('users')
#6 /var/www/html/App/Controllers/Signup/SignupController.php(53): App\Models\SignUp\SignupModel->checkDB()
#7 [internal function]: SignupController->postFunction()
#8 /var/www/html/Yee/Managers/Controller/Controller.php(22): call_user_func_array(Array, Array)
#9 [internal function]: Yee\Managers\Controller\Controller::__callStatic('___postFunction', Array)
#10 [internal function]: SignupController::___postFunction()
#11 /var/www/html/Yee/Route.php(462): call_user_func_array('SignupControlle...', Array)
#12 /var/www/html/Yee/Yee.php(1333): Yee\Route->dispatch()
#13 /var/www/html/Yee/Middleware/Flash.php(85): Yee\Yee->call()
#14 /var/www/html/Yee/Middleware/MethodOverride.php(92): Yee\Middleware\Flash->call()
#15 /var/www/html/Yee/Middleware/PrettyExceptions.php(67): Yee\Middleware\MethodOverride->call()
#16 /var/www/html/Yee/Yee.php(1278): Yee\Middleware\PrettyExceptions->call()
#17 /var/www/html/index.php(48): Yee\Yee->execute()
#18 {main}
ERROR - 2016-07-13 12:44:47 - exception 'ErrorException' with message 'Problem preparing query (SELECT * FROM users WHERE   emailform = ?  AND email = ?  LIMIT 1) Unknown column 'emailform' in 'where clause'' in /var/www/html/Yee/Libraries/Database/MysqliDB.php:909
Stack trace:
#0 [internal function]: Yee\Yee::handleErrors(256, 'Problem prepari...', '/var/www/html/Y...', 909, Array)
#1 /var/www/html/Yee/Libraries/Database/MysqliDB.php(909): trigger_error('Problem prepari...', 256)
#2 /var/www/html/Yee/Libraries/Database/MysqliDB.php(648): Yee\Libraries\Database\MysqliDB->_prepareQuery()
#3 /var/www/html/Yee/Libraries/Database/MysqliDB.php(273): Yee\Libraries\Database\MysqliDB->_buildQuery(1)
#4 /var/www/html/Yee/Libraries/Database/MysqliDB.php(297): Yee\Libraries\Database\MysqliDB->get('users', 1, '*')
#5 /var/www/html/App/Models/SignUp/SignupModel.php(56): Yee\Libraries\Database\MysqliDB->getOne('users')
#6 /var/www/html/App/Controllers/Signup/SignupController.php(53): App\Models\SignUp\SignupModel->checkDB()
#7 [internal function]: SignupController->postFunction()
#8 /var/www/html/Yee/Managers/Controller/Controller.php(22): call_user_func_array(Array, Array)
#9 [internal function]: Yee\Managers\Controller\Controller::__callStatic('___postFunction', Array)
#10 [internal function]: SignupController::___postFunction()
#11 /var/www/html/Yee/Route.php(462): call_user_func_array('SignupControlle...', Array)
#12 /var/www/html/Yee/Yee.php(1333): Yee\Route->dispatch()
#13 /var/www/html/Yee/Middleware/Flash.php(85): Yee\Yee->call()
#14 /var/www/html/Yee/Middleware/MethodOverride.php(92): Yee\Middleware\Flash->call()
#15 /var/www/html/Yee/Middleware/PrettyExceptions.php(67): Yee\Middleware\MethodOverride->call()
#16 /var/www/html/Yee/Yee.php(1278): Yee\Middleware\PrettyExceptions->call()
#17 /var/www/html/index.php(48): Yee\Yee->execute()
#18 {main}
ERROR - 2016-07-13 12:44:49 - exception 'ErrorException' with message 'Problem preparing query (SELECT * FROM users WHERE   emailform = ?  AND email = ?  LIMIT 1) Unknown column 'emailform' in 'where clause'' in /var/www/html/Yee/Libraries/Database/MysqliDB.php:909
Stack trace:
#0 [internal function]: Yee\Yee::handleErrors(256, 'Problem prepari...', '/var/www/html/Y...', 909, Array)
#1 /var/www/html/Yee/Libraries/Database/MysqliDB.php(909): trigger_error('Problem prepari...', 256)
#2 /var/www/html/Yee/Libraries/Database/MysqliDB.php(648): Yee\Libraries\Database\MysqliDB->_prepareQuery()
#3 /var/www/html/Yee/Libraries/Database/MysqliDB.php(273): Yee\Libraries\Database\MysqliDB->_buildQuery(1)
#4 /var/www/html/Yee/Libraries/Database/MysqliDB.php(297): Yee\Libraries\Database\MysqliDB->get('users', 1, '*')
#5 /var/www/html/App/Models/SignUp/SignupModel.php(56): Yee\Libraries\Database\MysqliDB->getOne('users')
#6 /var/www/html/App/Controllers/Signup/SignupController.php(53): App\Models\SignUp\SignupModel->checkDB()
#7 [internal function]: SignupController->postFunction()
#8 /var/www/html/Yee/Managers/Controller/Controller.php(22): call_user_func_array(Array, Array)
#9 [internal function]: Yee\Managers\Controller\Controller::__callStatic('___postFunction', Array)
#10 [internal function]: SignupController::___postFunction()
#11 /var/www/html/Yee/Route.php(462): call_user_func_array('SignupControlle...', Array)
#12 /var/www/html/Yee/Yee.php(1333): Yee\Route->dispatch()
#13 /var/www/html/Yee/Middleware/Flash.php(85): Yee\Yee->call()
#14 /var/www/html/Yee/Middleware/MethodOverride.php(92): Yee\Middleware\Flash->call()
#15 /var/www/html/Yee/Middleware/PrettyExceptions.php(67): Yee\Middleware\MethodOverride->call()
#16 /var/www/html/Yee/Yee.php(1278): Yee\Middleware\PrettyExceptions->call()
#17 /var/www/html/index.php(48): Yee\Yee->execute()
#18 {main}
ERROR - 2016-07-13 12:45:35 - exception 'ErrorException' with message 'Problem preparing query (SELECT * FROM users WHERE   emailform = ?  AND username = ?  LIMIT 1) Unknown column 'emailform' in 'where clause'' in /var/www/html/Yee/Libraries/Database/MysqliDB.php:909
Stack trace:
#0 [internal function]: Yee\Yee::handleErrors(256, 'Problem prepari...', '/var/www/html/Y...', 909, Array)
#1 /var/www/html/Yee/Libraries/Database/MysqliDB.php(909): trigger_error('Problem prepari...', 256)
#2 /var/www/html/Yee/Libraries/Database/MysqliDB.php(648): Yee\Libraries\Database\MysqliDB->_prepareQuery()
#3 /var/www/html/Yee/Libraries/Database/MysqliDB.php(273): Yee\Libraries\Database\MysqliDB->_buildQuery(1)
#4 /var/www/html/Yee/Libraries/Database/MysqliDB.php(297): Yee\Libraries\Database\MysqliDB->get('users', 1, '*')
#5 /var/www/html/App/Models/SignUp/SignupModel.php(56): Yee\Libraries\Database\MysqliDB->getOne('users')
#6 /var/www/html/App/Controllers/Signup/SignupController.php(53): App\Models\SignUp\SignupModel->checkDB()
#7 [internal function]: SignupController->postFunction()
#8 /var/www/html/Yee/Managers/Controller/Controller.php(22): call_user_func_array(Array, Array)
#9 [internal function]: Yee\Managers\Controller\Controller::__callStatic('___postFunction', Array)
#10 [internal function]: SignupController::___postFunction()
#11 /var/www/html/Yee/Route.php(462): call_user_func_array('SignupControlle...', Array)
#12 /var/www/html/Yee/Yee.php(1333): Yee\Route->dispatch()
#13 /var/www/html/Yee/Middleware/Flash.php(85): Yee\Yee->call()
#14 /var/www/html/Yee/Middleware/MethodOverride.php(92): Yee\Middleware\Flash->call()
#15 /var/www/html/Yee/Middleware/PrettyExceptions.php(67): Yee\Middleware\MethodOverride->call()
#16 /var/www/html/Yee/Yee.php(1278): Yee\Middleware\PrettyExceptions->call()
#17 /var/www/html/index.php(48): Yee\Yee->execute()
#18 {main}
