ERROR - 2016-07-11 08:31:09 - exception 'ErrorException' with message 'Undefined variable: _paramValue' in /var/www/html/App/Controllers/Signup/SignupController.php:41
Stack trace:
#0 /var/www/html/App/Controllers/Signup/SignupController.php(41): Yee\Yee::handleErrors(8, 'Undefined varia...', '/var/www/html/A...', 41, Array)
#1 [internal function]: SignupController->postFunction()
#2 /var/www/html/Yee/Managers/Controller/Controller.php(22): call_user_func_array(Array, Array)
#3 [internal function]: Yee\Managers\Controller\Controller::__callStatic('___postFunction', Array)
#4 [internal function]: SignupController::___postFunction()
#5 /var/www/html/Yee/Route.php(462): call_user_func_array('SignupControlle...', Array)
#6 /var/www/html/Yee/Yee.php(1333): Yee\Route->dispatch()
#7 /var/www/html/Yee/Middleware/Flash.php(85): Yee\Yee->call()
#8 /var/www/html/Yee/Middleware/MethodOverride.php(92): Yee\Middleware\Flash->call()
#9 /var/www/html/Yee/Middleware/PrettyExceptions.php(67): Yee\Middleware\MethodOverride->call()
#10 /var/www/html/Yee/Yee.php(1278): Yee\Middleware\PrettyExceptions->call()
#11 /var/www/html/index.php(48): Yee\Yee->execute()
#12 {main}
ERROR - 2016-07-11 09:44:56 - exception 'ErrorException' with message 'Undefined variable: paramValue' in /var/www/html/App/Controllers/Signup/SignupController.php:43
Stack trace:
#0 /var/www/html/App/Controllers/Signup/SignupController.php(43): Yee\Yee::handleErrors(8, 'Undefined varia...', '/var/www/html/A...', 43, Array)
#1 [internal function]: SignupController->postFunction()
#2 /var/www/html/Yee/Managers/Controller/Controller.php(22): call_user_func_array(Array, Array)
#3 [internal function]: Yee\Managers\Controller\Controller::__callStatic('___postFunction', Array)
#4 [internal function]: SignupController::___postFunction()
#5 /var/www/html/Yee/Route.php(462): call_user_func_array('SignupControlle...', Array)
#6 /var/www/html/Yee/Yee.php(1333): Yee\Route->dispatch()
#7 /var/www/html/Yee/Middleware/Flash.php(85): Yee\Yee->call()
#8 /var/www/html/Yee/Middleware/MethodOverride.php(92): Yee\Middleware\Flash->call()
#9 /var/www/html/Yee/Middleware/PrettyExceptions.php(67): Yee\Middleware\MethodOverride->call()
#10 /var/www/html/Yee/Yee.php(1278): Yee\Middleware\PrettyExceptions->call()
#11 /var/www/html/index.php(48): Yee\Yee->execute()
#12 {main}
ERROR - 2016-07-11 09:45:47 - exception 'ErrorException' with message 'Undefined variable: paramValue' in /var/www/html/App/Controllers/Signup/SignupController.php:43
Stack trace:
#0 /var/www/html/App/Controllers/Signup/SignupController.php(43): Yee\Yee::handleErrors(8, 'Undefined varia...', '/var/www/html/A...', 43, Array)
#1 [internal function]: SignupController->postFunction()
#2 /var/www/html/Yee/Managers/Controller/Controller.php(22): call_user_func_array(Array, Array)
#3 [internal function]: Yee\Managers\Controller\Controller::__callStatic('___postFunction', Array)
#4 [internal function]: SignupController::___postFunction()
#5 /var/www/html/Yee/Route.php(462): call_user_func_array('SignupControlle...', Array)
#6 /var/www/html/Yee/Yee.php(1333): Yee\Route->dispatch()
#7 /var/www/html/Yee/Middleware/Flash.php(85): Yee\Yee->call()
#8 /var/www/html/Yee/Middleware/MethodOverride.php(92): Yee\Middleware\Flash->call()
#9 /var/www/html/Yee/Middleware/PrettyExceptions.php(67): Yee\Middleware\MethodOverride->call()
#10 /var/www/html/Yee/Yee.php(1278): Yee\Middleware\PrettyExceptions->call()
#11 /var/www/html/index.php(48): Yee\Yee->execute()
#12 {main}
ERROR - 2016-07-11 09:47:42 - exception 'ErrorException' with message 'Undefined variable: paramValue' in /var/www/html/App/Controllers/Signup/SignupController.php:47
Stack trace:
#0 /var/www/html/App/Controllers/Signup/SignupController.php(47): Yee\Yee::handleErrors(8, 'Undefined varia...', '/var/www/html/A...', 47, Array)
#1 [internal function]: SignupController->postFunction()
#2 /var/www/html/Yee/Managers/Controller/Controller.php(22): call_user_func_array(Array, Array)
#3 [internal function]: Yee\Managers\Controller\Controller::__callStatic('___postFunction', Array)
#4 [internal function]: SignupController::___postFunction()
#5 /var/www/html/Yee/Route.php(462): call_user_func_array('SignupControlle...', Array)
#6 /var/www/html/Yee/Yee.php(1333): Yee\Route->dispatch()
#7 /var/www/html/Yee/Middleware/Flash.php(85): Yee\Yee->call()
#8 /var/www/html/Yee/Middleware/MethodOverride.php(92): Yee\Middleware\Flash->call()
#9 /var/www/html/Yee/Middleware/PrettyExceptions.php(67): Yee\Middleware\MethodOverride->call()
#10 /var/www/html/Yee/Yee.php(1278): Yee\Middleware\PrettyExceptions->call()
#11 /var/www/html/index.php(48): Yee\Yee->execute()
#12 {main}
ERROR - 2016-07-11 09:50:47 - exception 'ErrorException' with message 'Undefined variable: paramValue' in /var/www/html/App/Controllers/Signup/SignupController.php:47
Stack trace:
#0 /var/www/html/App/Controllers/Signup/SignupController.php(47): Yee\Yee::handleErrors(8, 'Undefined varia...', '/var/www/html/A...', 47, Array)
#1 [internal function]: SignupController->postFunction()
#2 /var/www/html/Yee/Managers/Controller/Controller.php(22): call_user_func_array(Array, Array)
#3 [internal function]: Yee\Managers\Controller\Controller::__callStatic('___postFunction', Array)
#4 [internal function]: SignupController::___postFunction()
#5 /var/www/html/Yee/Route.php(462): call_user_func_array('SignupControlle...', Array)
#6 /var/www/html/Yee/Yee.php(1333): Yee\Route->dispatch()
#7 /var/www/html/Yee/Middleware/Flash.php(85): Yee\Yee->call()
#8 /var/www/html/Yee/Middleware/MethodOverride.php(92): Yee\Middleware\Flash->call()
#9 /var/www/html/Yee/Middleware/PrettyExceptions.php(67): Yee\Middleware\MethodOverride->call()
#10 /var/www/html/Yee/Yee.php(1278): Yee\Middleware\PrettyExceptions->call()
#11 /var/www/html/index.php(48): Yee\Yee->execute()
#12 {main}
ERROR - 2016-07-11 09:51:32 - exception 'ErrorException' with message 'Undefined variable: paramValue' in /var/www/html/App/Controllers/Signup/SignupController.php:44
Stack trace:
#0 /var/www/html/App/Controllers/Signup/SignupController.php(44): Yee\Yee::handleErrors(8, 'Undefined varia...', '/var/www/html/A...', 44, Array)
#1 [internal function]: SignupController->postFunction()
#2 /var/www/html/Yee/Managers/Controller/Controller.php(22): call_user_func_array(Array, Array)
#3 [internal function]: Yee\Managers\Controller\Controller::__callStatic('___postFunction', Array)
#4 [internal function]: SignupController::___postFunction()
#5 /var/www/html/Yee/Route.php(462): call_user_func_array('SignupControlle...', Array)
#6 /var/www/html/Yee/Yee.php(1333): Yee\Route->dispatch()
#7 /var/www/html/Yee/Middleware/Flash.php(85): Yee\Yee->call()
#8 /var/www/html/Yee/Middleware/MethodOverride.php(92): Yee\Middleware\Flash->call()
#9 /var/www/html/Yee/Middleware/PrettyExceptions.php(67): Yee\Middleware\MethodOverride->call()
#10 /var/www/html/Yee/Yee.php(1278): Yee\Middleware\PrettyExceptions->call()
#11 /var/www/html/index.php(48): Yee\Yee->execute()
#12 {main}
ERROR - 2016-07-11 09:52:51 - exception 'ErrorException' with message 'Undefined variable: aaaa' in /var/www/html/App/Controllers/Signup/SignupController.php:48
Stack trace:
#0 /var/www/html/App/Controllers/Signup/SignupController.php(48): Yee\Yee::handleErrors(8, 'Undefined varia...', '/var/www/html/A...', 48, Array)
#1 [internal function]: SignupController->postFunction()
#2 /var/www/html/Yee/Managers/Controller/Controller.php(22): call_user_func_array(Array, Array)
#3 [internal function]: Yee\Managers\Controller\Controller::__callStatic('___postFunction', Array)
#4 [internal function]: SignupController::___postFunction()
#5 /var/www/html/Yee/Route.php(462): call_user_func_array('SignupControlle...', Array)
#6 /var/www/html/Yee/Yee.php(1333): Yee\Route->dispatch()
#7 /var/www/html/Yee/Middleware/Flash.php(85): Yee\Yee->call()
#8 /var/www/html/Yee/Middleware/MethodOverride.php(92): Yee\Middleware\Flash->call()
#9 /var/www/html/Yee/Middleware/PrettyExceptions.php(67): Yee\Middleware\MethodOverride->call()
#10 /var/www/html/Yee/Yee.php(1278): Yee\Middleware\PrettyExceptions->call()
#11 /var/www/html/index.php(48): Yee\Yee->execute()
#12 {main}
ERROR - 2016-07-11 10:37:35 - exception 'ErrorException' with message 'Missing argument 2 for App\Models\SignUp\SignupModel::passCheck(), called in /var/www/html/App/Controllers/Signup/SignupController.php on line 51 and defined' in /var/www/html/App/Models/SignUp/SignupModel.php:12
Stack trace:
#0 /var/www/html/App/Models/SignUp/SignupModel.php(12): Yee\Yee::handleErrors(2, 'Missing argumen...', '/var/www/html/A...', 12, Array)
#1 /var/www/html/App/Controllers/Signup/SignupController.php(51): App\Models\SignUp\SignupModel->passCheck('123456')
#2 [internal function]: SignupController->postFunction()
#3 /var/www/html/Yee/Managers/Controller/Controller.php(22): call_user_func_array(Array, Array)
#4 [internal function]: Yee\Managers\Controller\Controller::__callStatic('___postFunction', Array)
#5 [internal function]: SignupController::___postFunction()
#6 /var/www/html/Yee/Route.php(462): call_user_func_array('SignupControlle...', Array)
#7 /var/www/html/Yee/Yee.php(1333): Yee\Route->dispatch()
#8 /var/www/html/Yee/Middleware/Flash.php(85): Yee\Yee->call()
#9 /var/www/html/Yee/Middleware/MethodOverride.php(92): Yee\Middleware\Flash->call()
#10 /var/www/html/Yee/Middleware/PrettyExceptions.php(67): Yee\Middleware\MethodOverride->call()
#11 /var/www/html/Yee/Yee.php(1278): Yee\Middleware\PrettyExceptions->call()
#12 /var/www/html/index.php(48): Yee\Yee->execute()
#13 {main}
ERROR - 2016-07-11 10:38:39 - exception 'ErrorException' with message 'Missing argument 2 for App\Models\SignUp\SignupModel::passCheck(), called in /var/www/html/App/Controllers/Signup/SignupController.php on line 51 and defined' in /var/www/html/App/Models/SignUp/SignupModel.php:12
Stack trace:
#0 /var/www/html/App/Models/SignUp/SignupModel.php(12): Yee\Yee::handleErrors(2, 'Missing argumen...', '/var/www/html/A...', 12, Array)
#1 /var/www/html/App/Controllers/Signup/SignupController.php(51): App\Models\SignUp\SignupModel->passCheck('123456')
#2 [internal function]: SignupController->postFunction()
#3 /var/www/html/Yee/Managers/Controller/Controller.php(22): call_user_func_array(Array, Array)
#4 [internal function]: Yee\Managers\Controller\Controller::__callStatic('___postFunction', Array)
#5 [internal function]: SignupController::___postFunction()
#6 /var/www/html/Yee/Route.php(462): call_user_func_array('SignupControlle...', Array)
#7 /var/www/html/Yee/Yee.php(1333): Yee\Route->dispatch()
#8 /var/www/html/Yee/Middleware/Flash.php(85): Yee\Yee->call()
#9 /var/www/html/Yee/Middleware/MethodOverride.php(92): Yee\Middleware\Flash->call()
#10 /var/www/html/Yee/Middleware/PrettyExceptions.php(67): Yee\Middleware\MethodOverride->call()
#11 /var/www/html/Yee/Yee.php(1278): Yee\Middleware\PrettyExceptions->call()
#12 /var/www/html/index.php(48): Yee\Yee->execute()
#13 {main}
ERROR - 2016-07-11 10:39:05 - exception 'ErrorException' with message 'Missing argument 2 for App\Models\SignUp\SignupModel::passCheck(), called in /var/www/html/App/Controllers/Signup/SignupController.php on line 51 and defined' in /var/www/html/App/Models/SignUp/SignupModel.php:12
Stack trace:
#0 /var/www/html/App/Models/SignUp/SignupModel.php(12): Yee\Yee::handleErrors(2, 'Missing argumen...', '/var/www/html/A...', 12, Array)
#1 /var/www/html/App/Controllers/Signup/SignupController.php(51): App\Models\SignUp\SignupModel->passCheck('123456')
#2 [internal function]: SignupController->postFunction()
#3 /var/www/html/Yee/Managers/Controller/Controller.php(22): call_user_func_array(Array, Array)
#4 [internal function]: Yee\Managers\Controller\Controller::__callStatic('___postFunction', Array)
#5 [internal function]: SignupController::___postFunction()
#6 /var/www/html/Yee/Route.php(462): call_user_func_array('SignupControlle...', Array)
#7 /var/www/html/Yee/Yee.php(1333): Yee\Route->dispatch()
#8 /var/www/html/Yee/Middleware/Flash.php(85): Yee\Yee->call()
#9 /var/www/html/Yee/Middleware/MethodOverride.php(92): Yee\Middleware\Flash->call()
#10 /var/www/html/Yee/Middleware/PrettyExceptions.php(67): Yee\Middleware\MethodOverride->call()
#11 /var/www/html/Yee/Yee.php(1278): Yee\Middleware\PrettyExceptions->call()
#12 /var/www/html/index.php(48): Yee\Yee->execute()
#13 {main}
ERROR - 2016-07-11 10:39:17 - exception 'ErrorException' with message 'Missing argument 2 for App\Models\SignUp\SignupModel::passCheck(), called in /var/www/html/App/Controllers/Signup/SignupController.php on line 51 and defined' in /var/www/html/App/Models/SignUp/SignupModel.php:12
Stack trace:
#0 /var/www/html/App/Models/SignUp/SignupModel.php(12): Yee\Yee::handleErrors(2, 'Missing argumen...', '/var/www/html/A...', 12, Array)
#1 /var/www/html/App/Controllers/Signup/SignupController.php(51): App\Models\SignUp\SignupModel->passCheck('123456')
#2 [internal function]: SignupController->postFunction()
#3 /var/www/html/Yee/Managers/Controller/Controller.php(22): call_user_func_array(Array, Array)
#4 [internal function]: Yee\Managers\Controller\Controller::__callStatic('___postFunction', Array)
#5 [internal function]: SignupController::___postFunction()
#6 /var/www/html/Yee/Route.php(462): call_user_func_array('SignupControlle...', Array)
#7 /var/www/html/Yee/Yee.php(1333): Yee\Route->dispatch()
#8 /var/www/html/Yee/Middleware/Flash.php(85): Yee\Yee->call()
#9 /var/www/html/Yee/Middleware/MethodOverride.php(92): Yee\Middleware\Flash->call()
#10 /var/www/html/Yee/Middleware/PrettyExceptions.php(67): Yee\Middleware\MethodOverride->call()
#11 /var/www/html/Yee/Yee.php(1278): Yee\Middleware\PrettyExceptions->call()
#12 /var/www/html/index.php(48): Yee\Yee->execute()
#13 {main}
ERROR - 2016-07-11 10:41:49 - exception 'ErrorException' with message 'Missing argument 2 for App\Models\SignUp\SignupModel::passCheck(), called in /var/www/html/App/Controllers/Signup/SignupController.php on line 51 and defined' in /var/www/html/App/Models/SignUp/SignupModel.php:12
Stack trace:
#0 /var/www/html/App/Models/SignUp/SignupModel.php(12): Yee\Yee::handleErrors(2, 'Missing argumen...', '/var/www/html/A...', 12, Array)
#1 /var/www/html/App/Controllers/Signup/SignupController.php(51): App\Models\SignUp\SignupModel->passCheck('123456')
#2 [internal function]: SignupController->postFunction()
#3 /var/www/html/Yee/Managers/Controller/Controller.php(22): call_user_func_array(Array, Array)
#4 [internal function]: Yee\Managers\Controller\Controller::__callStatic('___postFunction', Array)
#5 [internal function]: SignupController::___postFunction()
#6 /var/www/html/Yee/Route.php(462): call_user_func_array('SignupControlle...', Array)
#7 /var/www/html/Yee/Yee.php(1333): Yee\Route->dispatch()
#8 /var/www/html/Yee/Middleware/Flash.php(85): Yee\Yee->call()
#9 /var/www/html/Yee/Middleware/MethodOverride.php(92): Yee\Middleware\Flash->call()
#10 /var/www/html/Yee/Middleware/PrettyExceptions.php(67): Yee\Middleware\MethodOverride->call()
#11 /var/www/html/Yee/Yee.php(1278): Yee\Middleware\PrettyExceptions->call()
#12 /var/www/html/index.php(48): Yee\Yee->execute()
#13 {main}
ERROR - 2016-07-11 10:47:30 - exception 'ErrorException' with message 'Missing argument 2 for App\Models\SignUp\SignupModel::passCheck(), called in /var/www/html/App/Controllers/Signup/SignupController.php on line 51 and defined' in /var/www/html/App/Models/SignUp/SignupModel.php:12
Stack trace:
#0 /var/www/html/App/Models/SignUp/SignupModel.php(12): Yee\Yee::handleErrors(2, 'Missing argumen...', '/var/www/html/A...', 12, Array)
#1 /var/www/html/App/Controllers/Signup/SignupController.php(51): App\Models\SignUp\SignupModel->passCheck('123456')
#2 [internal function]: SignupController->postFunction()
#3 /var/www/html/Yee/Managers/Controller/Controller.php(22): call_user_func_array(Array, Array)
#4 [internal function]: Yee\Managers\Controller\Controller::__callStatic('___postFunction', Array)
#5 [internal function]: SignupController::___postFunction()
#6 /var/www/html/Yee/Route.php(462): call_user_func_array('SignupControlle...', Array)
#7 /var/www/html/Yee/Yee.php(1333): Yee\Route->dispatch()
#8 /var/www/html/Yee/Middleware/Flash.php(85): Yee\Yee->call()
#9 /var/www/html/Yee/Middleware/MethodOverride.php(92): Yee\Middleware\Flash->call()
#10 /var/www/html/Yee/Middleware/PrettyExceptions.php(67): Yee\Middleware\MethodOverride->call()
#11 /var/www/html/Yee/Yee.php(1278): Yee\Middleware\PrettyExceptions->call()
#12 /var/www/html/index.php(48): Yee\Yee->execute()
#13 {main}
ERROR - 2016-07-11 10:47:36 - exception 'ErrorException' with message 'Missing argument 2 for App\Models\SignUp\SignupModel::passCheck(), called in /var/www/html/App/Controllers/Signup/SignupController.php on line 51 and defined' in /var/www/html/App/Models/SignUp/SignupModel.php:12
Stack trace:
#0 /var/www/html/App/Models/SignUp/SignupModel.php(12): Yee\Yee::handleErrors(2, 'Missing argumen...', '/var/www/html/A...', 12, Array)
#1 /var/www/html/App/Controllers/Signup/SignupController.php(51): App\Models\SignUp\SignupModel->passCheck('123456')
#2 [internal function]: SignupController->postFunction()
#3 /var/www/html/Yee/Managers/Controller/Controller.php(22): call_user_func_array(Array, Array)
#4 [internal function]: Yee\Managers\Controller\Controller::__callStatic('___postFunction', Array)
#5 [internal function]: SignupController::___postFunction()
#6 /var/www/html/Yee/Route.php(462): call_user_func_array('SignupControlle...', Array)
#7 /var/www/html/Yee/Yee.php(1333): Yee\Route->dispatch()
#8 /var/www/html/Yee/Middleware/Flash.php(85): Yee\Yee->call()
#9 /var/www/html/Yee/Middleware/MethodOverride.php(92): Yee\Middleware\Flash->call()
#10 /var/www/html/Yee/Middleware/PrettyExceptions.php(67): Yee\Middleware\MethodOverride->call()
#11 /var/www/html/Yee/Yee.php(1278): Yee\Middleware\PrettyExceptions->call()
#12 /var/www/html/index.php(48): Yee\Yee->execute()
#13 {main}
ERROR - 2016-07-11 11:01:40 - exception 'ErrorException' with message 'Missing argument 2 for App\Models\SignUp\SignupModel::passCheck(), called in /var/www/html/App/Controllers/Signup/SignupController.php on line 51 and defined' in /var/www/html/App/Models/SignUp/SignupModel.php:12
Stack trace:
#0 /var/www/html/App/Models/SignUp/SignupModel.php(12): Yee\Yee::handleErrors(2, 'Missing argumen...', '/var/www/html/A...', 12, Array)
#1 /var/www/html/App/Controllers/Signup/SignupController.php(51): App\Models\SignUp\SignupModel->passCheck('1234562424223')
#2 [internal function]: SignupController->postFunction()
#3 /var/www/html/Yee/Managers/Controller/Controller.php(22): call_user_func_array(Array, Array)
#4 [internal function]: Yee\Managers\Controller\Controller::__callStatic('___postFunction', Array)
#5 [internal function]: SignupController::___postFunction()
#6 /var/www/html/Yee/Route.php(462): call_user_func_array('SignupControlle...', Array)
#7 /var/www/html/Yee/Yee.php(1333): Yee\Route->dispatch()
#8 /var/www/html/Yee/Middleware/Flash.php(85): Yee\Yee->call()
#9 /var/www/html/Yee/Middleware/MethodOverride.php(92): Yee\Middleware\Flash->call()
#10 /var/www/html/Yee/Middleware/PrettyExceptions.php(67): Yee\Middleware\MethodOverride->call()
#11 /var/www/html/Yee/Yee.php(1278): Yee\Middleware\PrettyExceptions->call()
#12 /var/www/html/index.php(48): Yee\Yee->execute()
#13 {main}
ERROR - 2016-07-11 11:02:09 - exception 'ErrorException' with message 'Missing argument 2 for App\Models\SignUp\SignupModel::passCheck(), called in /var/www/html/App/Controllers/Signup/SignupController.php on line 51 and defined' in /var/www/html/App/Models/SignUp/SignupModel.php:12
Stack trace:
#0 /var/www/html/App/Models/SignUp/SignupModel.php(12): Yee\Yee::handleErrors(2, 'Missing argumen...', '/var/www/html/A...', 12, Array)
#1 /var/www/html/App/Controllers/Signup/SignupController.php(51): App\Models\SignUp\SignupModel->passCheck('1234562424223')
#2 [internal function]: SignupController->postFunction()
#3 /var/www/html/Yee/Managers/Controller/Controller.php(22): call_user_func_array(Array, Array)
#4 [internal function]: Yee\Managers\Controller\Controller::__callStatic('___postFunction', Array)
#5 [internal function]: SignupController::___postFunction()
#6 /var/www/html/Yee/Route.php(462): call_user_func_array('SignupControlle...', Array)
#7 /var/www/html/Yee/Yee.php(1333): Yee\Route->dispatch()
#8 /var/www/html/Yee/Middleware/Flash.php(85): Yee\Yee->call()
#9 /var/www/html/Yee/Middleware/MethodOverride.php(92): Yee\Middleware\Flash->call()
#10 /var/www/html/Yee/Middleware/PrettyExceptions.php(67): Yee\Middleware\MethodOverride->call()
#11 /var/www/html/Yee/Yee.php(1278): Yee\Middleware\PrettyExceptions->call()
#12 /var/www/html/index.php(48): Yee\Yee->execute()
#13 {main}
ERROR - 2016-07-11 11:19:58 - exception 'ErrorException' with message 'Missing argument 2 for App\Models\SignUp\SignupModel::passCheck(), called in /var/www/html/App/Controllers/Signup/SignupController.php on line 51 and defined' in /var/www/html/App/Models/SignUp/SignupModel.php:12
Stack trace:
#0 /var/www/html/App/Models/SignUp/SignupModel.php(12): Yee\Yee::handleErrors(2, 'Missing argumen...', '/var/www/html/A...', 12, Array)
#1 /var/www/html/App/Controllers/Signup/SignupController.php(51): App\Models\SignUp\SignupModel->passCheck('1234562')
#2 [internal function]: SignupController->postFunction()
#3 /var/www/html/Yee/Managers/Controller/Controller.php(22): call_user_func_array(Array, Array)
#4 [internal function]: Yee\Managers\Controller\Controller::__callStatic('___postFunction', Array)
#5 [internal function]: SignupController::___postFunction()
#6 /var/www/html/Yee/Route.php(462): call_user_func_array('SignupControlle...', Array)
#7 /var/www/html/Yee/Yee.php(1333): Yee\Route->dispatch()
#8 /var/www/html/Yee/Middleware/Flash.php(85): Yee\Yee->call()
#9 /var/www/html/Yee/Middleware/MethodOverride.php(92): Yee\Middleware\Flash->call()
#10 /var/www/html/Yee/Middleware/PrettyExceptions.php(67): Yee\Middleware\MethodOverride->call()
#11 /var/www/html/Yee/Yee.php(1278): Yee\Middleware\PrettyExceptions->call()
#12 /var/www/html/index.php(48): Yee\Yee->execute()
#13 {main}
ERROR - 2016-07-11 11:20:09 - exception 'ErrorException' with message 'Missing argument 2 for App\Models\SignUp\SignupModel::passCheck(), called in /var/www/html/App/Controllers/Signup/SignupController.php on line 51 and defined' in /var/www/html/App/Models/SignUp/SignupModel.php:12
Stack trace:
#0 /var/www/html/App/Models/SignUp/SignupModel.php(12): Yee\Yee::handleErrors(2, 'Missing argumen...', '/var/www/html/A...', 12, Array)
#1 /var/www/html/App/Controllers/Signup/SignupController.php(51): App\Models\SignUp\SignupModel->passCheck('123456')
#2 [internal function]: SignupController->postFunction()
#3 /var/www/html/Yee/Managers/Controller/Controller.php(22): call_user_func_array(Array, Array)
#4 [internal function]: Yee\Managers\Controller\Controller::__callStatic('___postFunction', Array)
#5 [internal function]: SignupController::___postFunction()
#6 /var/www/html/Yee/Route.php(462): call_user_func_array('SignupControlle...', Array)
#7 /var/www/html/Yee/Yee.php(1333): Yee\Route->dispatch()
#8 /var/www/html/Yee/Middleware/Flash.php(85): Yee\Yee->call()
#9 /var/www/html/Yee/Middleware/MethodOverride.php(92): Yee\Middleware\Flash->call()
#10 /var/www/html/Yee/Middleware/PrettyExceptions.php(67): Yee\Middleware\MethodOverride->call()
#11 /var/www/html/Yee/Yee.php(1278): Yee\Middleware\PrettyExceptions->call()
#12 /var/www/html/index.php(48): Yee\Yee->execute()
#13 {main}
ERROR - 2016-07-11 11:22:52 - exception 'ErrorException' with message 'Use of undefined constant lenght - assumed 'lenght'' in /var/www/html/App/Models/SignUp/SignupModel.php:16
Stack trace:
#0 /var/www/html/App/Models/SignUp/SignupModel.php(16): Yee\Yee::handleErrors(8, 'Use of undefine...', '/var/www/html/A...', 16, Array)
#1 /var/www/html/App/Controllers/Signup/SignupController.php(51): App\Models\SignUp\SignupModel->passCheck('123456', '123456')
#2 [internal function]: SignupController->postFunction()
#3 /var/www/html/Yee/Managers/Controller/Controller.php(22): call_user_func_array(Array, Array)
#4 [internal function]: Yee\Managers\Controller\Controller::__callStatic('___postFunction', Array)
#5 [internal function]: SignupController::___postFunction()
#6 /var/www/html/Yee/Route.php(462): call_user_func_array('SignupControlle...', Array)
#7 /var/www/html/Yee/Yee.php(1333): Yee\Route->dispatch()
#8 /var/www/html/Yee/Middleware/Flash.php(85): Yee\Yee->call()
#9 /var/www/html/Yee/Middleware/MethodOverride.php(92): Yee\Middleware\Flash->call()
#10 /var/www/html/Yee/Middleware/PrettyExceptions.php(67): Yee\Middleware\MethodOverride->call()
#11 /var/www/html/Yee/Yee.php(1278): Yee\Middleware\PrettyExceptions->call()
#12 /var/www/html/index.php(48): Yee\Yee->execute()
#13 {main}
