ERROR - 2016-07-14 07:34:25 - exception 'ErrorException' with message 'Undefined property: App\Models\SignUp\SignupModel::$email' in /var/www/html/App/Models/SignUp/SignupModel.php:20
Stack trace:
#0 /var/www/html/App/Models/SignUp/SignupModel.php(20): Yee\Yee::handleErrors(8, 'Undefined prope...', '/var/www/html/A...', 20, Array)
#1 /var/www/html/App/Controllers/Signup/SignupController.php(74): App\Models\SignUp\SignupModel->register()
#2 [internal function]: SignupController->postFunction()
#3 /var/www/html/Yee/Managers/Controller/Controller.php(22): call_user_func_array(Array, Array)
#4 [internal function]: Yee\Managers\Controller\Controller::__callStatic('___postFunction', Array)
#5 [internal function]: SignupController::___postFunction()
#6 /var/www/html/Yee/Route.php(462): call_user_func_array('SignupControlle...', Array)
#7 /var/www/html/Yee/Yee.php(1333): Yee\Route->dispatch()
#8 /var/www/html/Yee/Middleware/Flash.php(85): Yee\Yee->call()
#9 /var/www/html/Yee/Middleware/MethodOverride.php(92): Yee\Middleware\Flash->call()
#10 /var/www/html/Yee/Middleware/PrettyExceptions.php(67): Yee\Middleware\MethodOverride->call()
#11 /var/www/html/Yee/Yee.php(1278): Yee\Middleware\PrettyExceptions->call()
#12 /var/www/html/index.php(48): Yee\Yee->execute()
#13 {main}
ERROR - 2016-07-14 07:45:38 - exception 'ErrorException' with message 'Undefined property: App\Models\SignUp\SignupModel::$email' in /var/www/html/App/Models/SignUp/SignupModel.php:20
Stack trace:
#0 /var/www/html/App/Models/SignUp/SignupModel.php(20): Yee\Yee::handleErrors(8, 'Undefined prope...', '/var/www/html/A...', 20, Array)
#1 /var/www/html/App/Controllers/Signup/SignupController.php(74): App\Models\SignUp\SignupModel->register()
#2 [internal function]: SignupController->postFunction()
#3 /var/www/html/Yee/Managers/Controller/Controller.php(22): call_user_func_array(Array, Array)
#4 [internal function]: Yee\Managers\Controller\Controller::__callStatic('___postFunction', Array)
#5 [internal function]: SignupController::___postFunction()
#6 /var/www/html/Yee/Route.php(462): call_user_func_array('SignupControlle...', Array)
#7 /var/www/html/Yee/Yee.php(1333): Yee\Route->dispatch()
#8 /var/www/html/Yee/Middleware/Flash.php(85): Yee\Yee->call()
#9 /var/www/html/Yee/Middleware/MethodOverride.php(92): Yee\Middleware\Flash->call()
#10 /var/www/html/Yee/Middleware/PrettyExceptions.php(67): Yee\Middleware\MethodOverride->call()
#11 /var/www/html/Yee/Yee.php(1278): Yee\Middleware\PrettyExceptions->call()
#12 /var/www/html/index.php(48): Yee\Yee->execute()
#13 {main}
ERROR - 2016-07-14 07:46:20 - exception 'ErrorException' with message 'Problem preparing query (INSERT into users(`username`, `password`, `active`, `signupdata`) VALUES(?, ?, ?, ?)) Unknown column 'signupdata' in 'field list'' in /var/www/html/Yee/Libraries/Database/MysqliDB.php:909
Stack trace:
#0 [internal function]: Yee\Yee::handleErrors(256, 'Problem prepari...', '/var/www/html/Y...', 909, Array)
#1 /var/www/html/Yee/Libraries/Database/MysqliDB.php(909): trigger_error('Problem prepari...', 256)
#2 /var/www/html/Yee/Libraries/Database/MysqliDB.php(648): Yee\Libraries\Database\MysqliDB->_prepareQuery()
#3 /var/www/html/Yee/Libraries/Database/MysqliDB.php(324): Yee\Libraries\Database\MysqliDB->_buildQuery(NULL, Array)
#4 /var/www/html/App/Models/SignUp/SignupModel.php(24): Yee\Libraries\Database\MysqliDB->insert('users', Array)
#5 /var/www/html/App/Controllers/Signup/SignupController.php(74): App\Models\SignUp\SignupModel->register()
#6 [internal function]: SignupController->postFunction()
#7 /var/www/html/Yee/Managers/Controller/Controller.php(22): call_user_func_array(Array, Array)
#8 [internal function]: Yee\Managers\Controller\Controller::__callStatic('___postFunction', Array)
#9 [internal function]: SignupController::___postFunction()
#10 /var/www/html/Yee/Route.php(462): call_user_func_array('SignupControlle...', Array)
#11 /var/www/html/Yee/Yee.php(1333): Yee\Route->dispatch()
#12 /var/www/html/Yee/Middleware/Flash.php(85): Yee\Yee->call()
#13 /var/www/html/Yee/Middleware/MethodOverride.php(92): Yee\Middleware\Flash->call()
#14 /var/www/html/Yee/Middleware/PrettyExceptions.php(67): Yee\Middleware\MethodOverride->call()
#15 /var/www/html/Yee/Yee.php(1278): Yee\Middleware\PrettyExceptions->call()
#16 /var/www/html/index.php(48): Yee\Yee->execute()
#17 {main}
ERROR - 2016-07-14 07:47:01 - exception 'ErrorException' with message 'Undefined property: App\Models\SignUp\SignupModel::$email' in /var/www/html/App/Models/SignUp/SignupModel.php:20
Stack trace:
#0 /var/www/html/App/Models/SignUp/SignupModel.php(20): Yee\Yee::handleErrors(8, 'Undefined prope...', '/var/www/html/A...', 20, Array)
#1 /var/www/html/App/Controllers/Signup/SignupController.php(74): App\Models\SignUp\SignupModel->register()
#2 [internal function]: SignupController->postFunction()
#3 /var/www/html/Yee/Managers/Controller/Controller.php(22): call_user_func_array(Array, Array)
#4 [internal function]: Yee\Managers\Controller\Controller::__callStatic('___postFunction', Array)
#5 [internal function]: SignupController::___postFunction()
#6 /var/www/html/Yee/Route.php(462): call_user_func_array('SignupControlle...', Array)
#7 /var/www/html/Yee/Yee.php(1333): Yee\Route->dispatch()
#8 /var/www/html/Yee/Middleware/Flash.php(85): Yee\Yee->call()
#9 /var/www/html/Yee/Middleware/MethodOverride.php(92): Yee\Middleware\Flash->call()
#10 /var/www/html/Yee/Middleware/PrettyExceptions.php(67): Yee\Middleware\MethodOverride->call()
#11 /var/www/html/Yee/Yee.php(1278): Yee\Middleware\PrettyExceptions->call()
#12 /var/www/html/index.php(48): Yee\Yee->execute()
#13 {main}
ERROR - 2016-07-14 07:47:04 - exception 'ErrorException' with message 'Undefined property: App\Models\SignUp\SignupModel::$email' in /var/www/html/App/Models/SignUp/SignupModel.php:20
Stack trace:
#0 /var/www/html/App/Models/SignUp/SignupModel.php(20): Yee\Yee::handleErrors(8, 'Undefined prope...', '/var/www/html/A...', 20, Array)
#1 /var/www/html/App/Controllers/Signup/SignupController.php(74): App\Models\SignUp\SignupModel->register()
#2 [internal function]: SignupController->postFunction()
#3 /var/www/html/Yee/Managers/Controller/Controller.php(22): call_user_func_array(Array, Array)
#4 [internal function]: Yee\Managers\Controller\Controller::__callStatic('___postFunction', Array)
#5 [internal function]: SignupController::___postFunction()
#6 /var/www/html/Yee/Route.php(462): call_user_func_array('SignupControlle...', Array)
#7 /var/www/html/Yee/Yee.php(1333): Yee\Route->dispatch()
#8 /var/www/html/Yee/Middleware/Flash.php(85): Yee\Yee->call()
#9 /var/www/html/Yee/Middleware/MethodOverride.php(92): Yee\Middleware\Flash->call()
#10 /var/www/html/Yee/Middleware/PrettyExceptions.php(67): Yee\Middleware\MethodOverride->call()
#11 /var/www/html/Yee/Yee.php(1278): Yee\Middleware\PrettyExceptions->call()
#12 /var/www/html/index.php(48): Yee\Yee->execute()
#13 {main}
ERROR - 2016-07-14 07:47:12 - exception 'ErrorException' with message 'Undefined property: App\Models\SignUp\SignupModel::$email' in /var/www/html/App/Models/SignUp/SignupModel.php:20
Stack trace:
#0 /var/www/html/App/Models/SignUp/SignupModel.php(20): Yee\Yee::handleErrors(8, 'Undefined prope...', '/var/www/html/A...', 20, Array)
#1 /var/www/html/App/Controllers/Signup/SignupController.php(74): App\Models\SignUp\SignupModel->register()
#2 [internal function]: SignupController->postFunction()
#3 /var/www/html/Yee/Managers/Controller/Controller.php(22): call_user_func_array(Array, Array)
#4 [internal function]: Yee\Managers\Controller\Controller::__callStatic('___postFunction', Array)
#5 [internal function]: SignupController::___postFunction()
#6 /var/www/html/Yee/Route.php(462): call_user_func_array('SignupControlle...', Array)
#7 /var/www/html/Yee/Yee.php(1333): Yee\Route->dispatch()
#8 /var/www/html/Yee/Middleware/Flash.php(85): Yee\Yee->call()
#9 /var/www/html/Yee/Middleware/MethodOverride.php(92): Yee\Middleware\Flash->call()
#10 /var/www/html/Yee/Middleware/PrettyExceptions.php(67): Yee\Middleware\MethodOverride->call()
#11 /var/www/html/Yee/Yee.php(1278): Yee\Middleware\PrettyExceptions->call()
#12 /var/www/html/index.php(48): Yee\Yee->execute()
#13 {main}
ERROR - 2016-07-14 07:47:29 - exception 'ErrorException' with message 'Problem preparing query (INSERT into users(`username`, `password`, `active`, `signupdata`) VALUES(?, ?, ?, ?)) Unknown column 'signupdata' in 'field list'' in /var/www/html/Yee/Libraries/Database/MysqliDB.php:909
Stack trace:
#0 [internal function]: Yee\Yee::handleErrors(256, 'Problem prepari...', '/var/www/html/Y...', 909, Array)
#1 /var/www/html/Yee/Libraries/Database/MysqliDB.php(909): trigger_error('Problem prepari...', 256)
#2 /var/www/html/Yee/Libraries/Database/MysqliDB.php(648): Yee\Libraries\Database\MysqliDB->_prepareQuery()
#3 /var/www/html/Yee/Libraries/Database/MysqliDB.php(324): Yee\Libraries\Database\MysqliDB->_buildQuery(NULL, Array)
#4 /var/www/html/App/Models/SignUp/SignupModel.php(24): Yee\Libraries\Database\MysqliDB->insert('users', Array)
#5 /var/www/html/App/Controllers/Signup/SignupController.php(74): App\Models\SignUp\SignupModel->register()
#6 [internal function]: SignupController->postFunction()
#7 /var/www/html/Yee/Managers/Controller/Controller.php(22): call_user_func_array(Array, Array)
#8 [internal function]: Yee\Managers\Controller\Controller::__callStatic('___postFunction', Array)
#9 [internal function]: SignupController::___postFunction()
#10 /var/www/html/Yee/Route.php(462): call_user_func_array('SignupControlle...', Array)
#11 /var/www/html/Yee/Yee.php(1333): Yee\Route->dispatch()
#12 /var/www/html/Yee/Middleware/Flash.php(85): Yee\Yee->call()
#13 /var/www/html/Yee/Middleware/MethodOverride.php(92): Yee\Middleware\Flash->call()
#14 /var/www/html/Yee/Middleware/PrettyExceptions.php(67): Yee\Middleware\MethodOverride->call()
#15 /var/www/html/Yee/Yee.php(1278): Yee\Middleware\PrettyExceptions->call()
#16 /var/www/html/index.php(48): Yee\Yee->execute()
#17 {main}
ERROR - 2016-07-14 07:47:30 - exception 'ErrorException' with message 'Problem preparing query (INSERT into users(`username`, `password`, `active`, `signupdata`) VALUES(?, ?, ?, ?)) Unknown column 'signupdata' in 'field list'' in /var/www/html/Yee/Libraries/Database/MysqliDB.php:909
Stack trace:
#0 [internal function]: Yee\Yee::handleErrors(256, 'Problem prepari...', '/var/www/html/Y...', 909, Array)
#1 /var/www/html/Yee/Libraries/Database/MysqliDB.php(909): trigger_error('Problem prepari...', 256)
#2 /var/www/html/Yee/Libraries/Database/MysqliDB.php(648): Yee\Libraries\Database\MysqliDB->_prepareQuery()
#3 /var/www/html/Yee/Libraries/Database/MysqliDB.php(324): Yee\Libraries\Database\MysqliDB->_buildQuery(NULL, Array)
#4 /var/www/html/App/Models/SignUp/SignupModel.php(24): Yee\Libraries\Database\MysqliDB->insert('users', Array)
#5 /var/www/html/App/Controllers/Signup/SignupController.php(74): App\Models\SignUp\SignupModel->register()
#6 [internal function]: SignupController->postFunction()
#7 /var/www/html/Yee/Managers/Controller/Controller.php(22): call_user_func_array(Array, Array)
#8 [internal function]: Yee\Managers\Controller\Controller::__callStatic('___postFunction', Array)
#9 [internal function]: SignupController::___postFunction()
#10 /var/www/html/Yee/Route.php(462): call_user_func_array('SignupControlle...', Array)
#11 /var/www/html/Yee/Yee.php(1333): Yee\Route->dispatch()
#12 /var/www/html/Yee/Middleware/Flash.php(85): Yee\Yee->call()
#13 /var/www/html/Yee/Middleware/MethodOverride.php(92): Yee\Middleware\Flash->call()
#14 /var/www/html/Yee/Middleware/PrettyExceptions.php(67): Yee\Middleware\MethodOverride->call()
#15 /var/www/html/Yee/Yee.php(1278): Yee\Middleware\PrettyExceptions->call()
#16 /var/www/html/index.php(48): Yee\Yee->execute()
#17 {main}
ERROR - 2016-07-14 07:47:38 - exception 'ErrorException' with message 'Problem preparing query (INSERT into users(`username`, `password`, `active`, `signupdata`) VALUES(?, ?, ?, ?)) Unknown column 'signupdata' in 'field list'' in /var/www/html/Yee/Libraries/Database/MysqliDB.php:909
Stack trace:
#0 [internal function]: Yee\Yee::handleErrors(256, 'Problem prepari...', '/var/www/html/Y...', 909, Array)
#1 /var/www/html/Yee/Libraries/Database/MysqliDB.php(909): trigger_error('Problem prepari...', 256)
#2 /var/www/html/Yee/Libraries/Database/MysqliDB.php(648): Yee\Libraries\Database\MysqliDB->_prepareQuery()
#3 /var/www/html/Yee/Libraries/Database/MysqliDB.php(324): Yee\Libraries\Database\MysqliDB->_buildQuery(NULL, Array)
#4 /var/www/html/App/Models/SignUp/SignupModel.php(24): Yee\Libraries\Database\MysqliDB->insert('users', Array)
#5 /var/www/html/App/Controllers/Signup/SignupController.php(74): App\Models\SignUp\SignupModel->register()
#6 [internal function]: SignupController->postFunction()
#7 /var/www/html/Yee/Managers/Controller/Controller.php(22): call_user_func_array(Array, Array)
#8 [internal function]: Yee\Managers\Controller\Controller::__callStatic('___postFunction', Array)
#9 [internal function]: SignupController::___postFunction()
#10 /var/www/html/Yee/Route.php(462): call_user_func_array('SignupControlle...', Array)
#11 /var/www/html/Yee/Yee.php(1333): Yee\Route->dispatch()
#12 /var/www/html/Yee/Middleware/Flash.php(85): Yee\Yee->call()
#13 /var/www/html/Yee/Middleware/MethodOverride.php(92): Yee\Middleware\Flash->call()
#14 /var/www/html/Yee/Middleware/PrettyExceptions.php(67): Yee\Middleware\MethodOverride->call()
#15 /var/www/html/Yee/Yee.php(1278): Yee\Middleware\PrettyExceptions->call()
#16 /var/www/html/index.php(48): Yee\Yee->execute()
#17 {main}
ERROR - 2016-07-14 07:49:34 - exception 'ErrorException' with message 'Problem preparing query (INSERT into users(`username`, `password`, `active`, `signupdata`) VALUES(?, ?, ?, ?)) Unknown column 'signupdata' in 'field list'' in /var/www/html/Yee/Libraries/Database/MysqliDB.php:909
Stack trace:
#0 [internal function]: Yee\Yee::handleErrors(256, 'Problem prepari...', '/var/www/html/Y...', 909, Array)
#1 /var/www/html/Yee/Libraries/Database/MysqliDB.php(909): trigger_error('Problem prepari...', 256)
#2 /var/www/html/Yee/Libraries/Database/MysqliDB.php(648): Yee\Libraries\Database\MysqliDB->_prepareQuery()
#3 /var/www/html/Yee/Libraries/Database/MysqliDB.php(324): Yee\Libraries\Database\MysqliDB->_buildQuery(NULL, Array)
#4 /var/www/html/App/Models/SignUp/SignupModel.php(24): Yee\Libraries\Database\MysqliDB->insert('users', Array)
#5 /var/www/html/App/Controllers/Signup/SignupController.php(74): App\Models\SignUp\SignupModel->register()
#6 [internal function]: SignupController->postFunction()
#7 /var/www/html/Yee/Managers/Controller/Controller.php(22): call_user_func_array(Array, Array)
#8 [internal function]: Yee\Managers\Controller\Controller::__callStatic('___postFunction', Array)
#9 [internal function]: SignupController::___postFunction()
#10 /var/www/html/Yee/Route.php(462): call_user_func_array('SignupControlle...', Array)
#11 /var/www/html/Yee/Yee.php(1333): Yee\Route->dispatch()
#12 /var/www/html/Yee/Middleware/Flash.php(85): Yee\Yee->call()
#13 /var/www/html/Yee/Middleware/MethodOverride.php(92): Yee\Middleware\Flash->call()
#14 /var/www/html/Yee/Middleware/PrettyExceptions.php(67): Yee\Middleware\MethodOverride->call()
#15 /var/www/html/Yee/Yee.php(1278): Yee\Middleware\PrettyExceptions->call()
#16 /var/www/html/index.php(48): Yee\Yee->execute()
#17 {main}
ERROR - 2016-07-14 08:17:54 - exception 'ErrorException' with message 'Problem preparing query (INSERT into users(`username`, `password`, `active`, `signupdata`) VALUES(?, ?, ?, ?)) Unknown column 'signupdata' in 'field list'' in /var/www/html/Yee/Libraries/Database/MysqliDB.php:909
Stack trace:
#0 [internal function]: Yee\Yee::handleErrors(256, 'Problem prepari...', '/var/www/html/Y...', 909, Array)
#1 /var/www/html/Yee/Libraries/Database/MysqliDB.php(909): trigger_error('Problem prepari...', 256)
#2 /var/www/html/Yee/Libraries/Database/MysqliDB.php(648): Yee\Libraries\Database\MysqliDB->_prepareQuery()
#3 /var/www/html/Yee/Libraries/Database/MysqliDB.php(324): Yee\Libraries\Database\MysqliDB->_buildQuery(NULL, Array)
#4 /var/www/html/App/Models/SignUp/SignupModel.php(24): Yee\Libraries\Database\MysqliDB->insert('users', Array)
#5 /var/www/html/App/Controllers/Signup/SignupController.php(74): App\Models\SignUp\SignupModel->register()
#6 [internal function]: SignupController->postFunction()
#7 /var/www/html/Yee/Managers/Controller/Controller.php(22): call_user_func_array(Array, Array)
#8 [internal function]: Yee\Managers\Controller\Controller::__callStatic('___postFunction', Array)
#9 [internal function]: SignupController::___postFunction()
#10 /var/www/html/Yee/Route.php(462): call_user_func_array('SignupControlle...', Array)
#11 /var/www/html/Yee/Yee.php(1333): Yee\Route->dispatch()
#12 /var/www/html/Yee/Middleware/Flash.php(85): Yee\Yee->call()
#13 /var/www/html/Yee/Middleware/MethodOverride.php(92): Yee\Middleware\Flash->call()
#14 /var/www/html/Yee/Middleware/PrettyExceptions.php(67): Yee\Middleware\MethodOverride->call()
#15 /var/www/html/Yee/Yee.php(1278): Yee\Middleware\PrettyExceptions->call()
#16 /var/www/html/index.php(48): Yee\Yee->execute()
#17 {main}
ERROR - 2016-07-14 08:27:06 - exception 'ErrorException' with message 'Problem preparing query (INSERT into users(`username`, `password`, `active`, `signupdata`) VALUES(?, ?, ?, ?)) Unknown column 'signupdata' in 'field list'' in /var/www/html/Yee/Libraries/Database/MysqliDB.php:909
Stack trace:
#0 [internal function]: Yee\Yee::handleErrors(256, 'Problem prepari...', '/var/www/html/Y...', 909, Array)
#1 /var/www/html/Yee/Libraries/Database/MysqliDB.php(909): trigger_error('Problem prepari...', 256)
#2 /var/www/html/Yee/Libraries/Database/MysqliDB.php(648): Yee\Libraries\Database\MysqliDB->_prepareQuery()
#3 /var/www/html/Yee/Libraries/Database/MysqliDB.php(324): Yee\Libraries\Database\MysqliDB->_buildQuery(NULL, Array)
#4 /var/www/html/App/Models/SignUp/SignupModel.php(24): Yee\Libraries\Database\MysqliDB->insert('users', Array)
#5 /var/www/html/App/Controllers/Signup/SignupController.php(81): App\Models\SignUp\SignupModel->register()
#6 [internal function]: SignupController->postFunction()
#7 /var/www/html/Yee/Managers/Controller/Controller.php(22): call_user_func_array(Array, Array)
#8 [internal function]: Yee\Managers\Controller\Controller::__callStatic('___postFunction', Array)
#9 [internal function]: SignupController::___postFunction()
#10 /var/www/html/Yee/Route.php(462): call_user_func_array('SignupControlle...', Array)
#11 /var/www/html/Yee/Yee.php(1333): Yee\Route->dispatch()
#12 /var/www/html/Yee/Middleware/Flash.php(85): Yee\Yee->call()
#13 /var/www/html/Yee/Middleware/MethodOverride.php(92): Yee\Middleware\Flash->call()
#14 /var/www/html/Yee/Middleware/PrettyExceptions.php(67): Yee\Middleware\MethodOverride->call()
#15 /var/www/html/Yee/Yee.php(1278): Yee\Middleware\PrettyExceptions->call()
#16 /var/www/html/index.php(48): Yee\Yee->execute()
#17 {main}
ERROR - 2016-07-14 08:50:52 - exception 'ErrorException' with message 'preg_match(): Compilation failed: range out of order in character class at offset 3' in /var/www/html/App/Models/SignUp/SignupModel.php:33
Stack trace:
#0 [internal function]: Yee\Yee::handleErrors(2, 'preg_match(): C...', '/var/www/html/A...', 33, Array)
#1 /var/www/html/App/Models/SignUp/SignupModel.php(33): preg_match('/[a-Za-Z0-9]/', '123456')
#2 /var/www/html/App/Controllers/Signup/SignupController.php(59): App\Models\SignUp\SignupModel->passCheck()
#3 [internal function]: SignupController->postFunction()
#4 /var/www/html/Yee/Managers/Controller/Controller.php(22): call_user_func_array(Array, Array)
#5 [internal function]: Yee\Managers\Controller\Controller::__callStatic('___postFunction', Array)
#6 [internal function]: SignupController::___postFunction()
#7 /var/www/html/Yee/Route.php(462): call_user_func_array('SignupControlle...', Array)
#8 /var/www/html/Yee/Yee.php(1333): Yee\Route->dispatch()
#9 /var/www/html/Yee/Middleware/Flash.php(85): Yee\Yee->call()
#10 /var/www/html/Yee/Middleware/MethodOverride.php(92): Yee\Middleware\Flash->call()
#11 /var/www/html/Yee/Middleware/PrettyExceptions.php(67): Yee\Middleware\MethodOverride->call()
#12 /var/www/html/Yee/Yee.php(1278): Yee\Middleware\PrettyExceptions->call()
#13 /var/www/html/index.php(48): Yee\Yee->execute()
#14 {main}
ERROR - 2016-07-14 08:51:41 - exception 'ErrorException' with message 'preg_match(): Compilation failed: range out of order in character class at offset 3' in /var/www/html/App/Models/SignUp/SignupModel.php:33
Stack trace:
#0 [internal function]: Yee\Yee::handleErrors(2, 'preg_match(): C...', '/var/www/html/A...', 33, Array)
#1 /var/www/html/App/Models/SignUp/SignupModel.php(33): preg_match('/[a-Za-Z0-9]/', '123456')
#2 /var/www/html/App/Controllers/Signup/SignupController.php(59): App\Models\SignUp\SignupModel->passCheck()
#3 [internal function]: SignupController->postFunction()
#4 /var/www/html/Yee/Managers/Controller/Controller.php(22): call_user_func_array(Array, Array)
#5 [internal function]: Yee\Managers\Controller\Controller::__callStatic('___postFunction', Array)
#6 [internal function]: SignupController::___postFunction()
#7 /var/www/html/Yee/Route.php(462): call_user_func_array('SignupControlle...', Array)
#8 /var/www/html/Yee/Yee.php(1333): Yee\Route->dispatch()
#9 /var/www/html/Yee/Middleware/Flash.php(85): Yee\Yee->call()
#10 /var/www/html/Yee/Middleware/MethodOverride.php(92): Yee\Middleware\Flash->call()
#11 /var/www/html/Yee/Middleware/PrettyExceptions.php(67): Yee\Middleware\MethodOverride->call()
#12 /var/www/html/Yee/Yee.php(1278): Yee\Middleware\PrettyExceptions->call()
#13 /var/www/html/index.php(48): Yee\Yee->execute()
#14 {main}
ERROR - 2016-07-14 08:52:27 - exception 'ErrorException' with message 'preg_match(): Compilation failed: range out of order in character class at offset 3' in /var/www/html/App/Models/SignUp/SignupModel.php:33
Stack trace:
#0 [internal function]: Yee\Yee::handleErrors(2, 'preg_match(): C...', '/var/www/html/A...', 33, Array)
#1 /var/www/html/App/Models/SignUp/SignupModel.php(33): preg_match('/[a-Za-Z0-9]/', '123456')
#2 /var/www/html/App/Controllers/Signup/SignupController.php(59): App\Models\SignUp\SignupModel->passCheck()
#3 [internal function]: SignupController->postFunction()
#4 /var/www/html/Yee/Managers/Controller/Controller.php(22): call_user_func_array(Array, Array)
#5 [internal function]: Yee\Managers\Controller\Controller::__callStatic('___postFunction', Array)
#6 [internal function]: SignupController::___postFunction()
#7 /var/www/html/Yee/Route.php(462): call_user_func_array('SignupControlle...', Array)
#8 /var/www/html/Yee/Yee.php(1333): Yee\Route->dispatch()
#9 /var/www/html/Yee/Middleware/Flash.php(85): Yee\Yee->call()
#10 /var/www/html/Yee/Middleware/MethodOverride.php(92): Yee\Middleware\Flash->call()
#11 /var/www/html/Yee/Middleware/PrettyExceptions.php(67): Yee\Middleware\MethodOverride->call()
#12 /var/www/html/Yee/Yee.php(1278): Yee\Middleware\PrettyExceptions->call()
#13 /var/www/html/index.php(48): Yee\Yee->execute()
#14 {main}
ERROR - 2016-07-14 08:52:28 - exception 'ErrorException' with message 'preg_match(): Compilation failed: range out of order in character class at offset 3' in /var/www/html/App/Models/SignUp/SignupModel.php:33
Stack trace:
#0 [internal function]: Yee\Yee::handleErrors(2, 'preg_match(): C...', '/var/www/html/A...', 33, Array)
#1 /var/www/html/App/Models/SignUp/SignupModel.php(33): preg_match('/[a-Za-Z0-9]/', '123456')
#2 /var/www/html/App/Controllers/Signup/SignupController.php(59): App\Models\SignUp\SignupModel->passCheck()
#3 [internal function]: SignupController->postFunction()
#4 /var/www/html/Yee/Managers/Controller/Controller.php(22): call_user_func_array(Array, Array)
#5 [internal function]: Yee\Managers\Controller\Controller::__callStatic('___postFunction', Array)
#6 [internal function]: SignupController::___postFunction()
#7 /var/www/html/Yee/Route.php(462): call_user_func_array('SignupControlle...', Array)
#8 /var/www/html/Yee/Yee.php(1333): Yee\Route->dispatch()
#9 /var/www/html/Yee/Middleware/Flash.php(85): Yee\Yee->call()
#10 /var/www/html/Yee/Middleware/MethodOverride.php(92): Yee\Middleware\Flash->call()
#11 /var/www/html/Yee/Middleware/PrettyExceptions.php(67): Yee\Middleware\MethodOverride->call()
#12 /var/www/html/Yee/Yee.php(1278): Yee\Middleware\PrettyExceptions->call()
#13 /var/www/html/index.php(48): Yee\Yee->execute()
#14 {main}
ERROR - 2016-07-14 08:54:30 - exception 'ErrorException' with message 'Problem preparing query (INSERT into users(`username`, `password`, `active`, `signupdata`) VALUES(?, ?, ?, ?)) Unknown column 'signupdata' in 'field list'' in /var/www/html/Yee/Libraries/Database/MysqliDB.php:909
Stack trace:
#0 [internal function]: Yee\Yee::handleErrors(256, 'Problem prepari...', '/var/www/html/Y...', 909, Array)
#1 /var/www/html/Yee/Libraries/Database/MysqliDB.php(909): trigger_error('Problem prepari...', 256)
#2 /var/www/html/Yee/Libraries/Database/MysqliDB.php(648): Yee\Libraries\Database\MysqliDB->_prepareQuery()
#3 /var/www/html/Yee/Libraries/Database/MysqliDB.php(324): Yee\Libraries\Database\MysqliDB->_buildQuery(NULL, Array)
#4 /var/www/html/App/Models/SignUp/SignupModel.php(64): Yee\Libraries\Database\MysqliDB->insert('users', Array)
#5 /var/www/html/App/Controllers/Signup/SignupController.php(81): App\Models\SignUp\SignupModel->register()
#6 [internal function]: SignupController->postFunction()
#7 /var/www/html/Yee/Managers/Controller/Controller.php(22): call_user_func_array(Array, Array)
#8 [internal function]: Yee\Managers\Controller\Controller::__callStatic('___postFunction', Array)
#9 [internal function]: SignupController::___postFunction()
#10 /var/www/html/Yee/Route.php(462): call_user_func_array('SignupControlle...', Array)
#11 /var/www/html/Yee/Yee.php(1333): Yee\Route->dispatch()
#12 /var/www/html/Yee/Middleware/Flash.php(85): Yee\Yee->call()
#13 /var/www/html/Yee/Middleware/MethodOverride.php(92): Yee\Middleware\Flash->call()
#14 /var/www/html/Yee/Middleware/PrettyExceptions.php(67): Yee\Middleware\MethodOverride->call()
#15 /var/www/html/Yee/Yee.php(1278): Yee\Middleware\PrettyExceptions->call()
#16 /var/www/html/index.php(48): Yee\Yee->execute()
#17 {main}
ERROR - 2016-07-14 08:54:38 - exception 'ErrorException' with message 'preg_match(): Compilation failed: range out of order in character class at offset 3' in /var/www/html/App/Models/SignUp/SignupModel.php:33
Stack trace:
#0 [internal function]: Yee\Yee::handleErrors(2, 'preg_match(): C...', '/var/www/html/A...', 33, Array)
#1 /var/www/html/App/Models/SignUp/SignupModel.php(33): preg_match('/[a-Za-Z0-9]/', '123456')
#2 /var/www/html/App/Controllers/Signup/SignupController.php(59): App\Models\SignUp\SignupModel->passCheck()
#3 [internal function]: SignupController->postFunction()
#4 /var/www/html/Yee/Managers/Controller/Controller.php(22): call_user_func_array(Array, Array)
#5 [internal function]: Yee\Managers\Controller\Controller::__callStatic('___postFunction', Array)
#6 [internal function]: SignupController::___postFunction()
#7 /var/www/html/Yee/Route.php(462): call_user_func_array('SignupControlle...', Array)
#8 /var/www/html/Yee/Yee.php(1333): Yee\Route->dispatch()
#9 /var/www/html/Yee/Middleware/Flash.php(85): Yee\Yee->call()
#10 /var/www/html/Yee/Middleware/MethodOverride.php(92): Yee\Middleware\Flash->call()
#11 /var/www/html/Yee/Middleware/PrettyExceptions.php(67): Yee\Middleware\MethodOverride->call()
#12 /var/www/html/Yee/Yee.php(1278): Yee\Middleware\PrettyExceptions->call()
#13 /var/www/html/index.php(48): Yee\Yee->execute()
#14 {main}
ERROR - 2016-07-14 08:54:55 - exception 'ErrorException' with message 'preg_match(): Delimiter must not be alphanumeric or backslash' in /var/www/html/App/Models/SignUp/SignupModel.php:33
Stack trace:
#0 [internal function]: Yee\Yee::handleErrors(2, 'preg_match(): D...', '/var/www/html/A...', 33, Array)
#1 /var/www/html/App/Models/SignUp/SignupModel.php(33): preg_match('\[a-Za-Z0-9]/', '123456')
#2 /var/www/html/App/Controllers/Signup/SignupController.php(59): App\Models\SignUp\SignupModel->passCheck()
#3 [internal function]: SignupController->postFunction()
#4 /var/www/html/Yee/Managers/Controller/Controller.php(22): call_user_func_array(Array, Array)
#5 [internal function]: Yee\Managers\Controller\Controller::__callStatic('___postFunction', Array)
#6 [internal function]: SignupController::___postFunction()
#7 /var/www/html/Yee/Route.php(462): call_user_func_array('SignupControlle...', Array)
#8 /var/www/html/Yee/Yee.php(1333): Yee\Route->dispatch()
#9 /var/www/html/Yee/Middleware/Flash.php(85): Yee\Yee->call()
#10 /var/www/html/Yee/Middleware/MethodOverride.php(92): Yee\Middleware\Flash->call()
#11 /var/www/html/Yee/Middleware/PrettyExceptions.php(67): Yee\Middleware\MethodOverride->call()
#12 /var/www/html/Yee/Yee.php(1278): Yee\Middleware\PrettyExceptions->call()
#13 /var/www/html/index.php(48): Yee\Yee->execute()
#14 {main}
ERROR - 2016-07-14 08:55:03 - exception 'ErrorException' with message 'preg_match(): Compilation failed: range out of order in character class at offset 3' in /var/www/html/App/Models/SignUp/SignupModel.php:33
Stack trace:
#0 [internal function]: Yee\Yee::handleErrors(2, 'preg_match(): C...', '/var/www/html/A...', 33, Array)
#1 /var/www/html/App/Models/SignUp/SignupModel.php(33): preg_match('/[a-Za-Z0-9]/', '123456')
#2 /var/www/html/App/Controllers/Signup/SignupController.php(59): App\Models\SignUp\SignupModel->passCheck()
#3 [internal function]: SignupController->postFunction()
#4 /var/www/html/Yee/Managers/Controller/Controller.php(22): call_user_func_array(Array, Array)
#5 [internal function]: Yee\Managers\Controller\Controller::__callStatic('___postFunction', Array)
#6 [internal function]: SignupController::___postFunction()
#7 /var/www/html/Yee/Route.php(462): call_user_func_array('SignupControlle...', Array)
#8 /var/www/html/Yee/Yee.php(1333): Yee\Route->dispatch()
#9 /var/www/html/Yee/Middleware/Flash.php(85): Yee\Yee->call()
#10 /var/www/html/Yee/Middleware/MethodOverride.php(92): Yee\Middleware\Flash->call()
#11 /var/www/html/Yee/Middleware/PrettyExceptions.php(67): Yee\Middleware\MethodOverride->call()
#12 /var/www/html/Yee/Yee.php(1278): Yee\Middleware\PrettyExceptions->call()
#13 /var/www/html/index.php(48): Yee\Yee->execute()
#14 {main}
ERROR - 2016-07-14 08:55:11 - exception 'ErrorException' with message 'preg_match(): Compilation failed: range out of order in character class at offset 4' in /var/www/html/App/Models/SignUp/SignupModel.php:33
Stack trace:
#0 [internal function]: Yee\Yee::handleErrors(2, 'preg_match(): C...', '/var/www/html/A...', 33, Array)
#1 /var/www/html/App/Models/SignUp/SignupModel.php(33): preg_match('/[^a-Za-Z0-9]/', '123456')
#2 /var/www/html/App/Controllers/Signup/SignupController.php(59): App\Models\SignUp\SignupModel->passCheck()
#3 [internal function]: SignupController->postFunction()
#4 /var/www/html/Yee/Managers/Controller/Controller.php(22): call_user_func_array(Array, Array)
#5 [internal function]: Yee\Managers\Controller\Controller::__callStatic('___postFunction', Array)
#6 [internal function]: SignupController::___postFunction()
#7 /var/www/html/Yee/Route.php(462): call_user_func_array('SignupControlle...', Array)
#8 /var/www/html/Yee/Yee.php(1333): Yee\Route->dispatch()
#9 /var/www/html/Yee/Middleware/Flash.php(85): Yee\Yee->call()
#10 /var/www/html/Yee/Middleware/MethodOverride.php(92): Yee\Middleware\Flash->call()
#11 /var/www/html/Yee/Middleware/PrettyExceptions.php(67): Yee\Middleware\MethodOverride->call()
#12 /var/www/html/Yee/Yee.php(1278): Yee\Middleware\PrettyExceptions->call()
#13 /var/www/html/index.php(48): Yee\Yee->execute()
#14 {main}
ERROR - 2016-07-14 08:55:22 - exception 'ErrorException' with message 'preg_match(): Compilation failed: range out of order in character class at offset 3' in /var/www/html/App/Models/SignUp/SignupModel.php:33
Stack trace:
#0 [internal function]: Yee\Yee::handleErrors(2, 'preg_match(): C...', '/var/www/html/A...', 33, Array)
#1 /var/www/html/App/Models/SignUp/SignupModel.php(33): preg_match('/[a-Za-Z0-9]/', '123456')
#2 /var/www/html/App/Controllers/Signup/SignupController.php(59): App\Models\SignUp\SignupModel->passCheck()
#3 [internal function]: SignupController->postFunction()
#4 /var/www/html/Yee/Managers/Controller/Controller.php(22): call_user_func_array(Array, Array)
#5 [internal function]: Yee\Managers\Controller\Controller::__callStatic('___postFunction', Array)
#6 [internal function]: SignupController::___postFunction()
#7 /var/www/html/Yee/Route.php(462): call_user_func_array('SignupControlle...', Array)
#8 /var/www/html/Yee/Yee.php(1333): Yee\Route->dispatch()
#9 /var/www/html/Yee/Middleware/Flash.php(85): Yee\Yee->call()
#10 /var/www/html/Yee/Middleware/MethodOverride.php(92): Yee\Middleware\Flash->call()
#11 /var/www/html/Yee/Middleware/PrettyExceptions.php(67): Yee\Middleware\MethodOverride->call()
#12 /var/www/html/Yee/Yee.php(1278): Yee\Middleware\PrettyExceptions->call()
#13 /var/www/html/index.php(48): Yee\Yee->execute()
#14 {main}
ERROR - 2016-07-14 08:55:49 - exception 'ErrorException' with message 'preg_match(): Compilation failed: range out of order in character class at offset 3' in /var/www/html/App/Models/SignUp/SignupModel.php:33
Stack trace:
#0 [internal function]: Yee\Yee::handleErrors(2, 'preg_match(): C...', '/var/www/html/A...', 33, Array)
#1 /var/www/html/App/Models/SignUp/SignupModel.php(33): preg_match('/[a-Za-Z0-9]/', '123456')
#2 /var/www/html/App/Controllers/Signup/SignupController.php(59): App\Models\SignUp\SignupModel->passCheck()
#3 [internal function]: SignupController->postFunction()
#4 /var/www/html/Yee/Managers/Controller/Controller.php(22): call_user_func_array(Array, Array)
#5 [internal function]: Yee\Managers\Controller\Controller::__callStatic('___postFunction', Array)
#6 [internal function]: SignupController::___postFunction()
#7 /var/www/html/Yee/Route.php(462): call_user_func_array('SignupControlle...', Array)
#8 /var/www/html/Yee/Yee.php(1333): Yee\Route->dispatch()
#9 /var/www/html/Yee/Middleware/Flash.php(85): Yee\Yee->call()
#10 /var/www/html/Yee/Middleware/MethodOverride.php(92): Yee\Middleware\Flash->call()
#11 /var/www/html/Yee/Middleware/PrettyExceptions.php(67): Yee\Middleware\MethodOverride->call()
#12 /var/www/html/Yee/Yee.php(1278): Yee\Middleware\PrettyExceptions->call()
#13 /var/www/html/index.php(48): Yee\Yee->execute()
#14 {main}
ERROR - 2016-07-14 08:56:38 - exception 'ErrorException' with message 'Undefined variable: pass2' in /var/www/html/App/Models/SignUp/SignupModel.php:35
Stack trace:
#0 /var/www/html/App/Models/SignUp/SignupModel.php(35): Yee\Yee::handleErrors(8, 'Undefined varia...', '/var/www/html/A...', 35, Array)
#1 /var/www/html/App/Controllers/Signup/SignupController.php(59): App\Models\SignUp\SignupModel->passCheck()
#2 [internal function]: SignupController->postFunction()
#3 /var/www/html/Yee/Managers/Controller/Controller.php(22): call_user_func_array(Array, Array)
#4 [internal function]: Yee\Managers\Controller\Controller::__callStatic('___postFunction', Array)
#5 [internal function]: SignupController::___postFunction()
#6 /var/www/html/Yee/Route.php(462): call_user_func_array('SignupControlle...', Array)
#7 /var/www/html/Yee/Yee.php(1333): Yee\Route->dispatch()
#8 /var/www/html/Yee/Middleware/Flash.php(85): Yee\Yee->call()
#9 /var/www/html/Yee/Middleware/MethodOverride.php(92): Yee\Middleware\Flash->call()
#10 /var/www/html/Yee/Middleware/PrettyExceptions.php(67): Yee\Middleware\MethodOverride->call()
#11 /var/www/html/Yee/Yee.php(1278): Yee\Middleware\PrettyExceptions->call()
#12 /var/www/html/index.php(48): Yee\Yee->execute()
#13 {main}
ERROR - 2016-07-14 08:57:07 - exception 'ErrorException' with message 'Problem preparing query (INSERT into users(`username`, `password`, `active`, `signupdata`) VALUES(?, ?, ?, ?)) Unknown column 'signupdata' in 'field list'' in /var/www/html/Yee/Libraries/Database/MysqliDB.php:909
Stack trace:
#0 [internal function]: Yee\Yee::handleErrors(256, 'Problem prepari...', '/var/www/html/Y...', 909, Array)
#1 /var/www/html/Yee/Libraries/Database/MysqliDB.php(909): trigger_error('Problem prepari...', 256)
#2 /var/www/html/Yee/Libraries/Database/MysqliDB.php(648): Yee\Libraries\Database\MysqliDB->_prepareQuery()
#3 /var/www/html/Yee/Libraries/Database/MysqliDB.php(324): Yee\Libraries\Database\MysqliDB->_buildQuery(NULL, Array)
#4 /var/www/html/App/Models/SignUp/SignupModel.php(64): Yee\Libraries\Database\MysqliDB->insert('users', Array)
#5 /var/www/html/App/Controllers/Signup/SignupController.php(81): App\Models\SignUp\SignupModel->register()
#6 [internal function]: SignupController->postFunction()
#7 /var/www/html/Yee/Managers/Controller/Controller.php(22): call_user_func_array(Array, Array)
#8 [internal function]: Yee\Managers\Controller\Controller::__callStatic('___postFunction', Array)
#9 [internal function]: SignupController::___postFunction()
#10 /var/www/html/Yee/Route.php(462): call_user_func_array('SignupControlle...', Array)
#11 /var/www/html/Yee/Yee.php(1333): Yee\Route->dispatch()
#12 /var/www/html/Yee/Middleware/Flash.php(85): Yee\Yee->call()
#13 /var/www/html/Yee/Middleware/MethodOverride.php(92): Yee\Middleware\Flash->call()
#14 /var/www/html/Yee/Middleware/PrettyExceptions.php(67): Yee\Middleware\MethodOverride->call()
#15 /var/www/html/Yee/Yee.php(1278): Yee\Middleware\PrettyExceptions->call()
#16 /var/www/html/index.php(48): Yee\Yee->execute()
#17 {main}
ERROR - 2016-07-14 09:15:46 - exception 'ErrorException' with message 'Undefined variable: email' in /var/www/html/App/Models/SignUp/SignupModel.php:17
Stack trace:
#0 /var/www/html/App/Models/SignUp/SignupModel.php(17): Yee\Yee::handleErrors(8, 'Undefined varia...', '/var/www/html/A...', 17, Array)
#1 /var/www/html/App/Controllers/Signup/SignupController.php(52): App\Models\SignUp\SignupModel->validateEmail()
#2 [internal function]: SignupController->postFunction()
#3 /var/www/html/Yee/Managers/Controller/Controller.php(22): call_user_func_array(Array, Array)
#4 [internal function]: Yee\Managers\Controller\Controller::__callStatic('___postFunction', Array)
#5 [internal function]: SignupController::___postFunction()
#6 /var/www/html/Yee/Route.php(462): call_user_func_array('SignupControlle...', Array)
#7 /var/www/html/Yee/Yee.php(1333): Yee\Route->dispatch()
#8 /var/www/html/Yee/Middleware/Flash.php(85): Yee\Yee->call()
#9 /var/www/html/Yee/Middleware/MethodOverride.php(92): Yee\Middleware\Flash->call()
#10 /var/www/html/Yee/Middleware/PrettyExceptions.php(67): Yee\Middleware\MethodOverride->call()
#11 /var/www/html/Yee/Yee.php(1278): Yee\Middleware\PrettyExceptions->call()
#12 /var/www/html/index.php(48): Yee\Yee->execute()
#13 {main}
ERROR - 2016-07-14 09:39:39 - exception 'Twig_Error_Loader' with message 'Unable to find template "mail/activation.tpl" (looked into: ./templates).' in /var/www/html/Twig/Loader/Filesystem.php:191
Stack trace:
#0 /var/www/html/Twig/Loader/Filesystem.php(138): Twig_Loader_Filesystem->findTemplate('mail/activation...')
#1 /var/www/html/Twig/Environment.php(265): Twig_Loader_Filesystem->getCacheKey('mail/activation...')
#2 /var/www/html/Twig/Environment.php(323): Twig_Environment->getTemplateClass('mail/activation...', NULL)
#3 /var/www/html/Yee/Views/Twig.php(87): Twig_Environment->loadTemplate('mail/activation...')
#4 /var/www/html/App/Libraries/Mailer/Mailer.php(27): Yee\Views\Twig->render('mail/activation...')
#5 /var/www/html/App/Controllers/Test/TestController.php(17): App\Libraries\Mailer\Mailer->buildEmail()
#6 [internal function]: TestController->testAction()
#7 /var/www/html/Yee/Managers/Controller/Controller.php(22): call_user_func_array(Array, Array)
#8 [internal function]: Yee\Managers\Controller\Controller::__callStatic('___testAction', Array)
#9 [internal function]: TestController::___testAction()
#10 /var/www/html/Yee/Route.php(462): call_user_func_array('TestController:...', Array)
#11 /var/www/html/Yee/Yee.php(1333): Yee\Route->dispatch()
#12 /var/www/html/Yee/Middleware/Flash.php(85): Yee\Yee->call()
#13 /var/www/html/Yee/Middleware/MethodOverride.php(92): Yee\Middleware\Flash->call()
#14 /var/www/html/Yee/Middleware/PrettyExceptions.php(67): Yee\Middleware\MethodOverride->call()
#15 /var/www/html/Yee/Yee.php(1278): Yee\Middleware\PrettyExceptions->call()
#16 /var/www/html/index.php(48): Yee\Yee->execute()
#17 {main}
ERROR - 2016-07-14 13:31:09 - exception 'Twig_Error_Loader' with message 'Unable to find template "emailsend/username.tpl" (looked into: ./templates).' in /var/www/html/Twig/Loader/Filesystem.php:191
Stack trace:
#0 /var/www/html/Twig/Loader/Filesystem.php(138): Twig_Loader_Filesystem->findTemplate('emailsend/usern...')
#1 /var/www/html/Twig/Environment.php(265): Twig_Loader_Filesystem->getCacheKey('emailsend/usern...')
#2 /var/www/html/Twig/Environment.php(323): Twig_Environment->getTemplateClass('emailsend/usern...', NULL)
#3 /var/www/html/Yee/Views/Twig.php(87): Twig_Environment->loadTemplate('emailsend/usern...')
#4 /var/www/html/App/Libraries/Mailer/Mailer.php(28): Yee\Views\Twig->render('emailsend/usern...')
#5 /var/www/html/App/Controllers/Signup/SignupController.php(79): App\Libraries\Mailer\Mailer->buildEmail()
#6 [internal function]: SignupController->postFunction()
#7 /var/www/html/Yee/Managers/Controller/Controller.php(22): call_user_func_array(Array, Array)
#8 [internal function]: Yee\Managers\Controller\Controller::__callStatic('___postFunction', Array)
#9 [internal function]: SignupController::___postFunction()
#10 /var/www/html/Yee/Route.php(462): call_user_func_array('SignupControlle...', Array)
#11 /var/www/html/Yee/Yee.php(1333): Yee\Route->dispatch()
#12 /var/www/html/Yee/Middleware/Flash.php(85): Yee\Yee->call()
#13 /var/www/html/Yee/Middleware/MethodOverride.php(92): Yee\Middleware\Flash->call()
#14 /var/www/html/Yee/Middleware/PrettyExceptions.php(67): Yee\Middleware\MethodOverride->call()
#15 /var/www/html/Yee/Yee.php(1278): Yee\Middleware\PrettyExceptions->call()
#16 /var/www/html/index.php(48): Yee\Yee->execute()
#17 {main}
