ERROR - 2016-07-15 10:12:13 - exception 'ErrorException' with message 'Undefined variable: signupModel' in /var/www/html/App/Controllers/Signup/SignupController.php:48
Stack trace:
#0 /var/www/html/App/Controllers/Signup/SignupController.php(48): Yee\Yee::handleErrors(8, 'Undefined varia...', '/var/www/html/A...', 48, Array)
#1 [internal function]: SignupController->postFunction()
#2 /var/www/html/Yee/Managers/Controller/Controller.php(22): call_user_func_array(Array, Array)
#3 [internal function]: Yee\Managers\Controller\Controller::__callStatic('___postFunction', Array)
#4 [internal function]: SignupController::___postFunction()
#5 /var/www/html/Yee/Route.php(462): call_user_func_array('SignupControlle...', Array)
#6 /var/www/html/Yee/Yee.php(1333): Yee\Route->dispatch()
#7 /var/www/html/Yee/Middleware/Flash.php(85): Yee\Yee->call()
#8 /var/www/html/Yee/Middleware/MethodOverride.php(92): Yee\Middleware\Flash->call()
#9 /var/www/html/Yee/Middleware/PrettyExceptions.php(67): Yee\Middleware\MethodOverride->call()
#10 /var/www/html/Yee/Yee.php(1278): Yee\Middleware\PrettyExceptions->call()
#11 /var/www/html/index.php(48): Yee\Yee->execute()
#12 {main}
ERROR - 2016-07-15 10:27:40 - exception 'Twig_Error_Loader' with message 'Unable to find template "pages/signup_succes.tpl" (looked into: ./templates).' in /var/www/html/Twig/Loader/Filesystem.php:191
Stack trace:
#0 /var/www/html/Twig/Loader/Filesystem.php(138): Twig_Loader_Filesystem->findTemplate('pages/signup_su...')
#1 /var/www/html/Twig/Environment.php(265): Twig_Loader_Filesystem->getCacheKey('pages/signup_su...')
#2 /var/www/html/Twig/Environment.php(323): Twig_Environment->getTemplateClass('pages/signup_su...', NULL)
#3 /var/www/html/Yee/Views/Twig.php(87): Twig_Environment->loadTemplate('pages/signup_su...')
#4 /var/www/html/Yee/View.php(255): Yee\Views\Twig->render('pages/signup_su...', NULL)
#5 /var/www/html/Yee/View.php(243): Yee\View->fetch('pages/signup_su...', NULL)
#6 /var/www/html/Yee/Yee.php(764): Yee\View->display('pages/signup_su...')
#7 /var/www/html/App/Controllers/Signup/SignupController.php(65): Yee\Yee->render('pages/signup_su...', Array)
#8 [internal function]: SignupController->postFunction()
#9 /var/www/html/Yee/Managers/Controller/Controller.php(22): call_user_func_array(Array, Array)
#10 [internal function]: Yee\Managers\Controller\Controller::__callStatic('___postFunction', Array)
#11 [internal function]: SignupController::___postFunction()
#12 /var/www/html/Yee/Route.php(462): call_user_func_array('SignupControlle...', Array)
#13 /var/www/html/Yee/Yee.php(1333): Yee\Route->dispatch()
#14 /var/www/html/Yee/Middleware/Flash.php(85): Yee\Yee->call()
#15 /var/www/html/Yee/Middleware/MethodOverride.php(92): Yee\Middleware\Flash->call()
#16 /var/www/html/Yee/Middleware/PrettyExceptions.php(67): Yee\Middleware\MethodOverride->call()
#17 /var/www/html/Yee/Yee.php(1278): Yee\Middleware\PrettyExceptions->call()
#18 /var/www/html/index.php(48): Yee\Yee->execute()
#19 {main}
ERROR - 2016-07-15 11:22:14 - exception 'ErrorException' with message 'Use of undefined constant usedEmail - assumed 'usedEmail'' in /var/www/html/App/Controllers/Signup/SignupController.php:60
Stack trace:
#0 /var/www/html/App/Controllers/Signup/SignupController.php(60): Yee\Yee::handleErrors(8, 'Use of undefine...', '/var/www/html/A...', 60, Array)
#1 [internal function]: SignupController->postFunction()
#2 /var/www/html/Yee/Managers/Controller/Controller.php(22): call_user_func_array(Array, Array)
#3 [internal function]: Yee\Managers\Controller\Controller::__callStatic('___postFunction', Array)
#4 [internal function]: SignupController::___postFunction()
#5 /var/www/html/Yee/Route.php(462): call_user_func_array('SignupControlle...', Array)
#6 /var/www/html/Yee/Yee.php(1333): Yee\Route->dispatch()
#7 /var/www/html/Yee/Middleware/Flash.php(85): Yee\Yee->call()
#8 /var/www/html/Yee/Middleware/MethodOverride.php(92): Yee\Middleware\Flash->call()
#9 /var/www/html/Yee/Middleware/PrettyExceptions.php(67): Yee\Middleware\MethodOverride->call()
#10 /var/www/html/Yee/Yee.php(1278): Yee\Middleware\PrettyExceptions->call()
#11 /var/www/html/index.php(48): Yee\Yee->execute()
#12 {main}
