ERROR - 2016-07-18 12:34:39 - exception 'ErrorException' with message 'Problem preparing query (SELECT * FROM users WHERE   email LIMIT 1) Unknown column 'email' in 'where clause'' in /var/www/html/Yee/Libraries/Database/MysqliDB.php:909
Stack trace:
#0 [internal function]: Yee\Yee::handleErrors(256, 'Problem prepari...', '/var/www/html/Y...', 909, Array)
#1 /var/www/html/Yee/Libraries/Database/MysqliDB.php(909): trigger_error('Problem prepari...', 256)
#2 /var/www/html/Yee/Libraries/Database/MysqliDB.php(648): Yee\Libraries\Database\MysqliDB->_prepareQuery()
#3 /var/www/html/Yee/Libraries/Database/MysqliDB.php(273): Yee\Libraries\Database\MysqliDB->_buildQuery(1)
#4 /var/www/html/Yee/Libraries/Database/MysqliDB.php(297): Yee\Libraries\Database\MysqliDB->get('users', 1, '*')
#5 /var/www/html/App/Models/AjaxModel/AjaxLoginModel.php(38): Yee\Libraries\Database\MysqliDB->getOne('users')
#6 /var/www/html/App/Models/AjaxModel/AjaxLoginModel.php(64): App\Models\AjaxModel\AjaxLoginModel->Ajax_passcheck()
#7 /var/www/html/App/Controllers/Ajax/AjaxController.php(23): App\Models\AjaxModel\AjaxLoginModel->validate()
#8 [internal function]: AjaxController->ajaxLogin()
#9 /var/www/html/Yee/Managers/Controller/Controller.php(22): call_user_func_array(Array, Array)
#10 [internal function]: Yee\Managers\Controller\Controller::__callStatic('___ajaxLogin', Array)
#11 [internal function]: AjaxController::___ajaxLogin()
#12 /var/www/html/Yee/Route.php(462): call_user_func_array('AjaxController:...', Array)
#13 /var/www/html/Yee/Yee.php(1333): Yee\Route->dispatch()
#14 /var/www/html/Yee/Middleware/Flash.php(85): Yee\Yee->call()
#15 /var/www/html/Yee/Middleware/MethodOverride.php(92): Yee\Middleware\Flash->call()
#16 /var/www/html/Yee/Middleware/PrettyExceptions.php(67): Yee\Middleware\MethodOverride->call()
#17 /var/www/html/Yee/Yee.php(1278): Yee\Middleware\PrettyExceptions->call()
#18 /var/www/html/index.php(48): Yee\Yee->execute()
#19 {main}
ERROR - 2016-07-18 12:36:25 - exception 'ErrorException' with message 'Undefined index: baseHomePageUrl' in /var/www/html/App/Controllers/Ajax/AjaxController.php:33
Stack trace:
#0 /var/www/html/App/Controllers/Ajax/AjaxController.php(33): Yee\Yee::handleErrors(8, 'Undefined index...', '/var/www/html/A...', 33, Array)
#1 [internal function]: AjaxController->ajaxLogin()
#2 /var/www/html/Yee/Managers/Controller/Controller.php(22): call_user_func_array(Array, Array)
#3 [internal function]: Yee\Managers\Controller\Controller::__callStatic('___ajaxLogin', Array)
#4 [internal function]: AjaxController::___ajaxLogin()
#5 /var/www/html/Yee/Route.php(462): call_user_func_array('AjaxController:...', Array)
#6 /var/www/html/Yee/Yee.php(1333): Yee\Route->dispatch()
#7 /var/www/html/Yee/Middleware/Flash.php(85): Yee\Yee->call()
#8 /var/www/html/Yee/Middleware/MethodOverride.php(92): Yee\Middleware\Flash->call()
#9 /var/www/html/Yee/Middleware/PrettyExceptions.php(67): Yee\Middleware\MethodOverride->call()
#10 /var/www/html/Yee/Yee.php(1278): Yee\Middleware\PrettyExceptions->call()
#11 /var/www/html/index.php(48): Yee\Yee->execute()
#12 {main}
ERROR - 2016-07-18 12:36:33 - exception 'ErrorException' with message 'Undefined index: baseHomePageUrl' in /var/www/html/App/Controllers/Ajax/AjaxController.php:33
Stack trace:
#0 /var/www/html/App/Controllers/Ajax/AjaxController.php(33): Yee\Yee::handleErrors(8, 'Undefined index...', '/var/www/html/A...', 33, Array)
#1 [internal function]: AjaxController->ajaxLogin()
#2 /var/www/html/Yee/Managers/Controller/Controller.php(22): call_user_func_array(Array, Array)
#3 [internal function]: Yee\Managers\Controller\Controller::__callStatic('___ajaxLogin', Array)
#4 [internal function]: AjaxController::___ajaxLogin()
#5 /var/www/html/Yee/Route.php(462): call_user_func_array('AjaxController:...', Array)
#6 /var/www/html/Yee/Yee.php(1333): Yee\Route->dispatch()
#7 /var/www/html/Yee/Middleware/Flash.php(85): Yee\Yee->call()
#8 /var/www/html/Yee/Middleware/MethodOverride.php(92): Yee\Middleware\Flash->call()
#9 /var/www/html/Yee/Middleware/PrettyExceptions.php(67): Yee\Middleware\MethodOverride->call()
#10 /var/www/html/Yee/Yee.php(1278): Yee\Middleware\PrettyExceptions->call()
#11 /var/www/html/index.php(48): Yee\Yee->execute()
#12 {main}
ERROR - 2016-07-18 12:36:46 - exception 'ErrorException' with message 'Undefined index: baseHomePageUrl' in /var/www/html/App/Controllers/Ajax/AjaxController.php:33
Stack trace:
#0 /var/www/html/App/Controllers/Ajax/AjaxController.php(33): Yee\Yee::handleErrors(8, 'Undefined index...', '/var/www/html/A...', 33, Array)
#1 [internal function]: AjaxController->ajaxLogin()
#2 /var/www/html/Yee/Managers/Controller/Controller.php(22): call_user_func_array(Array, Array)
#3 [internal function]: Yee\Managers\Controller\Controller::__callStatic('___ajaxLogin', Array)
#4 [internal function]: AjaxController::___ajaxLogin()
#5 /var/www/html/Yee/Route.php(462): call_user_func_array('AjaxController:...', Array)
#6 /var/www/html/Yee/Yee.php(1333): Yee\Route->dispatch()
#7 /var/www/html/Yee/Middleware/Flash.php(85): Yee\Yee->call()
#8 /var/www/html/Yee/Middleware/MethodOverride.php(92): Yee\Middleware\Flash->call()
#9 /var/www/html/Yee/Middleware/PrettyExceptions.php(67): Yee\Middleware\MethodOverride->call()
#10 /var/www/html/Yee/Yee.php(1278): Yee\Middleware\PrettyExceptions->call()
#11 /var/www/html/index.php(48): Yee\Yee->execute()
#12 {main}
ERROR - 2016-07-18 12:37:13 - exception 'ErrorException' with message 'Undefined index: baseHomePageUrl' in /var/www/html/App/Controllers/Ajax/AjaxController.php:33
Stack trace:
#0 /var/www/html/App/Controllers/Ajax/AjaxController.php(33): Yee\Yee::handleErrors(8, 'Undefined index...', '/var/www/html/A...', 33, Array)
#1 [internal function]: AjaxController->ajaxLogin()
#2 /var/www/html/Yee/Managers/Controller/Controller.php(22): call_user_func_array(Array, Array)
#3 [internal function]: Yee\Managers\Controller\Controller::__callStatic('___ajaxLogin', Array)
#4 [internal function]: AjaxController::___ajaxLogin()
#5 /var/www/html/Yee/Route.php(462): call_user_func_array('AjaxController:...', Array)
#6 /var/www/html/Yee/Yee.php(1333): Yee\Route->dispatch()
#7 /var/www/html/Yee/Middleware/Flash.php(85): Yee\Yee->call()
#8 /var/www/html/Yee/Middleware/MethodOverride.php(92): Yee\Middleware\Flash->call()
#9 /var/www/html/Yee/Middleware/PrettyExceptions.php(67): Yee\Middleware\MethodOverride->call()
#10 /var/www/html/Yee/Yee.php(1278): Yee\Middleware\PrettyExceptions->call()
#11 /var/www/html/index.php(48): Yee\Yee->execute()
#12 {main}
ERROR - 2016-07-18 12:37:26 - exception 'ErrorException' with message 'Undefined index: baseHomePageUrl' in /var/www/html/App/Controllers/Ajax/AjaxController.php:33
Stack trace:
#0 /var/www/html/App/Controllers/Ajax/AjaxController.php(33): Yee\Yee::handleErrors(8, 'Undefined index...', '/var/www/html/A...', 33, Array)
#1 [internal function]: AjaxController->ajaxLogin()
#2 /var/www/html/Yee/Managers/Controller/Controller.php(22): call_user_func_array(Array, Array)
#3 [internal function]: Yee\Managers\Controller\Controller::__callStatic('___ajaxLogin', Array)
#4 [internal function]: AjaxController::___ajaxLogin()
#5 /var/www/html/Yee/Route.php(462): call_user_func_array('AjaxController:...', Array)
#6 /var/www/html/Yee/Yee.php(1333): Yee\Route->dispatch()
#7 /var/www/html/Yee/Middleware/Flash.php(85): Yee\Yee->call()
#8 /var/www/html/Yee/Middleware/MethodOverride.php(92): Yee\Middleware\Flash->call()
#9 /var/www/html/Yee/Middleware/PrettyExceptions.php(67): Yee\Middleware\MethodOverride->call()
#10 /var/www/html/Yee/Yee.php(1278): Yee\Middleware\PrettyExceptions->call()
#11 /var/www/html/index.php(48): Yee\Yee->execute()
#12 {main}
ERROR - 2016-07-18 12:37:43 - exception 'ErrorException' with message 'Undefined index: baseHomePageUrl' in /var/www/html/App/Controllers/Ajax/AjaxController.php:33
Stack trace:
#0 /var/www/html/App/Controllers/Ajax/AjaxController.php(33): Yee\Yee::handleErrors(8, 'Undefined index...', '/var/www/html/A...', 33, Array)
#1 [internal function]: AjaxController->ajaxLogin()
#2 /var/www/html/Yee/Managers/Controller/Controller.php(22): call_user_func_array(Array, Array)
#3 [internal function]: Yee\Managers\Controller\Controller::__callStatic('___ajaxLogin', Array)
#4 [internal function]: AjaxController::___ajaxLogin()
#5 /var/www/html/Yee/Route.php(462): call_user_func_array('AjaxController:...', Array)
#6 /var/www/html/Yee/Yee.php(1333): Yee\Route->dispatch()
#7 /var/www/html/Yee/Middleware/Flash.php(85): Yee\Yee->call()
#8 /var/www/html/Yee/Middleware/MethodOverride.php(92): Yee\Middleware\Flash->call()
#9 /var/www/html/Yee/Middleware/PrettyExceptions.php(67): Yee\Middleware\MethodOverride->call()
#10 /var/www/html/Yee/Yee.php(1278): Yee\Middleware\PrettyExceptions->call()
#11 /var/www/html/index.php(48): Yee\Yee->execute()
#12 {main}
ERROR - 2016-07-18 12:38:01 - exception 'ErrorException' with message 'Undefined index: baseHomePageUrl' in /var/www/html/App/Controllers/Ajax/AjaxController.php:33
Stack trace:
#0 /var/www/html/App/Controllers/Ajax/AjaxController.php(33): Yee\Yee::handleErrors(8, 'Undefined index...', '/var/www/html/A...', 33, Array)
#1 [internal function]: AjaxController->ajaxLogin()
#2 /var/www/html/Yee/Managers/Controller/Controller.php(22): call_user_func_array(Array, Array)
#3 [internal function]: Yee\Managers\Controller\Controller::__callStatic('___ajaxLogin', Array)
#4 [internal function]: AjaxController::___ajaxLogin()
#5 /var/www/html/Yee/Route.php(462): call_user_func_array('AjaxController:...', Array)
#6 /var/www/html/Yee/Yee.php(1333): Yee\Route->dispatch()
#7 /var/www/html/Yee/Middleware/Flash.php(85): Yee\Yee->call()
#8 /var/www/html/Yee/Middleware/MethodOverride.php(92): Yee\Middleware\Flash->call()
#9 /var/www/html/Yee/Middleware/PrettyExceptions.php(67): Yee\Middleware\MethodOverride->call()
#10 /var/www/html/Yee/Yee.php(1278): Yee\Middleware\PrettyExceptions->call()
#11 /var/www/html/index.php(48): Yee\Yee->execute()
#12 {main}
ERROR - 2016-07-18 12:38:49 - exception 'ErrorException' with message 'Undefined index: localhost/' in /var/www/html/App/Controllers/Ajax/AjaxController.php:33
Stack trace:
#0 /var/www/html/App/Controllers/Ajax/AjaxController.php(33): Yee\Yee::handleErrors(8, 'Undefined index...', '/var/www/html/A...', 33, Array)
#1 [internal function]: AjaxController->ajaxLogin()
#2 /var/www/html/Yee/Managers/Controller/Controller.php(22): call_user_func_array(Array, Array)
#3 [internal function]: Yee\Managers\Controller\Controller::__callStatic('___ajaxLogin', Array)
#4 [internal function]: AjaxController::___ajaxLogin()
#5 /var/www/html/Yee/Route.php(462): call_user_func_array('AjaxController:...', Array)
#6 /var/www/html/Yee/Yee.php(1333): Yee\Route->dispatch()
#7 /var/www/html/Yee/Middleware/Flash.php(85): Yee\Yee->call()
#8 /var/www/html/Yee/Middleware/MethodOverride.php(92): Yee\Middleware\Flash->call()
#9 /var/www/html/Yee/Middleware/PrettyExceptions.php(67): Yee\Middleware\MethodOverride->call()
#10 /var/www/html/Yee/Yee.php(1278): Yee\Middleware\PrettyExceptions->call()
#11 /var/www/html/index.php(48): Yee\Yee->execute()
#12 {main}
ERROR - 2016-07-18 12:38:50 - exception 'ErrorException' with message 'Undefined index: localhost/' in /var/www/html/App/Controllers/Ajax/AjaxController.php:33
Stack trace:
#0 /var/www/html/App/Controllers/Ajax/AjaxController.php(33): Yee\Yee::handleErrors(8, 'Undefined index...', '/var/www/html/A...', 33, Array)
#1 [internal function]: AjaxController->ajaxLogin()
#2 /var/www/html/Yee/Managers/Controller/Controller.php(22): call_user_func_array(Array, Array)
#3 [internal function]: Yee\Managers\Controller\Controller::__callStatic('___ajaxLogin', Array)
#4 [internal function]: AjaxController::___ajaxLogin()
#5 /var/www/html/Yee/Route.php(462): call_user_func_array('AjaxController:...', Array)
#6 /var/www/html/Yee/Yee.php(1333): Yee\Route->dispatch()
#7 /var/www/html/Yee/Middleware/Flash.php(85): Yee\Yee->call()
#8 /var/www/html/Yee/Middleware/MethodOverride.php(92): Yee\Middleware\Flash->call()
#9 /var/www/html/Yee/Middleware/PrettyExceptions.php(67): Yee\Middleware\MethodOverride->call()
#10 /var/www/html/Yee/Yee.php(1278): Yee\Middleware\PrettyExceptions->call()
#11 /var/www/html/index.php(48): Yee\Yee->execute()
#12 {main}
ERROR - 2016-07-18 12:38:51 - exception 'ErrorException' with message 'Undefined index: localhost/' in /var/www/html/App/Controllers/Ajax/AjaxController.php:33
Stack trace:
#0 /var/www/html/App/Controllers/Ajax/AjaxController.php(33): Yee\Yee::handleErrors(8, 'Undefined index...', '/var/www/html/A...', 33, Array)
#1 [internal function]: AjaxController->ajaxLogin()
#2 /var/www/html/Yee/Managers/Controller/Controller.php(22): call_user_func_array(Array, Array)
#3 [internal function]: Yee\Managers\Controller\Controller::__callStatic('___ajaxLogin', Array)
#4 [internal function]: AjaxController::___ajaxLogin()
#5 /var/www/html/Yee/Route.php(462): call_user_func_array('AjaxController:...', Array)
#6 /var/www/html/Yee/Yee.php(1333): Yee\Route->dispatch()
#7 /var/www/html/Yee/Middleware/Flash.php(85): Yee\Yee->call()
#8 /var/www/html/Yee/Middleware/MethodOverride.php(92): Yee\Middleware\Flash->call()
#9 /var/www/html/Yee/Middleware/PrettyExceptions.php(67): Yee\Middleware\MethodOverride->call()
#10 /var/www/html/Yee/Yee.php(1278): Yee\Middleware\PrettyExceptions->call()
#11 /var/www/html/index.php(48): Yee\Yee->execute()
#12 {main}
ERROR - 2016-07-18 12:38:51 - exception 'ErrorException' with message 'Undefined index: localhost/' in /var/www/html/App/Controllers/Ajax/AjaxController.php:33
Stack trace:
#0 /var/www/html/App/Controllers/Ajax/AjaxController.php(33): Yee\Yee::handleErrors(8, 'Undefined index...', '/var/www/html/A...', 33, Array)
#1 [internal function]: AjaxController->ajaxLogin()
#2 /var/www/html/Yee/Managers/Controller/Controller.php(22): call_user_func_array(Array, Array)
#3 [internal function]: Yee\Managers\Controller\Controller::__callStatic('___ajaxLogin', Array)
#4 [internal function]: AjaxController::___ajaxLogin()
#5 /var/www/html/Yee/Route.php(462): call_user_func_array('AjaxController:...', Array)
#6 /var/www/html/Yee/Yee.php(1333): Yee\Route->dispatch()
#7 /var/www/html/Yee/Middleware/Flash.php(85): Yee\Yee->call()
#8 /var/www/html/Yee/Middleware/MethodOverride.php(92): Yee\Middleware\Flash->call()
#9 /var/www/html/Yee/Middleware/PrettyExceptions.php(67): Yee\Middleware\MethodOverride->call()
#10 /var/www/html/Yee/Yee.php(1278): Yee\Middleware\PrettyExceptions->call()
#11 /var/www/html/index.php(48): Yee\Yee->execute()
#12 {main}
ERROR - 2016-07-18 12:38:51 - exception 'ErrorException' with message 'Undefined index: localhost/' in /var/www/html/App/Controllers/Ajax/AjaxController.php:33
Stack trace:
#0 /var/www/html/App/Controllers/Ajax/AjaxController.php(33): Yee\Yee::handleErrors(8, 'Undefined index...', '/var/www/html/A...', 33, Array)
#1 [internal function]: AjaxController->ajaxLogin()
#2 /var/www/html/Yee/Managers/Controller/Controller.php(22): call_user_func_array(Array, Array)
#3 [internal function]: Yee\Managers\Controller\Controller::__callStatic('___ajaxLogin', Array)
#4 [internal function]: AjaxController::___ajaxLogin()
#5 /var/www/html/Yee/Route.php(462): call_user_func_array('AjaxController:...', Array)
#6 /var/www/html/Yee/Yee.php(1333): Yee\Route->dispatch()
#7 /var/www/html/Yee/Middleware/Flash.php(85): Yee\Yee->call()
#8 /var/www/html/Yee/Middleware/MethodOverride.php(92): Yee\Middleware\Flash->call()
#9 /var/www/html/Yee/Middleware/PrettyExceptions.php(67): Yee\Middleware\MethodOverride->call()
#10 /var/www/html/Yee/Yee.php(1278): Yee\Middleware\PrettyExceptions->call()
#11 /var/www/html/index.php(48): Yee\Yee->execute()
#12 {main}
ERROR - 2016-07-18 12:38:59 - exception 'ErrorException' with message 'Undefined index: localhost' in /var/www/html/App/Controllers/Ajax/AjaxController.php:33
Stack trace:
#0 /var/www/html/App/Controllers/Ajax/AjaxController.php(33): Yee\Yee::handleErrors(8, 'Undefined index...', '/var/www/html/A...', 33, Array)
#1 [internal function]: AjaxController->ajaxLogin()
#2 /var/www/html/Yee/Managers/Controller/Controller.php(22): call_user_func_array(Array, Array)
#3 [internal function]: Yee\Managers\Controller\Controller::__callStatic('___ajaxLogin', Array)
#4 [internal function]: AjaxController::___ajaxLogin()
#5 /var/www/html/Yee/Route.php(462): call_user_func_array('AjaxController:...', Array)
#6 /var/www/html/Yee/Yee.php(1333): Yee\Route->dispatch()
#7 /var/www/html/Yee/Middleware/Flash.php(85): Yee\Yee->call()
#8 /var/www/html/Yee/Middleware/MethodOverride.php(92): Yee\Middleware\Flash->call()
#9 /var/www/html/Yee/Middleware/PrettyExceptions.php(67): Yee\Middleware\MethodOverride->call()
#10 /var/www/html/Yee/Yee.php(1278): Yee\Middleware\PrettyExceptions->call()
#11 /var/www/html/index.php(48): Yee\Yee->execute()
#12 {main}
ERROR - 2016-07-18 12:39:41 - exception 'ErrorException' with message 'Undefined index: ' in /var/www/html/App/Controllers/Ajax/AjaxController.php:33
Stack trace:
#0 /var/www/html/App/Controllers/Ajax/AjaxController.php(33): Yee\Yee::handleErrors(8, 'Undefined index...', '/var/www/html/A...', 33, Array)
#1 [internal function]: AjaxController->ajaxLogin()
#2 /var/www/html/Yee/Managers/Controller/Controller.php(22): call_user_func_array(Array, Array)
#3 [internal function]: Yee\Managers\Controller\Controller::__callStatic('___ajaxLogin', Array)
#4 [internal function]: AjaxController::___ajaxLogin()
#5 /var/www/html/Yee/Route.php(462): call_user_func_array('AjaxController:...', Array)
#6 /var/www/html/Yee/Yee.php(1333): Yee\Route->dispatch()
#7 /var/www/html/Yee/Middleware/Flash.php(85): Yee\Yee->call()
#8 /var/www/html/Yee/Middleware/MethodOverride.php(92): Yee\Middleware\Flash->call()
#9 /var/www/html/Yee/Middleware/PrettyExceptions.php(67): Yee\Middleware\MethodOverride->call()
#10 /var/www/html/Yee/Yee.php(1278): Yee\Middleware\PrettyExceptions->call()
#11 /var/www/html/index.php(48): Yee\Yee->execute()
#12 {main}
ERROR - 2016-07-18 12:41:16 - exception 'ErrorException' with message 'Undefined index: ' in /var/www/html/App/Controllers/Ajax/AjaxController.php:33
Stack trace:
#0 /var/www/html/App/Controllers/Ajax/AjaxController.php(33): Yee\Yee::handleErrors(8, 'Undefined index...', '/var/www/html/A...', 33, Array)
#1 [internal function]: AjaxController->ajaxLogin()
#2 /var/www/html/Yee/Managers/Controller/Controller.php(22): call_user_func_array(Array, Array)
#3 [internal function]: Yee\Managers\Controller\Controller::__callStatic('___ajaxLogin', Array)
#4 [internal function]: AjaxController::___ajaxLogin()
#5 /var/www/html/Yee/Route.php(462): call_user_func_array('AjaxController:...', Array)
#6 /var/www/html/Yee/Yee.php(1333): Yee\Route->dispatch()
#7 /var/www/html/Yee/Middleware/Flash.php(85): Yee\Yee->call()
#8 /var/www/html/Yee/Middleware/MethodOverride.php(92): Yee\Middleware\Flash->call()
#9 /var/www/html/Yee/Middleware/PrettyExceptions.php(67): Yee\Middleware\MethodOverride->call()
#10 /var/www/html/Yee/Yee.php(1278): Yee\Middleware\PrettyExceptions->call()
#11 /var/www/html/index.php(48): Yee\Yee->execute()
#12 {main}
ERROR - 2016-07-18 12:41:31 - exception 'ErrorException' with message 'Undefined index: http://localhost/' in /var/www/html/App/Controllers/Ajax/AjaxController.php:33
Stack trace:
#0 /var/www/html/App/Controllers/Ajax/AjaxController.php(33): Yee\Yee::handleErrors(8, 'Undefined index...', '/var/www/html/A...', 33, Array)
#1 [internal function]: AjaxController->ajaxLogin()
#2 /var/www/html/Yee/Managers/Controller/Controller.php(22): call_user_func_array(Array, Array)
#3 [internal function]: Yee\Managers\Controller\Controller::__callStatic('___ajaxLogin', Array)
#4 [internal function]: AjaxController::___ajaxLogin()
#5 /var/www/html/Yee/Route.php(462): call_user_func_array('AjaxController:...', Array)
#6 /var/www/html/Yee/Yee.php(1333): Yee\Route->dispatch()
#7 /var/www/html/Yee/Middleware/Flash.php(85): Yee\Yee->call()
#8 /var/www/html/Yee/Middleware/MethodOverride.php(92): Yee\Middleware\Flash->call()
#9 /var/www/html/Yee/Middleware/PrettyExceptions.php(67): Yee\Middleware\MethodOverride->call()
#10 /var/www/html/Yee/Yee.php(1278): Yee\Middleware\PrettyExceptions->call()
#11 /var/www/html/index.php(48): Yee\Yee->execute()
#12 {main}
ERROR - 2016-07-18 12:41:32 - exception 'ErrorException' with message 'Undefined index: http://localhost/' in /var/www/html/App/Controllers/Ajax/AjaxController.php:33
Stack trace:
#0 /var/www/html/App/Controllers/Ajax/AjaxController.php(33): Yee\Yee::handleErrors(8, 'Undefined index...', '/var/www/html/A...', 33, Array)
#1 [internal function]: AjaxController->ajaxLogin()
#2 /var/www/html/Yee/Managers/Controller/Controller.php(22): call_user_func_array(Array, Array)
#3 [internal function]: Yee\Managers\Controller\Controller::__callStatic('___ajaxLogin', Array)
#4 [internal function]: AjaxController::___ajaxLogin()
#5 /var/www/html/Yee/Route.php(462): call_user_func_array('AjaxController:...', Array)
#6 /var/www/html/Yee/Yee.php(1333): Yee\Route->dispatch()
#7 /var/www/html/Yee/Middleware/Flash.php(85): Yee\Yee->call()
#8 /var/www/html/Yee/Middleware/MethodOverride.php(92): Yee\Middleware\Flash->call()
#9 /var/www/html/Yee/Middleware/PrettyExceptions.php(67): Yee\Middleware\MethodOverride->call()
#10 /var/www/html/Yee/Yee.php(1278): Yee\Middleware\PrettyExceptions->call()
#11 /var/www/html/index.php(48): Yee\Yee->execute()
#12 {main}
ERROR - 2016-07-18 12:41:32 - exception 'ErrorException' with message 'Undefined index: http://localhost/' in /var/www/html/App/Controllers/Ajax/AjaxController.php:33
Stack trace:
#0 /var/www/html/App/Controllers/Ajax/AjaxController.php(33): Yee\Yee::handleErrors(8, 'Undefined index...', '/var/www/html/A...', 33, Array)
#1 [internal function]: AjaxController->ajaxLogin()
#2 /var/www/html/Yee/Managers/Controller/Controller.php(22): call_user_func_array(Array, Array)
#3 [internal function]: Yee\Managers\Controller\Controller::__callStatic('___ajaxLogin', Array)
#4 [internal function]: AjaxController::___ajaxLogin()
#5 /var/www/html/Yee/Route.php(462): call_user_func_array('AjaxController:...', Array)
#6 /var/www/html/Yee/Yee.php(1333): Yee\Route->dispatch()
#7 /var/www/html/Yee/Middleware/Flash.php(85): Yee\Yee->call()
#8 /var/www/html/Yee/Middleware/MethodOverride.php(92): Yee\Middleware\Flash->call()
#9 /var/www/html/Yee/Middleware/PrettyExceptions.php(67): Yee\Middleware\MethodOverride->call()
#10 /var/www/html/Yee/Yee.php(1278): Yee\Middleware\PrettyExceptions->call()
#11 /var/www/html/index.php(48): Yee\Yee->execute()
#12 {main}
ERROR - 2016-07-18 12:41:32 - exception 'ErrorException' with message 'Undefined index: http://localhost/' in /var/www/html/App/Controllers/Ajax/AjaxController.php:33
Stack trace:
#0 /var/www/html/App/Controllers/Ajax/AjaxController.php(33): Yee\Yee::handleErrors(8, 'Undefined index...', '/var/www/html/A...', 33, Array)
#1 [internal function]: AjaxController->ajaxLogin()
#2 /var/www/html/Yee/Managers/Controller/Controller.php(22): call_user_func_array(Array, Array)
#3 [internal function]: Yee\Managers\Controller\Controller::__callStatic('___ajaxLogin', Array)
#4 [internal function]: AjaxController::___ajaxLogin()
#5 /var/www/html/Yee/Route.php(462): call_user_func_array('AjaxController:...', Array)
#6 /var/www/html/Yee/Yee.php(1333): Yee\Route->dispatch()
#7 /var/www/html/Yee/Middleware/Flash.php(85): Yee\Yee->call()
#8 /var/www/html/Yee/Middleware/MethodOverride.php(92): Yee\Middleware\Flash->call()
#9 /var/www/html/Yee/Middleware/PrettyExceptions.php(67): Yee\Middleware\MethodOverride->call()
#10 /var/www/html/Yee/Yee.php(1278): Yee\Middleware\PrettyExceptions->call()
#11 /var/www/html/index.php(48): Yee\Yee->execute()
#12 {main}
ERROR - 2016-07-18 12:41:51 - exception 'ErrorException' with message 'Undefined index: http://localhost/home' in /var/www/html/App/Controllers/Ajax/AjaxController.php:33
Stack trace:
#0 /var/www/html/App/Controllers/Ajax/AjaxController.php(33): Yee\Yee::handleErrors(8, 'Undefined index...', '/var/www/html/A...', 33, Array)
#1 [internal function]: AjaxController->ajaxLogin()
#2 /var/www/html/Yee/Managers/Controller/Controller.php(22): call_user_func_array(Array, Array)
#3 [internal function]: Yee\Managers\Controller\Controller::__callStatic('___ajaxLogin', Array)
#4 [internal function]: AjaxController::___ajaxLogin()
#5 /var/www/html/Yee/Route.php(462): call_user_func_array('AjaxController:...', Array)
#6 /var/www/html/Yee/Yee.php(1333): Yee\Route->dispatch()
#7 /var/www/html/Yee/Middleware/Flash.php(85): Yee\Yee->call()
#8 /var/www/html/Yee/Middleware/MethodOverride.php(92): Yee\Middleware\Flash->call()
#9 /var/www/html/Yee/Middleware/PrettyExceptions.php(67): Yee\Middleware\MethodOverride->call()
#10 /var/www/html/Yee/Yee.php(1278): Yee\Middleware\PrettyExceptions->call()
#11 /var/www/html/index.php(48): Yee\Yee->execute()
#12 {main}
ERROR - 2016-07-18 13:07:54 - exception 'ErrorException' with message 'Undefined variable: app' in /var/www/html/App/Models/AjaxModel/AjaxLoginModel.php:24
Stack trace:
#0 /var/www/html/App/Models/AjaxModel/AjaxLoginModel.php(24): Yee\Yee::handleErrors(8, 'Undefined varia...', '/var/www/html/A...', 24, Array)
#1 /var/www/html/App/Models/AjaxModel/AjaxLoginModel.php(64): App\Models\AjaxModel\AjaxLoginModel->Ajax_emailexist()
#2 /var/www/html/App/Controllers/Ajax/AjaxController.php(23): App\Models\AjaxModel\AjaxLoginModel->validate()
#3 [internal function]: AjaxController->ajaxLogin()
#4 /var/www/html/Yee/Managers/Controller/Controller.php(22): call_user_func_array(Array, Array)
#5 [internal function]: Yee\Managers\Controller\Controller::__callStatic('___ajaxLogin', Array)
#6 [internal function]: AjaxController::___ajaxLogin()
#7 /var/www/html/Yee/Route.php(462): call_user_func_array('AjaxController:...', Array)
#8 /var/www/html/Yee/Yee.php(1333): Yee\Route->dispatch()
#9 /var/www/html/Yee/Middleware/Flash.php(85): Yee\Yee->call()
#10 /var/www/html/Yee/Middleware/MethodOverride.php(92): Yee\Middleware\Flash->call()
#11 /var/www/html/Yee/Middleware/PrettyExceptions.php(67): Yee\Middleware\MethodOverride->call()
#12 /var/www/html/Yee/Yee.php(1278): Yee\Middleware\PrettyExceptions->call()
#13 /var/www/html/index.php(48): Yee\Yee->execute()
#14 {main}
ERROR - 2016-07-18 13:08:04 - exception 'ErrorException' with message 'Undefined variable: app' in /var/www/html/App/Models/AjaxModel/AjaxLoginModel.php:24
Stack trace:
#0 /var/www/html/App/Models/AjaxModel/AjaxLoginModel.php(24): Yee\Yee::handleErrors(8, 'Undefined varia...', '/var/www/html/A...', 24, Array)
#1 /var/www/html/App/Models/AjaxModel/AjaxLoginModel.php(64): App\Models\AjaxModel\AjaxLoginModel->Ajax_emailexist()
#2 /var/www/html/App/Controllers/Ajax/AjaxController.php(23): App\Models\AjaxModel\AjaxLoginModel->validate()
#3 [internal function]: AjaxController->ajaxLogin()
#4 /var/www/html/Yee/Managers/Controller/Controller.php(22): call_user_func_array(Array, Array)
#5 [internal function]: Yee\Managers\Controller\Controller::__callStatic('___ajaxLogin', Array)
#6 [internal function]: AjaxController::___ajaxLogin()
#7 /var/www/html/Yee/Route.php(462): call_user_func_array('AjaxController:...', Array)
#8 /var/www/html/Yee/Yee.php(1333): Yee\Route->dispatch()
#9 /var/www/html/Yee/Middleware/Flash.php(85): Yee\Yee->call()
#10 /var/www/html/Yee/Middleware/MethodOverride.php(92): Yee\Middleware\Flash->call()
#11 /var/www/html/Yee/Middleware/PrettyExceptions.php(67): Yee\Middleware\MethodOverride->call()
#12 /var/www/html/Yee/Yee.php(1278): Yee\Middleware\PrettyExceptions->call()
#13 /var/www/html/index.php(48): Yee\Yee->execute()
#14 {main}
